{"meta": {"format": 3, "version": "7.13.4", "timestamp": "2026-03-01T20:43:41.800607", "branch_coverage": false, "show_contexts": false}, "files": {"custom_components\\electrolux\\__init__.py": {"executed_lines": [4, 5, 7, 8, 12, 13, 14, 16, 17, 21, 22, 27, 28, 29, 31, 40, 41, 43, 45, 48, 50, 51, 52, 55, 57, 58, 62, 64, 67, 69, 72, 75, 76, 78, 79, 80, 81, 83, 89, 98, 100, 102, 103, 106, 108, 114, 115, 118, 119, 120, 126, 127, 128, 129, 134, 138, 144, 147, 149, 152, 154, 157, 160, 161, 162, 165, 170, 171, 172, 176, 185, 191, 192, 193, 199, 200, 201, 205, 209, 210, 213, 215, 219, 225, 229, 235, 246, 247, 255, 256, 259, 266, 277, 280, 282, 283, 285, 286, 289, 296, 298, 301, 303, 305, 306, 309, 312, 313, 316, 319, 320, 323, 324, 327, 329, 332], "summary": {"covered_lines": 116, "num_statements": 149, "percent_covered": 77.85234899328859, "percent_covered_display": "78", "missing_lines": 33, "excluded_lines": 0, "percent_statements_covered": 77.85234899328859, "percent_statements_covered_display": "78"}, "missing_lines": [9, 10, 90, 92, 93, 94, 130, 133, 177, 179, 186, 189, 236, 239, 240, 241, 242, 243, 244, 249, 250, 251, 261, 262, 268, 269, 270, 271, 274, 275, 334, 335, 336], "excluded_lines": [], "functions": {"_mask_token": {"executed_lines": [50, 51, 52], "summary": {"covered_lines": 3, "num_statements": 3, "percent_covered": 100.0, "percent_covered_display": "100", "missing_lines": 0, "excluded_lines": 0, "percent_statements_covered": 100.0, "percent_statements_covered_display": "100"}, "missing_lines": [], "excluded_lines": [], "start_line": 48}, "_validate_config": {"executed_lines": [57, 58], "summary": {"covered_lines": 2, "num_statements": 2, "percent_covered": 100.0, "percent_covered_display": "100", "missing_lines": 0, "excluded_lines": 0, "percent_statements_covered": 100.0, "percent_statements_covered_display": "100"}, "missing_lines": [], "excluded_lines": [], "start_line": 55}, "async_setup": {"executed_lines": [64], "summary": {"covered_lines": 1, "num_statements": 1, "percent_covered": 100.0, "percent_covered_display": "100", "missing_lines": 0, "excluded_lines": 0, "percent_statements_covered": 100.0, "percent_statements_covered_display": "100"}, "missing_lines": [], "excluded_lines": [], "start_line": 62}, "async_setup_entry": {"executed_lines": [69, 72, 75, 76, 78, 79, 80, 81, 83, 89, 98, 100, 102, 103, 106, 108, 114, 115, 118, 119, 120, 126, 127, 128, 129, 134, 138, 144, 147, 149, 152, 154, 157, 160, 161, 162, 165, 170, 171, 172, 176, 185, 191, 192, 193, 199, 200, 201, 205, 209, 255, 256, 259, 266, 277, 280, 282, 283, 285, 286], "summary": {"covered_lines": 60, "num_statements": 72, "percent_covered": 83.33333333333333, "percent_covered_display": "83", "missing_lines": 12, "excluded_lines": 0, "percent_statements_covered": 83.33333333333333, "percent_statements_covered_display": "83"}, "missing_lines": [90, 92, 93, 94, 130, 133, 177, 179, 186, 189, 261, 262], "excluded_lines": [], "start_line": 67}, "async_setup_entry.start_background_tasks": {"executed_lines": [210, 213, 215, 219, 225, 229, 235, 246, 247], "summary": {"covered_lines": 9, "num_statements": 12, "percent_covered": 75.0, "percent_covered_display": "75", "missing_lines": 3, "excluded_lines": 0, "percent_statements_covered": 75.0, "percent_statements_covered_display": "75"}, "missing_lines": [249, 250, 251], "excluded_lines": [], "start_line": 209}, "async_setup_entry.start_background_tasks.cleanup_tasks": {"executed_lines": [], "summary": {"covered_lines": 0, "num_statements": 7, "percent_covered": 0.0, "percent_covered_display": "0", "missing_lines": 7, "excluded_lines": 0, "percent_statements_covered": 0.0, "percent_statements_covered_display": "0"}, "missing_lines": [236, 239, 240, 241, 242, 243, 244], "excluded_lines": [], "start_line": 235}, "async_setup_entry._close_coordinator": {"executed_lines": [], "summary": {"covered_lines": 0, "num_statements": 6, "percent_covered": 0.0, "percent_covered_display": "0", "missing_lines": 6, "excluded_lines": 0, "percent_statements_covered": 0.0, "percent_statements_covered_display": "0"}, "missing_lines": [268, 269, 270, 271, 274, 275], "excluded_lines": [], "start_line": 266}, "update_listener": {"executed_lines": [296, 298, 301, 303, 305, 306, 309, 312, 313], "summary": {"covered_lines": 9, "num_statements": 9, "percent_covered": 100.0, "percent_covered_display": "100", "missing_lines": 0, "excluded_lines": 0, "percent_statements_covered": 100.0, "percent_statements_covered_display": "100"}, "missing_lines": [], "excluded_lines": [], "start_line": 289}, "async_unload_entry": {"executed_lines": [319, 320, 323, 324, 327, 329], "summary": {"covered_lines": 6, "num_statements": 6, "percent_covered": 100.0, "percent_covered_display": "100", "missing_lines": 0, "excluded_lines": 0, "percent_statements_covered": 100.0, "percent_statements_covered_display": "100"}, "missing_lines": [], "excluded_lines": [], "start_line": 316}, "async_reload_entry": {"executed_lines": [], "summary": {"covered_lines": 0, "num_statements": 3, "percent_covered": 0.0, "percent_covered_display": "0", "missing_lines": 3, "excluded_lines": 0, "percent_statements_covered": 0.0, "percent_statements_covered_display": "0"}, "missing_lines": [334, 335, 336], "excluded_lines": [], "start_line": 332}, "": {"executed_lines": [4, 5, 7, 8, 12, 13, 14, 16, 17, 21, 22, 27, 28, 29, 31, 40, 41, 43, 45, 48, 55, 62, 67, 289, 316, 332], "summary": {"covered_lines": 26, "num_statements": 28, "percent_covered": 92.85714285714286, "percent_covered_display": "93", "missing_lines": 2, "excluded_lines": 0, "percent_statements_covered": 92.85714285714286, "percent_statements_covered_display": "93"}, "missing_lines": [9, 10], "excluded_lines": [], "start_line": 1}}, "classes": {"": {"executed_lines": [4, 5, 7, 8, 12, 13, 14, 16, 17, 21, 22, 27, 28, 29, 31, 40, 41, 43, 45, 48, 50, 51, 52, 55, 57, 58, 62, 64, 67, 69, 72, 75, 76, 78, 79, 80, 81, 83, 89, 98, 100, 102, 103, 106, 108, 114, 115, 118, 119, 120, 126, 127, 128, 129, 134, 138, 144, 147, 149, 152, 154, 157, 160, 161, 162, 165, 170, 171, 172, 176, 185, 191, 192, 193, 199, 200, 201, 205, 209, 210, 213, 215, 219, 225, 229, 235, 246, 247, 255, 256, 259, 266, 277, 280, 282, 283, 285, 286, 289, 296, 298, 301, 303, 305, 306, 309, 312, 313, 316, 319, 320, 323, 324, 327, 329, 332], "summary": {"covered_lines": 116, "num_statements": 149, "percent_covered": 77.85234899328859, "percent_covered_display": "78", "missing_lines": 33, "excluded_lines": 0, "percent_statements_covered": 77.85234899328859, "percent_statements_covered_display": "78"}, "missing_lines": [9, 10, 90, 92, 93, 94, 130, 133, 177, 179, 186, 189, 236, 239, 240, 241, 242, 243, 244, 249, 250, 251, 261, 262, 268, 269, 270, 271, 274, 275, 334, 335, 336], "excluded_lines": [], "start_line": 1}}}, "custom_components\\electrolux\\api.py": {"executed_lines": [3, 5, 6, 7, 9, 10, 11, 13, 24, 26, 29, 32, 33, 34, 35, 36, 37, 40, 44, 45, 46, 47, 49, 50, 53, 56, 57, 58, 59, 60, 62, 71, 72, 73, 74, 75, 77, 78, 82, 86, 93, 136, 146, 153, 161, 184, 197, 214, 297, 299, 300, 301, 307, 308, 309, 310, 311, 313, 314, 315, 317, 319, 320, 321, 323, 324, 325, 330, 334], "summary": {"covered_lines": 69, "num_statements": 189, "percent_covered": 36.507936507936506, "percent_covered_display": "37", "missing_lines": 120, "excluded_lines": 0, "percent_statements_covered": 36.507936507936506, "percent_statements_covered_display": "37"}, "missing_lines": [80, 84, 88, 89, 90, 91, 95, 96, 97, 98, 99, 100, 101, 102, 103, 104, 105, 107, 108, 109, 110, 112, 120, 121, 122, 123, 125, 126, 128, 129, 130, 131, 133, 134, 141, 142, 144, 151, 159, 166, 167, 169, 170, 172, 173, 175, 176, 177, 178, 179, 180, 182, 186, 187, 188, 190, 191, 192, 193, 194, 195, 201, 202, 203, 205, 206, 207, 208, 209, 210, 211, 212, 217, 218, 219, 222, 223, 224, 227, 228, 229, 232, 237, 240, 241, 247, 248, 249, 250, 251, 255, 257, 258, 259, 260, 261, 262, 263, 264, 265, 266, 267, 268, 269, 270, 271, 275, 276, 277, 278, 279, 280, 286, 287, 288, 289, 295, 312, 331, 332], "excluded_lines": [], "functions": {"deep_merge_dicts": {"executed_lines": [44, 45, 46, 47, 49, 50], "summary": {"covered_lines": 6, "num_statements": 6, "percent_covered": 100.0, "percent_covered_display": "100", "missing_lines": 0, "excluded_lines": 0, "percent_statements_covered": 100.0, "percent_statements_covered_display": "100"}, "missing_lines": [], "excluded_lines": [], "start_line": 40}, "ElectroluxLibraryEntity.__init__": {"executed_lines": [71, 72, 73, 74, 75], "summary": {"covered_lines": 5, "num_statements": 5, "percent_covered": 100.0, "percent_covered_display": "100", "missing_lines": 0, "excluded_lines": 0, "percent_statements_covered": 100.0, "percent_statements_covered_display": "100"}, "missing_lines": [], "excluded_lines": [], "start_line": 62}, "ElectroluxLibraryEntity.reported_state": {"executed_lines": [], "summary": {"covered_lines": 0, "num_statements": 1, "percent_covered": 0.0, "percent_covered_display": "0", "missing_lines": 1, "excluded_lines": 0, "percent_statements_covered": 0.0, "percent_statements_covered_display": "0"}, "missing_lines": [80], "excluded_lines": [], "start_line": 78}, "ElectroluxLibraryEntity.get_name": {"executed_lines": [], "summary": {"covered_lines": 0, "num_statements": 1, "percent_covered": 0.0, "percent_covered_display": "0", "missing_lines": 1, "excluded_lines": 0, "percent_statements_covered": 0.0, "percent_statements_covered_display": "0"}, "missing_lines": [84], "excluded_lines": [], "start_line": 82}, "ElectroluxLibraryEntity.get_value": {"executed_lines": [], "summary": {"covered_lines": 0, "num_statements": 4, "percent_covered": 0.0, "percent_covered_display": "0", "missing_lines": 4, "excluded_lines": 0, "percent_statements_covered": 0.0, "percent_statements_covered_display": "0"}, "missing_lines": [88, 89, 90, 91], "excluded_lines": [], "start_line": 86}, "ElectroluxLibraryEntity.get_sensor_name": {"executed_lines": [], "summary": {"covered_lines": 0, "num_statements": 28, "percent_covered": 0.0, "percent_covered_display": "0", "missing_lines": 28, "excluded_lines": 0, "percent_statements_covered": 0.0, "percent_statements_covered_display": "0"}, "missing_lines": [95, 96, 97, 98, 99, 100, 101, 102, 103, 104, 105, 107, 108, 109, 110, 112, 120, 121, 122, 123, 125, 126, 128, 129, 130, 131, 133, 134], "excluded_lines": [], "start_line": 93}, "ElectroluxLibraryEntity.get_entity_name": {"executed_lines": [], "summary": {"covered_lines": 0, "num_statements": 3, "percent_covered": 0.0, "percent_covered_display": "0", "missing_lines": 3, "excluded_lines": 0, "percent_statements_covered": 0.0, "percent_statements_covered_display": "0"}, "missing_lines": [141, 142, 144], "excluded_lines": [], "start_line": 136}, "ElectroluxLibraryEntity.get_entity_attr": {"executed_lines": [], "summary": {"covered_lines": 0, "num_statements": 1, "percent_covered": 0.0, "percent_covered_display": "0", "missing_lines": 1, "excluded_lines": 0, "percent_statements_covered": 0.0, "percent_statements_covered_display": "0"}, "missing_lines": [151], "excluded_lines": [], "start_line": 146}, "ElectroluxLibraryEntity.get_category": {"executed_lines": [], "summary": {"covered_lines": 0, "num_statements": 1, "percent_covered": 0.0, "percent_covered_display": "0", "missing_lines": 1, "excluded_lines": 0, "percent_statements_covered": 0.0, "percent_statements_covered_display": "0"}, "missing_lines": [159], "excluded_lines": [], "start_line": 153}, "ElectroluxLibraryEntity.get_capability": {"executed_lines": [], "summary": {"covered_lines": 0, "num_statements": 13, "percent_covered": 0.0, "percent_covered_display": "0", "missing_lines": 13, "excluded_lines": 0, "percent_statements_covered": 0.0, "percent_statements_covered_display": "0"}, "missing_lines": [166, 167, 169, 170, 172, 173, 175, 176, 177, 178, 179, 180, 182], "excluded_lines": [], "start_line": 161}, "ElectroluxLibraryEntity.get_entity_unit": {"executed_lines": [], "summary": {"covered_lines": 0, "num_statements": 9, "percent_covered": 0.0, "percent_covered_display": "0", "missing_lines": 9, "excluded_lines": 0, "percent_statements_covered": 0.0, "percent_statements_covered_display": "0"}, "missing_lines": [186, 187, 188, 190, 191, 192, 193, 194, 195], "excluded_lines": [], "start_line": 184}, "ElectroluxLibraryEntity.get_entity_device_class": {"executed_lines": [], "summary": {"covered_lines": 0, "num_statements": 11, "percent_covered": 0.0, "percent_covered_display": "0", "missing_lines": 11, "excluded_lines": 0, "percent_statements_covered": 0.0, "percent_statements_covered_display": "0"}, "missing_lines": [201, 202, 203, 205, 206, 207, 208, 209, 210, 211, 212], "excluded_lines": [], "start_line": 197}, "ElectroluxLibraryEntity.get_entity_type": {"executed_lines": [], "summary": {"covered_lines": 0, "num_statements": 45, "percent_covered": 0.0, "percent_covered_display": "0", "missing_lines": 45, "excluded_lines": 0, "percent_statements_covered": 0.0, "percent_statements_covered_display": "0"}, "missing_lines": [217, 218, 219, 222, 223, 224, 227, 228, 229, 232, 237, 240, 241, 247, 248, 249, 250, 251, 255, 257, 258, 259, 260, 261, 262, 263, 264, 265, 266, 267, 268, 269, 270, 271, 275, 276, 277, 278, 279, 280, 286, 287, 288, 289, 295], "excluded_lines": [], "start_line": 214}, "ElectroluxLibraryEntity.sources_list": {"executed_lines": [299, 300, 301, 307, 317, 319, 320, 321, 323, 324, 325, 330, 334], "summary": {"covered_lines": 13, "num_statements": 15, "percent_covered": 86.66666666666667, "percent_covered_display": "87", "missing_lines": 2, "excluded_lines": 0, "percent_statements_covered": 86.66666666666667, "percent_statements_covered_display": "87"}, "missing_lines": [331, 332], "excluded_lines": [], "start_line": 297}, "ElectroluxLibraryEntity.sources_list.keep_source": {"executed_lines": [308, 309, 310, 311, 313, 314, 315], "summary": {"covered_lines": 7, "num_statements": 8, "percent_covered": 87.5, "percent_covered_display": "88", "missing_lines": 1, "excluded_lines": 0, "percent_statements_covered": 87.5, "percent_statements_covered_display": "88"}, "missing_lines": [312], "excluded_lines": [], "start_line": 307}, "": {"executed_lines": [3, 5, 6, 7, 9, 10, 11, 13, 24, 26, 29, 32, 33, 34, 35, 36, 37, 40, 53, 56, 57, 58, 59, 60, 62, 77, 78, 82, 86, 93, 136, 146, 153, 161, 184, 197, 214, 297], "summary": {"covered_lines": 38, "num_statements": 38, "percent_covered": 100.0, "percent_covered_display": "100", "missing_lines": 0, "excluded_lines": 0, "percent_statements_covered": 100.0, "percent_statements_covered_display": "100"}, "missing_lines": [], "excluded_lines": [], "start_line": 1}}, "classes": {"UserInput": {"executed_lines": [], "summary": {"covered_lines": 0, "num_statements": 0, "percent_covered": 100.0, "percent_covered_display": "100", "missing_lines": 0, "excluded_lines": 0, "percent_statements_covered": 100.0, "percent_statements_covered_display": "100"}, "missing_lines": [], "excluded_lines": [], "start_line": 29}, "ElectroluxLibraryEntity": {"executed_lines": [71, 72, 73, 74, 75, 299, 300, 301, 307, 308, 309, 310, 311, 313, 314, 315, 317, 319, 320, 321, 323, 324, 325, 330, 334], "summary": {"covered_lines": 25, "num_statements": 145, "percent_covered": 17.24137931034483, "percent_covered_display": "17", "missing_lines": 120, "excluded_lines": 0, "percent_statements_covered": 17.24137931034483, "percent_statements_covered_display": "17"}, "missing_lines": [80, 84, 88, 89, 90, 91, 95, 96, 97, 98, 99, 100, 101, 102, 103, 104, 105, 107, 108, 109, 110, 112, 120, 121, 122, 123, 125, 126, 128, 129, 130, 131, 133, 134, 141, 142, 144, 151, 159, 166, 167, 169, 170, 172, 173, 175, 176, 177, 178, 179, 180, 182, 186, 187, 188, 190, 191, 192, 193, 194, 195, 201, 202, 203, 205, 206, 207, 208, 209, 210, 211, 212, 217, 218, 219, 222, 223, 224, 227, 228, 229, 232, 237, 240, 241, 247, 248, 249, 250, 251, 255, 257, 258, 259, 260, 261, 262, 263, 264, 265, 266, 267, 268, 269, 270, 271, 275, 276, 277, 278, 279, 280, 286, 287, 288, 289, 295, 312, 331, 332], "excluded_lines": [], "start_line": 53}, "": {"executed_lines": [3, 5, 6, 7, 9, 10, 11, 13, 24, 26, 29, 32, 33, 34, 35, 36, 37, 40, 44, 45, 46, 47, 49, 50, 53, 56, 57, 58, 59, 60, 62, 77, 78, 82, 86, 93, 136, 146, 153, 161, 184, 197, 214, 297], "summary": {"covered_lines": 44, "num_statements": 44, "percent_covered": 100.0, "percent_covered_display": "100", "missing_lines": 0, "excluded_lines": 0, "percent_statements_covered": 100.0, "percent_statements_covered_display": "100"}, "missing_lines": [], "excluded_lines": [], "start_line": 1}}}, "custom_components\\electrolux\\api_client.py": {"executed_lines": [3, 4, 5, 7, 10, 11, 12, 13, 15, 16, 17, 19, 22, 33, 96, 174, 177, 178, 179, 180, 182, 210, 213, 223, 224, 225, 226, 227, 231, 232, 233, 234, 235, 238, 239, 240, 241, 242, 245, 249, 253, 257, 259, 260, 261, 263, 266, 269, 270, 273, 276, 282, 284, 286, 287, 291, 293, 294, 296, 297, 298, 299, 300, 304, 305, 309, 310, 313, 323, 327, 361, 394, 433, 469, 491, 572, 597, 602, 614], "summary": {"covered_lines": 79, "num_statements": 255, "percent_covered": 30.980392156862745, "percent_covered_display": "31", "missing_lines": 176, "excluded_lines": 0, "percent_statements_covered": 30.980392156862745, "percent_statements_covered_display": "31"}, "missing_lines": [30, 57, 58, 60, 61, 63, 64, 65, 66, 67, 68, 69, 76, 77, 79, 84, 86, 87, 90, 91, 93, 117, 118, 120, 121, 122, 129, 131, 132, 133, 137, 138, 141, 152, 153, 158, 162, 163, 168, 169, 183, 184, 185, 188, 194, 198, 199, 201, 204, 205, 206, 207, 246, 247, 251, 255, 278, 324, 325, 329, 330, 331, 332, 333, 334, 335, 336, 338, 349, 350, 353, 357, 359, 363, 365, 366, 368, 369, 370, 372, 373, 374, 376, 377, 379, 390, 391, 392, 396, 397, 398, 399, 406, 407, 409, 410, 411, 413, 414, 417, 425, 426, 427, 428, 431, 436, 437, 440, 442, 449, 450, 451, 452, 454, 457, 462, 472, 473, 476, 478, 485, 486, 487, 489, 494, 495, 497, 500, 501, 502, 503, 506, 507, 511, 514, 515, 516, 520, 521, 527, 528, 529, 537, 538, 541, 551, 557, 562, 564, 568, 569, 570, 574, 575, 580, 581, 582, 583, 584, 587, 589, 592, 593, 594, 595, 600, 605, 606, 609, 610, 612, 617, 620, 621, 622, 623], "excluded_lines": [], "functions": {"get_electrolux_session": {"executed_lines": [], "summary": {"covered_lines": 0, "num_statements": 1, "percent_covered": 0.0, "percent_covered_display": "0", "missing_lines": 1, "excluded_lines": 0, "percent_statements_covered": 0.0, "percent_statements_covered_display": "0"}, "missing_lines": [30], "excluded_lines": [], "start_line": 22}, "retry_with_backoff": {"executed_lines": [], "summary": {"covered_lines": 0, "num_statements": 20, "percent_covered": 0.0, "percent_covered_display": "0", "missing_lines": 20, "excluded_lines": 0, "percent_statements_covered": 0.0, "percent_statements_covered_display": "0"}, "missing_lines": [57, 58, 60, 61, 63, 64, 65, 66, 67, 68, 69, 76, 77, 79, 84, 86, 87, 90, 91, 93], "excluded_lines": [], "start_line": 33}, "safe_api_call": {"executed_lines": [], "summary": {"covered_lines": 0, "num_statements": 19, "percent_covered": 0.0, "percent_covered_display": "0", "missing_lines": 19, "excluded_lines": 0, "percent_statements_covered": 0.0, "percent_statements_covered_display": "0"}, "missing_lines": [117, 118, 120, 121, 122, 129, 131, 132, 133, 137, 138, 141, 152, 153, 158, 162, 163, 168, 169], "excluded_lines": [], "start_line": 96}, "_TokenRefreshHandler.__init__": {"executed_lines": [178, 179, 180], "summary": {"covered_lines": 3, "num_statements": 3, "percent_covered": 100.0, "percent_covered_display": "100", "missing_lines": 0, "excluded_lines": 0, "percent_statements_covered": 100.0, "percent_statements_covered_display": "100"}, "missing_lines": [], "excluded_lines": [], "start_line": 177}, "_TokenRefreshHandler.emit": {"executed_lines": [], "summary": {"covered_lines": 0, "num_statements": 12, "percent_covered": 0.0, "percent_covered_display": "0", "missing_lines": 12, "excluded_lines": 0, "percent_statements_covered": 0.0, "percent_statements_covered_display": "0"}, "missing_lines": [183, 184, 185, 188, 194, 198, 199, 201, 204, 205, 206, 207], "excluded_lines": [], "start_line": 182}, "ElectroluxApiClient.__init__": {"executed_lines": [223, 224, 225, 226, 227, 231, 232, 233, 234, 235, 238, 239, 240, 241, 242, 245], "summary": {"covered_lines": 16, "num_statements": 18, "percent_covered": 88.88888888888889, "percent_covered_display": "89", "missing_lines": 2, "excluded_lines": 0, "percent_statements_covered": 88.88888888888889, "percent_statements_covered_display": "89"}, "missing_lines": [246, 247], "excluded_lines": [], "start_line": 213}, "ElectroluxApiClient.set_token_update_callback": {"executed_lines": [], "summary": {"covered_lines": 0, "num_statements": 1, "percent_covered": 0.0, "percent_covered_display": "0", "missing_lines": 1, "excluded_lines": 0, "percent_statements_covered": 0.0, "percent_statements_covered_display": "0"}, "missing_lines": [251], "excluded_lines": [], "start_line": 249}, "ElectroluxApiClient.set_token_update_callback_with_expiry": {"executed_lines": [], "summary": {"covered_lines": 0, "num_statements": 1, "percent_covered": 0.0, "percent_covered_display": "0", "missing_lines": 1, "excluded_lines": 0, "percent_statements_covered": 0.0, "percent_statements_covered_display": "0"}, "missing_lines": [255], "excluded_lines": [], "start_line": 253}, "ElectroluxApiClient._trigger_reauth": {"executed_lines": [259, 260, 261, 263, 266, 269, 270, 273, 276], "summary": {"covered_lines": 9, "num_statements": 10, "percent_covered": 90.0, "percent_covered_display": "90", "missing_lines": 1, "excluded_lines": 0, "percent_statements_covered": 90.0, "percent_statements_covered_display": "90"}, "missing_lines": [278], "excluded_lines": [], "start_line": 257}, "ElectroluxApiClient._report_token_refresh_error": {"executed_lines": [284, 286, 287, 291, 293, 294, 296, 297, 298, 299, 300, 304, 305, 309, 310, 313, 323], "summary": {"covered_lines": 17, "num_statements": 19, "percent_covered": 89.47368421052632, "percent_covered_display": "89", "missing_lines": 2, "excluded_lines": 0, "percent_statements_covered": 89.47368421052632, "percent_statements_covered_display": "89"}, "missing_lines": [324, 325], "excluded_lines": [], "start_line": 282}, "ElectroluxApiClient._handle_api_call": {"executed_lines": [], "summary": {"covered_lines": 0, "num_statements": 14, "percent_covered": 0.0, "percent_covered_display": "0", "missing_lines": 14, "excluded_lines": 0, "percent_statements_covered": 0.0, "percent_statements_covered_display": "0"}, "missing_lines": [329, 330, 331, 332, 333, 334, 335, 336, 338, 349, 350, 353, 357, 359], "excluded_lines": [], "start_line": 327}, "ElectroluxApiClient.get_appliances_list": {"executed_lines": [], "summary": {"covered_lines": 0, "num_statements": 15, "percent_covered": 0.0, "percent_covered_display": "0", "missing_lines": 15, "excluded_lines": 0, "percent_statements_covered": 0.0, "percent_statements_covered_display": "0"}, "missing_lines": [363, 365, 366, 368, 369, 370, 372, 373, 374, 376, 377, 379, 390, 391, 392], "excluded_lines": [], "start_line": 361}, "ElectroluxApiClient.get_appliances_info": {"executed_lines": [], "summary": {"covered_lines": 0, "num_statements": 17, "percent_covered": 0.0, "percent_covered_display": "0", "missing_lines": 17, "excluded_lines": 0, "percent_statements_covered": 0.0, "percent_statements_covered_display": "0"}, "missing_lines": [396, 397, 398, 399, 406, 407, 409, 410, 411, 413, 414, 417, 425, 426, 427, 428, 431], "excluded_lines": [], "start_line": 394}, "ElectroluxApiClient.get_appliance_state": {"executed_lines": [], "summary": {"covered_lines": 0, "num_statements": 9, "percent_covered": 0.0, "percent_covered_display": "0", "missing_lines": 9, "excluded_lines": 0, "percent_statements_covered": 0.0, "percent_statements_covered_display": "0"}, "missing_lines": [436, 442, 449, 450, 451, 452, 454, 457, 462], "excluded_lines": [], "start_line": 433}, "ElectroluxApiClient.get_appliance_state._get_state": {"executed_lines": [], "summary": {"covered_lines": 0, "num_statements": 2, "percent_covered": 0.0, "percent_covered_display": "0", "missing_lines": 2, "excluded_lines": 0, "percent_statements_covered": 0.0, "percent_statements_covered_display": "0"}, "missing_lines": [437, 440], "excluded_lines": [], "start_line": 436}, "ElectroluxApiClient.get_appliance_capabilities": {"executed_lines": [], "summary": {"covered_lines": 0, "num_statements": 6, "percent_covered": 0.0, "percent_covered_display": "0", "missing_lines": 6, "excluded_lines": 0, "percent_statements_covered": 0.0, "percent_statements_covered_display": "0"}, "missing_lines": [472, 478, 485, 486, 487, 489], "excluded_lines": [], "start_line": 469}, "ElectroluxApiClient.get_appliance_capabilities._get_capabilities": {"executed_lines": [], "summary": {"covered_lines": 0, "num_statements": 2, "percent_covered": 0.0, "percent_covered_display": "0", "missing_lines": 2, "excluded_lines": 0, "percent_statements_covered": 0.0, "percent_statements_covered_display": "0"}, "missing_lines": [473, 476], "excluded_lines": [], "start_line": 472}, "ElectroluxApiClient.watch_for_appliance_state_updates": {"executed_lines": [], "summary": {"covered_lines": 0, "num_statements": 16, "percent_covered": 0.0, "percent_covered_display": "0", "missing_lines": 16, "excluded_lines": 0, "percent_statements_covered": 0.0, "percent_statements_covered_display": "0"}, "missing_lines": [494, 495, 497, 500, 501, 502, 503, 506, 507, 511, 514, 562, 564, 568, 569, 570], "excluded_lines": [], "start_line": 491}, "ElectroluxApiClient.watch_for_appliance_state_updates._handle_sse_failure": {"executed_lines": [], "summary": {"covered_lines": 0, "num_statements": 12, "percent_covered": 0.0, "percent_covered_display": "0", "missing_lines": 12, "excluded_lines": 0, "percent_statements_covered": 0.0, "percent_statements_covered_display": "0"}, "missing_lines": [515, 516, 520, 521, 527, 528, 529, 537, 538, 541, 551, 557], "excluded_lines": [], "start_line": 514}, "ElectroluxApiClient.disconnect_websocket": {"executed_lines": [], "summary": {"covered_lines": 0, "num_statements": 13, "percent_covered": 0.0, "percent_covered_display": "0", "missing_lines": 13, "excluded_lines": 0, "percent_statements_covered": 0.0, "percent_statements_covered_display": "0"}, "missing_lines": [574, 575, 580, 581, 582, 583, 584, 587, 589, 592, 593, 594, 595], "excluded_lines": [], "start_line": 572}, "ElectroluxApiClient.get_user_metadata": {"executed_lines": [], "summary": {"covered_lines": 0, "num_statements": 1, "percent_covered": 0.0, "percent_covered_display": "0", "missing_lines": 1, "excluded_lines": 0, "percent_statements_covered": 0.0, "percent_statements_covered_display": "0"}, "missing_lines": [600], "excluded_lines": [], "start_line": 597}, "ElectroluxApiClient.execute_appliance_command": {"executed_lines": [], "summary": {"covered_lines": 0, "num_statements": 5, "percent_covered": 0.0, "percent_covered_display": "0", "missing_lines": 5, "excluded_lines": 0, "percent_statements_covered": 0.0, "percent_statements_covered_display": "0"}, "missing_lines": [605, 606, 609, 610, 612], "excluded_lines": [], "start_line": 602}, "ElectroluxApiClient.close": {"executed_lines": [], "summary": {"covered_lines": 0, "num_statements": 5, "percent_covered": 0.0, "percent_covered_display": "0", "missing_lines": 5, "excluded_lines": 0, "percent_statements_covered": 0.0, "percent_statements_covered_display": "0"}, "missing_lines": [617, 620, 621, 622, 623], "excluded_lines": [], "start_line": 614}, "": {"executed_lines": [3, 4, 5, 7, 10, 11, 12, 13, 15, 16, 17, 19, 22, 33, 96, 174, 177, 182, 210, 213, 249, 253, 257, 282, 327, 361, 394, 433, 469, 491, 572, 597, 602, 614], "summary": {"covered_lines": 34, "num_statements": 34, "percent_covered": 100.0, "percent_covered_display": "100", "missing_lines": 0, "excluded_lines": 0, "percent_statements_covered": 100.0, "percent_statements_covered_display": "100"}, "missing_lines": [], "excluded_lines": [], "start_line": 1}}, "classes": {"_TokenRefreshHandler": {"executed_lines": [178, 179, 180], "summary": {"covered_lines": 3, "num_statements": 15, "percent_covered": 20.0, "percent_covered_display": "20", "missing_lines": 12, "excluded_lines": 0, "percent_statements_covered": 20.0, "percent_statements_covered_display": "20"}, "missing_lines": [183, 184, 185, 188, 194, 198, 199, 201, 204, 205, 206, 207], "excluded_lines": [], "start_line": 174}, "ElectroluxApiClient": {"executed_lines": [223, 224, 225, 226, 227, 231, 232, 233, 234, 235, 238, 239, 240, 241, 242, 245, 259, 260, 261, 263, 266, 269, 270, 273, 276, 284, 286, 287, 291, 293, 294, 296, 297, 298, 299, 300, 304, 305, 309, 310, 313, 323], "summary": {"covered_lines": 42, "num_statements": 166, "percent_covered": 25.301204819277107, "percent_covered_display": "25", "missing_lines": 124, "excluded_lines": 0, "percent_statements_covered": 25.301204819277107, "percent_statements_covered_display": "25"}, "missing_lines": [246, 247, 251, 255, 278, 324, 325, 329, 330, 331, 332, 333, 334, 335, 336, 338, 349, 350, 353, 357, 359, 363, 365, 366, 368, 369, 370, 372, 373, 374, 376, 377, 379, 390, 391, 392, 396, 397, 398, 399, 406, 407, 409, 410, 411, 413, 414, 417, 425, 426, 427, 428, 431, 436, 437, 440, 442, 449, 450, 451, 452, 454, 457, 462, 472, 473, 476, 478, 485, 486, 487, 489, 494, 495, 497, 500, 501, 502, 503, 506, 507, 511, 514, 515, 516, 520, 521, 527, 528, 529, 537, 538, 541, 551, 557, 562, 564, 568, 569, 570, 574, 575, 580, 581, 582, 583, 584, 587, 589, 592, 593, 594, 595, 600, 605, 606, 609, 610, 612, 617, 620, 621, 622, 623], "excluded_lines": [], "start_line": 210}, "": {"executed_lines": [3, 4, 5, 7, 10, 11, 12, 13, 15, 16, 17, 19, 22, 33, 96, 174, 177, 182, 210, 213, 249, 253, 257, 282, 327, 361, 394, 433, 469, 491, 572, 597, 602, 614], "summary": {"covered_lines": 34, "num_statements": 74, "percent_covered": 45.945945945945944, "percent_covered_display": "46", "missing_lines": 40, "excluded_lines": 0, "percent_statements_covered": 45.945945945945944, "percent_statements_covered_display": "46"}, "missing_lines": [30, 57, 58, 60, 61, 63, 64, 65, 66, 67, 68, 69, 76, 77, 79, 84, 86, 87, 90, 91, 93, 117, 118, 120, 121, 122, 129, 131, 132, 133, 137, 138, 141, 152, 153, 158, 162, 163, 168, 169], "excluded_lines": [], "start_line": 1}}}, "custom_components\\electrolux\\binary_sensor.py": {"executed_lines": [3, 5, 6, 7, 8, 10, 11, 12, 14, 15, 18, 35, 38, 47, 48, 49, 52, 62, 63, 64, 67, 70, 79, 85, 86, 87, 88, 93, 98, 99, 102, 105, 106, 109, 110, 111, 113, 114, 117, 118, 120, 122, 123, 125, 126, 127, 129, 130, 133, 136, 141, 146, 147, 148, 150, 154, 155, 157, 158, 159, 162, 163, 165, 169, 170, 171, 172, 173, 176, 177, 179], "summary": {"covered_lines": 71, "num_statements": 75, "percent_covered": 94.66666666666667, "percent_covered_display": "95", "missing_lines": 4, "excluded_lines": 0, "percent_statements_covered": 94.66666666666667, "percent_statements_covered_display": "95"}, "missing_lines": [115, 134, 142, 152], "excluded_lines": [], "functions": {"infer_boolean_from_enum": {"executed_lines": [35, 38, 47, 48, 49, 52, 62, 63, 64, 67], "summary": {"covered_lines": 10, "num_statements": 10, "percent_covered": 100.0, "percent_covered_display": "100", "missing_lines": 0, "excluded_lines": 0, "percent_statements_covered": 100.0, "percent_statements_covered_display": "100"}, "missing_lines": [], "excluded_lines": [], "start_line": 18}, "async_setup_entry": {"executed_lines": [85, 86, 87, 88, 93, 98, 99], "summary": {"covered_lines": 7, "num_statements": 7, "percent_covered": 100.0, "percent_covered_display": "100", "missing_lines": 0, "excluded_lines": 0, "percent_statements_covered": 100.0, "percent_statements_covered_display": "100"}, "missing_lines": [], "excluded_lines": [], "start_line": 79}, "ElectroluxBinarySensor.name": {"executed_lines": [109, 110, 111, 113, 114], "summary": {"covered_lines": 5, "num_statements": 6, "percent_covered": 83.33333333333333, "percent_covered_display": "83", "missing_lines": 1, "excluded_lines": 0, "percent_statements_covered": 83.33333333333333, "percent_statements_covered_display": "83"}, "missing_lines": [115], "excluded_lines": [], "start_line": 106}, "ElectroluxBinarySensor.entity_domain": {"executed_lines": [120], "summary": {"covered_lines": 1, "num_statements": 1, "percent_covered": 100.0, "percent_covered_display": "100", "missing_lines": 0, "excluded_lines": 0, "percent_statements_covered": 100.0, "percent_statements_covered_display": "100"}, "missing_lines": [], "excluded_lines": [], "start_line": 118}, "ElectroluxBinarySensor.invert": {"executed_lines": [125, 126, 127], "summary": {"covered_lines": 3, "num_statements": 3, "percent_covered": 100.0, "percent_covered_display": "100", "missing_lines": 0, "excluded_lines": 0, "percent_statements_covered": 100.0, "percent_statements_covered_display": "100"}, "missing_lines": [], "excluded_lines": [], "start_line": 123}, "ElectroluxBinarySensor.is_on": {"executed_lines": [133, 136, 141, 146, 147, 148, 150, 154, 155, 157, 158, 159, 162, 163, 165, 169, 170, 171, 172, 173, 176, 177, 179], "summary": {"covered_lines": 23, "num_statements": 26, "percent_covered": 88.46153846153847, "percent_covered_display": "88", "missing_lines": 3, "excluded_lines": 0, "percent_statements_covered": 88.46153846153847, "percent_statements_covered_display": "88"}, "missing_lines": [134, 142, 152], "excluded_lines": [], "start_line": 130}, "": {"executed_lines": [3, 5, 6, 7, 8, 10, 11, 12, 14, 15, 18, 70, 79, 102, 105, 106, 117, 118, 122, 123, 129, 130], "summary": {"covered_lines": 22, "num_statements": 22, "percent_covered": 100.0, "percent_covered_display": "100", "missing_lines": 0, "excluded_lines": 0, "percent_statements_covered": 100.0, "percent_statements_covered_display": "100"}, "missing_lines": [], "excluded_lines": [], "start_line": 1}}, "classes": {"ElectroluxBinarySensor": {"executed_lines": [109, 110, 111, 113, 114, 120, 125, 126, 127, 133, 136, 141, 146, 147, 148, 150, 154, 155, 157, 158, 159, 162, 163, 165, 169, 170, 171, 172, 173, 176, 177, 179], "summary": {"covered_lines": 32, "num_statements": 36, "percent_covered": 88.88888888888889, "percent_covered_display": "89", "missing_lines": 4, "excluded_lines": 0, "percent_statements_covered": 88.88888888888889, "percent_statements_covered_display": "89"}, "missing_lines": [115, 134, 142, 152], "excluded_lines": [], "start_line": 102}, "": {"executed_lines": [3, 5, 6, 7, 8, 10, 11, 12, 14, 15, 18, 35, 38, 47, 48, 49, 52, 62, 63, 64, 67, 70, 79, 85, 86, 87, 88, 93, 98, 99, 102, 105, 106, 117, 118, 122, 123, 129, 130], "summary": {"covered_lines": 39, "num_statements": 39, "percent_covered": 100.0, "percent_covered_display": "100", "missing_lines": 0, "excluded_lines": 0, "percent_statements_covered": 100.0, "percent_statements_covered_display": "100"}, "missing_lines": [], "excluded_lines": [], "start_line": 1}}}, "custom_components\\electrolux\\button.py": {"executed_lines": [3, 4, 5, 7, 8, 9, 10, 11, 12, 14, 15, 16, 17, 18, 24, 25, 28, 34, 35, 36, 37, 40, 45, 46, 49, 52, 71, 87, 89, 90, 92, 94, 95, 97, 98, 99, 100, 103, 104, 121, 122, 124, 125, 127, 128, 129, 130, 131, 137, 138, 140, 142, 143, 146, 154, 156, 157, 163, 166, 183, 184, 186, 188, 189, 190, 205, 210, 211, 213, 214, 215, 218, 222, 224, 225, 226, 228, 231, 234, 241], "summary": {"covered_lines": 80, "num_statements": 127, "percent_covered": 62.99212598425197, "percent_covered_display": "63", "missing_lines": 47, "excluded_lines": 0, "percent_statements_covered": 62.99212598425197, "percent_statements_covered_display": "63"}, "missing_lines": [101, 107, 108, 112, 113, 114, 115, 116, 118, 119, 139, 147, 150, 151, 152, 153, 159, 167, 168, 174, 192, 197, 198, 207, 220, 221, 232, 243, 244, 246, 247, 248, 249, 250, 253, 254, 266, 273, 274, 275, 278, 283, 285, 286, 287, 297, 303], "excluded_lines": [], "functions": {"async_setup_entry": {"executed_lines": [34, 35, 36, 37, 40, 45, 46], "summary": {"covered_lines": 7, "num_statements": 7, "percent_covered": 100.0, "percent_covered_display": "100", "missing_lines": 0, "excluded_lines": 0, "percent_statements_covered": 100.0, "percent_statements_covered_display": "100"}, "missing_lines": [], "excluded_lines": [], "start_line": 28}, "ElectroluxButton.__init__": {"executed_lines": [71, 87], "summary": {"covered_lines": 2, "num_statements": 2, "percent_covered": 100.0, "percent_covered_display": "100", "missing_lines": 0, "excluded_lines": 0, "percent_statements_covered": 100.0, "percent_statements_covered_display": "100"}, "missing_lines": [], "excluded_lines": [], "start_line": 52}, "ElectroluxButton.entity_domain": {"executed_lines": [92], "summary": {"covered_lines": 1, "num_statements": 1, "percent_covered": 100.0, "percent_covered_display": "100", "missing_lines": 0, "excluded_lines": 0, "percent_statements_covered": 100.0, "percent_statements_covered_display": "100"}, "missing_lines": [], "excluded_lines": [], "start_line": 90}, "ElectroluxButton.device_class": {"executed_lines": [97, 98, 99, 100], "summary": {"covered_lines": 4, "num_statements": 5, "percent_covered": 80.0, "percent_covered_display": "80", "missing_lines": 1, "excluded_lines": 0, "percent_statements_covered": 80.0, "percent_statements_covered_display": "80"}, "missing_lines": [101], "excluded_lines": [], "start_line": 95}, "ElectroluxButton.unique_id": {"executed_lines": [], "summary": {"covered_lines": 0, "num_statements": 9, "percent_covered": 0.0, "percent_covered_display": "0", "missing_lines": 9, "excluded_lines": 0, "percent_statements_covered": 0.0, "percent_statements_covered_display": "0"}, "missing_lines": [107, 108, 112, 113, 114, 115, 116, 118, 119], "excluded_lines": [], "start_line": 104}, "ElectroluxButton.name": {"executed_lines": [124, 125, 127, 128, 129, 130, 131, 137, 138, 140], "summary": {"covered_lines": 10, "num_statements": 11, "percent_covered": 90.9090909090909, "percent_covered_display": "91", "missing_lines": 1, "excluded_lines": 0, "percent_statements_covered": 90.9090909090909, "percent_statements_covered_display": "91"}, "missing_lines": [139], "excluded_lines": [], "start_line": 122}, "ElectroluxButton.available": {"executed_lines": [146, 154], "summary": {"covered_lines": 2, "num_statements": 7, "percent_covered": 28.571428571428573, "percent_covered_display": "29", "missing_lines": 5, "excluded_lines": 0, "percent_statements_covered": 28.571428571428573, "percent_statements_covered_display": "29"}, "missing_lines": [147, 150, 151, 152, 153], "excluded_lines": [], "start_line": 143}, "ElectroluxButton.icon": {"executed_lines": [], "summary": {"covered_lines": 0, "num_statements": 1, "percent_covered": 0.0, "percent_covered_display": "0", "missing_lines": 1, "excluded_lines": 0, "percent_statements_covered": 0.0, "percent_statements_covered_display": "0"}, "missing_lines": [159], "excluded_lines": [], "start_line": 157}, "ElectroluxButton.send_command": {"executed_lines": [166, 183, 184, 186, 188, 189, 190, 205, 210, 211, 213, 214, 215, 218, 222, 224, 225, 226], "summary": {"covered_lines": 18, "num_statements": 27, "percent_covered": 66.66666666666667, "percent_covered_display": "67", "missing_lines": 9, "excluded_lines": 0, "percent_statements_covered": 66.66666666666667, "percent_statements_covered_display": "67"}, "missing_lines": [167, 168, 174, 192, 197, 198, 207, 220, 221], "excluded_lines": [], "start_line": 163}, "ElectroluxButton.async_press": {"executed_lines": [231, 234], "summary": {"covered_lines": 2, "num_statements": 3, "percent_covered": 66.66666666666667, "percent_covered_display": "67", "missing_lines": 1, "excluded_lines": 0, "percent_statements_covered": 66.66666666666667, "percent_statements_covered_display": "67"}, "missing_lines": [232], "excluded_lines": [], "start_line": 228}, "ElectroluxButton._perform_manual_sync": {"executed_lines": [], "summary": {"covered_lines": 0, "num_statements": 19, "percent_covered": 0.0, "percent_covered_display": "0", "missing_lines": 19, "excluded_lines": 0, "percent_statements_covered": 0.0, "percent_statements_covered_display": "0"}, "missing_lines": [243, 244, 246, 247, 248, 249, 250, 253, 266, 273, 274, 275, 278, 283, 285, 286, 287, 297, 303], "excluded_lines": [], "start_line": 241}, "ElectroluxButton._perform_manual_sync.fire_progress": {"executed_lines": [], "summary": {"covered_lines": 0, "num_statements": 1, "percent_covered": 0.0, "percent_covered_display": "0", "missing_lines": 1, "excluded_lines": 0, "percent_statements_covered": 0.0, "percent_statements_covered_display": "0"}, "missing_lines": [254], "excluded_lines": [], "start_line": 253}, "": {"executed_lines": [3, 4, 5, 7, 8, 9, 10, 11, 12, 14, 15, 16, 17, 18, 24, 25, 28, 49, 52, 89, 90, 94, 95, 103, 104, 121, 122, 142, 143, 156, 157, 163, 228, 241], "summary": {"covered_lines": 34, "num_statements": 34, "percent_covered": 100.0, "percent_covered_display": "100", "missing_lines": 0, "excluded_lines": 0, "percent_statements_covered": 100.0, "percent_statements_covered_display": "100"}, "missing_lines": [], "excluded_lines": [], "start_line": 1}}, "classes": {"ElectroluxButton": {"executed_lines": [71, 87, 92, 97, 98, 99, 100, 124, 125, 127, 128, 129, 130, 131, 137, 138, 140, 146, 154, 166, 183, 184, 186, 188, 189, 190, 205, 210, 211, 213, 214, 215, 218, 222, 224, 225, 226, 231, 234], "summary": {"covered_lines": 39, "num_statements": 86, "percent_covered": 45.348837209302324, "percent_covered_display": "45", "missing_lines": 47, "excluded_lines": 0, "percent_statements_covered": 45.348837209302324, "percent_statements_covered_display": "45"}, "missing_lines": [101, 107, 108, 112, 113, 114, 115, 116, 118, 119, 139, 147, 150, 151, 152, 153, 159, 167, 168, 174, 192, 197, 198, 207, 220, 221, 232, 243, 244, 246, 247, 248, 249, 250, 253, 254, 266, 273, 274, 275, 278, 283, 285, 286, 287, 297, 303], "excluded_lines": [], "start_line": 49}, "": {"executed_lines": [3, 4, 5, 7, 8, 9, 10, 11, 12, 14, 15, 16, 17, 18, 24, 25, 28, 34, 35, 36, 37, 40, 45, 46, 49, 52, 89, 90, 94, 95, 103, 104, 121, 122, 142, 143, 156, 157, 163, 228, 241], "summary": {"covered_lines": 41, "num_statements": 41, "percent_covered": 100.0, "percent_covered_display": "100", "missing_lines": 0, "excluded_lines": 0, "percent_statements_covered": 100.0, "percent_statements_covered_display": "100"}, "missing_lines": [], "excluded_lines": [], "start_line": 1}}}, "custom_components\\electrolux\\catalog_air_conditioner.py": {"executed_lines": [], "summary": {"covered_lines": 0, "num_statements": 8, "percent_covered": 0.0, "percent_covered_display": "0", "missing_lines": 8, "excluded_lines": 0, "percent_statements_covered": 0.0, "percent_statements_covered_display": "0"}, "missing_lines": [3, 4, 5, 6, 7, 8, 10, 12], "excluded_lines": [], "functions": {"": {"executed_lines": [], "summary": {"covered_lines": 0, "num_statements": 8, "percent_covered": 0.0, "percent_covered_display": "0", "missing_lines": 8, "excluded_lines": 0, "percent_statements_covered": 0.0, "percent_statements_covered_display": "0"}, "missing_lines": [3, 4, 5, 6, 7, 8, 10, 12], "excluded_lines": [], "start_line": 1}}, "classes": {"": {"executed_lines": [], "summary": {"covered_lines": 0, "num_statements": 8, "percent_covered": 0.0, "percent_covered_display": "0", "missing_lines": 8, "excluded_lines": 0, "percent_statements_covered": 0.0, "percent_statements_covered_display": "0"}, "missing_lines": [3, 4, 5, 6, 7, 8, 10, 12], "excluded_lines": [], "start_line": 1}}}, "custom_components\\electrolux\\catalog_core.py": {"executed_lines": [], "summary": {"covered_lines": 0, "num_statements": 76, "percent_covered": 0.0, "percent_covered_display": "0", "missing_lines": 76, "excluded_lines": 0, "percent_statements_covered": 0.0, "percent_statements_covered_display": "0"}, "missing_lines": [3, 5, 6, 7, 8, 9, 11, 15, 16, 19, 20, 22, 24, 27, 28, 30, 32, 35, 36, 38, 40, 43, 44, 46, 48, 51, 52, 54, 56, 59, 60, 62, 64, 67, 68, 70, 72, 75, 76, 78, 80, 83, 84, 86, 88, 91, 92, 94, 96, 101, 102, 115, 116, 122, 123, 144, 160, 162, 165, 167, 170, 172, 176, 191, 192, 193, 195, 196, 197, 198, 201, 202, 221, 490, 491, 492], "excluded_lines": [], "functions": {"_get_catalog_air_conditioner": {"executed_lines": [], "summary": {"covered_lines": 0, "num_statements": 2, "percent_covered": 0.0, "percent_covered_display": "0", "missing_lines": 2, "excluded_lines": 0, "percent_statements_covered": 0.0, "percent_statements_covered_display": "0"}, "missing_lines": [22, 24], "excluded_lines": [], "start_line": 20}, "_get_catalog_dishwasher": {"executed_lines": [], "summary": {"covered_lines": 0, "num_statements": 2, "percent_covered": 0.0, "percent_covered_display": "0", "missing_lines": 2, "excluded_lines": 0, "percent_statements_covered": 0.0, "percent_statements_covered_display": "0"}, "missing_lines": [30, 32], "excluded_lines": [], "start_line": 28}, "_get_catalog_oven": {"executed_lines": [], "summary": {"covered_lines": 0, "num_statements": 2, "percent_covered": 0.0, "percent_covered_display": "0", "missing_lines": 2, "excluded_lines": 0, "percent_statements_covered": 0.0, "percent_statements_covered_display": "0"}, "missing_lines": [38, 40], "excluded_lines": [], "start_line": 36}, "_get_catalog_purifier": {"executed_lines": [], "summary": {"covered_lines": 0, "num_statements": 2, "percent_covered": 0.0, "percent_covered_display": "0", "missing_lines": 2, "excluded_lines": 0, "percent_statements_covered": 0.0, "percent_statements_covered_display": "0"}, "missing_lines": [46, 48], "excluded_lines": [], "start_line": 44}, "_get_catalog_refrigerator": {"executed_lines": [], "summary": {"covered_lines": 0, "num_statements": 2, "percent_covered": 0.0, "percent_covered_display": "0", "missing_lines": 2, "excluded_lines": 0, "percent_statements_covered": 0.0, "percent_statements_covered_display": "0"}, "missing_lines": [54, 56], "excluded_lines": [], "start_line": 52}, "_get_catalog_washer": {"executed_lines": [], "summary": {"covered_lines": 0, "num_statements": 2, "percent_covered": 0.0, "percent_covered_display": "0", "missing_lines": 2, "excluded_lines": 0, "percent_statements_covered": 0.0, "percent_statements_covered_display": "0"}, "missing_lines": [62, 64], "excluded_lines": [], "start_line": 60}, "_get_catalog_washer_dryer": {"executed_lines": [], "summary": {"covered_lines": 0, "num_statements": 2, "percent_covered": 0.0, "percent_covered_display": "0", "missing_lines": 2, "excluded_lines": 0, "percent_statements_covered": 0.0, "percent_statements_covered_display": "0"}, "missing_lines": [70, 72], "excluded_lines": [], "start_line": 68}, "_get_catalog_dryer": {"executed_lines": [], "summary": {"covered_lines": 0, "num_statements": 2, "percent_covered": 0.0, "percent_covered_display": "0", "missing_lines": 2, "excluded_lines": 0, "percent_statements_covered": 0.0, "percent_statements_covered_display": "0"}, "missing_lines": [78, 80], "excluded_lines": [], "start_line": 76}, "_get_catalog_microwave": {"executed_lines": [], "summary": {"covered_lines": 0, "num_statements": 2, "percent_covered": 0.0, "percent_covered_display": "0", "missing_lines": 2, "excluded_lines": 0, "percent_statements_covered": 0.0, "percent_statements_covered_display": "0"}, "missing_lines": [86, 88], "excluded_lines": [], "start_line": 84}, "_get_catalog_steam_oven": {"executed_lines": [], "summary": {"covered_lines": 0, "num_statements": 2, "percent_covered": 0.0, "percent_covered_display": "0", "missing_lines": 2, "excluded_lines": 0, "percent_statements_covered": 0.0, "percent_statements_covered_display": "0"}, "missing_lines": [94, 96], "excluded_lines": [], "start_line": 92}, "_get_catalog_model": {"executed_lines": [], "summary": {"covered_lines": 0, "num_statements": 2, "percent_covered": 0.0, "percent_covered_display": "0", "missing_lines": 2, "excluded_lines": 0, "percent_statements_covered": 0.0, "percent_statements_covered_display": "0"}, "missing_lines": [115, 116], "excluded_lines": [], "start_line": 102}, "_get_catalog_by_type": {"executed_lines": [], "summary": {"covered_lines": 0, "num_statements": 1, "percent_covered": 0.0, "percent_covered_display": "0", "missing_lines": 1, "excluded_lines": 0, "percent_statements_covered": 0.0, "percent_statements_covered_display": "0"}, "missing_lines": [144], "excluded_lines": [], "start_line": 123}, "_get_catalog_model_lazy": {"executed_lines": [], "summary": {"covered_lines": 0, "num_statements": 1, "percent_covered": 0.0, "percent_covered_display": "0", "missing_lines": 1, "excluded_lines": 0, "percent_statements_covered": 0.0, "percent_statements_covered_display": "0"}, "missing_lines": [162], "excluded_lines": [], "start_line": 160}, "_get_catalog_by_type_lazy": {"executed_lines": [], "summary": {"covered_lines": 0, "num_statements": 1, "percent_covered": 0.0, "percent_covered_display": "0", "missing_lines": 1, "excluded_lines": 0, "percent_statements_covered": 0.0, "percent_statements_covered_display": "0"}, "missing_lines": [167], "excluded_lines": [], "start_line": 165}, "_get_catalog_base_lazy": {"executed_lines": [], "summary": {"covered_lines": 0, "num_statements": 1, "percent_covered": 0.0, "percent_covered_display": "0", "missing_lines": 1, "excluded_lines": 0, "percent_statements_covered": 0.0, "percent_statements_covered_display": "0"}, "missing_lines": [172], "excluded_lines": [], "start_line": 170}, "_LazyCatalog.__init__": {"executed_lines": [], "summary": {"covered_lines": 0, "num_statements": 2, "percent_covered": 0.0, "percent_covered_display": "0", "missing_lines": 2, "excluded_lines": 0, "percent_statements_covered": 0.0, "percent_statements_covered_display": "0"}, "missing_lines": [192, 193], "excluded_lines": [], "start_line": 191}, "_LazyCatalog.__call__": {"executed_lines": [], "summary": {"covered_lines": 0, "num_statements": 3, "percent_covered": 0.0, "percent_covered_display": "0", "missing_lines": 3, "excluded_lines": 0, "percent_statements_covered": 0.0, "percent_statements_covered_display": "0"}, "missing_lines": [196, 197, 198], "excluded_lines": [], "start_line": 195}, "_get_catalog_base": {"executed_lines": [], "summary": {"covered_lines": 0, "num_statements": 1, "percent_covered": 0.0, "percent_covered_display": "0", "missing_lines": 1, "excluded_lines": 0, "percent_statements_covered": 0.0, "percent_statements_covered_display": "0"}, "missing_lines": [221], "excluded_lines": [], "start_line": 202}, "": {"executed_lines": [], "summary": {"covered_lines": 0, "num_statements": 44, "percent_covered": 0.0, "percent_covered_display": "0", "missing_lines": 44, "excluded_lines": 0, "percent_statements_covered": 0.0, "percent_statements_covered_display": "0"}, "missing_lines": [3, 5, 6, 7, 8, 9, 11, 15, 16, 19, 20, 27, 28, 35, 36, 43, 44, 51, 52, 59, 60, 67, 68, 75, 76, 83, 84, 91, 92, 101, 102, 122, 123, 160, 165, 170, 176, 191, 195, 201, 202, 490, 491, 492], "excluded_lines": [], "start_line": 1}}, "classes": {"_LazyCatalog": {"executed_lines": [], "summary": {"covered_lines": 0, "num_statements": 5, "percent_covered": 0.0, "percent_covered_display": "0", "missing_lines": 5, "excluded_lines": 0, "percent_statements_covered": 0.0, "percent_statements_covered_display": "0"}, "missing_lines": [192, 193, 196, 197, 198], "excluded_lines": [], "start_line": 176}, "": {"executed_lines": [], "summary": {"covered_lines": 0, "num_statements": 71, "percent_covered": 0.0, "percent_covered_display": "0", "missing_lines": 71, "excluded_lines": 0, "percent_statements_covered": 0.0, "percent_statements_covered_display": "0"}, "missing_lines": [3, 5, 6, 7, 8, 9, 11, 15, 16, 19, 20, 22, 24, 27, 28, 30, 32, 35, 36, 38, 40, 43, 44, 46, 48, 51, 52, 54, 56, 59, 60, 62, 64, 67, 68, 70, 72, 75, 76, 78, 80, 83, 84, 86, 88, 91, 92, 94, 96, 101, 102, 115, 116, 122, 123, 144, 160, 162, 165, 167, 170, 172, 176, 191, 195, 201, 202, 221, 490, 491, 492], "excluded_lines": [], "start_line": 1}}}, "custom_components\\electrolux\\catalog_dishwasher.py": {"executed_lines": [], "summary": {"covered_lines": 0, "num_statements": 7, "percent_covered": 0.0, "percent_covered_display": "0", "missing_lines": 7, "excluded_lines": 0, "percent_statements_covered": 0.0, "percent_statements_covered_display": "0"}, "missing_lines": [3, 4, 5, 6, 8, 9, 11], "excluded_lines": [], "functions": {"": {"executed_lines": [], "summary": {"covered_lines": 0, "num_statements": 7, "percent_covered": 0.0, "percent_covered_display": "0", "missing_lines": 7, "excluded_lines": 0, "percent_statements_covered": 0.0, "percent_statements_covered_display": "0"}, "missing_lines": [3, 4, 5, 6, 8, 9, 11], "excluded_lines": [], "start_line": 1}}, "classes": {"": {"executed_lines": [], "summary": {"covered_lines": 0, "num_statements": 7, "percent_covered": 0.0, "percent_covered_display": "0", "missing_lines": 7, "excluded_lines": 0, "percent_statements_covered": 0.0, "percent_statements_covered_display": "0"}, "missing_lines": [3, 4, 5, 6, 8, 9, 11], "excluded_lines": [], "start_line": 1}}}, "custom_components\\electrolux\\catalog_dryer.py": {"executed_lines": [], "summary": {"covered_lines": 0, "num_statements": 10, "percent_covered": 0.0, "percent_covered_display": "0", "missing_lines": 10, "excluded_lines": 0, "percent_statements_covered": 0.0, "percent_statements_covered_display": "0"}, "missing_lines": [3, 4, 5, 6, 7, 8, 9, 11, 12, 14], "excluded_lines": [], "functions": {"": {"executed_lines": [], "summary": {"covered_lines": 0, "num_statements": 10, "percent_covered": 0.0, "percent_covered_display": "0", "missing_lines": 10, "excluded_lines": 0, "percent_statements_covered": 0.0, "percent_statements_covered_display": "0"}, "missing_lines": [3, 4, 5, 6, 7, 8, 9, 11, 12, 14], "excluded_lines": [], "start_line": 1}}, "classes": {"": {"executed_lines": [], "summary": {"covered_lines": 0, "num_statements": 10, "percent_covered": 0.0, "percent_covered_display": "0", "missing_lines": 10, "excluded_lines": 0, "percent_statements_covered": 0.0, "percent_statements_covered_display": "0"}, "missing_lines": [3, 4, 5, 6, 7, 8, 9, 11, 12, 14], "excluded_lines": [], "start_line": 1}}}, "custom_components\\electrolux\\catalog_microwave.py": {"executed_lines": [], "summary": {"covered_lines": 0, "num_statements": 3, "percent_covered": 0.0, "percent_covered_display": "0", "missing_lines": 3, "excluded_lines": 0, "percent_statements_covered": 0.0, "percent_statements_covered_display": "0"}, "missing_lines": [3, 5, 15], "excluded_lines": [], "functions": {"": {"executed_lines": [], "summary": {"covered_lines": 0, "num_statements": 3, "percent_covered": 0.0, "percent_covered_display": "0", "missing_lines": 3, "excluded_lines": 0, "percent_statements_covered": 0.0, "percent_statements_covered_display": "0"}, "missing_lines": [3, 5, 15], "excluded_lines": [], "start_line": 1}}, "classes": {"": {"executed_lines": [], "summary": {"covered_lines": 0, "num_statements": 3, "percent_covered": 0.0, "percent_covered_display": "0", "missing_lines": 3, "excluded_lines": 0, "percent_statements_covered": 0.0, "percent_statements_covered_display": "0"}, "missing_lines": [3, 5, 15], "excluded_lines": [], "start_line": 1}}}, "custom_components\\electrolux\\catalog_oven.py": {"executed_lines": [], "summary": {"covered_lines": 0, "num_statements": 9, "percent_covered": 0.0, "percent_covered_display": "0", "missing_lines": 9, "excluded_lines": 0, "percent_statements_covered": 0.0, "percent_statements_covered_display": "0"}, "missing_lines": [3, 4, 5, 6, 7, 8, 10, 11, 13], "excluded_lines": [], "functions": {"": {"executed_lines": [], "summary": {"covered_lines": 0, "num_statements": 9, "percent_covered": 0.0, "percent_covered_display": "0", "missing_lines": 9, "excluded_lines": 0, "percent_statements_covered": 0.0, "percent_statements_covered_display": "0"}, "missing_lines": [3, 4, 5, 6, 7, 8, 10, 11, 13], "excluded_lines": [], "start_line": 1}}, "classes": {"": {"executed_lines": [], "summary": {"covered_lines": 0, "num_statements": 9, "percent_covered": 0.0, "percent_covered_display": "0", "missing_lines": 9, "excluded_lines": 0, "percent_statements_covered": 0.0, "percent_statements_covered_display": "0"}, "missing_lines": [3, 4, 5, 6, 7, 8, 10, 11, 13], "excluded_lines": [], "start_line": 1}}}, "custom_components\\electrolux\\catalog_purifier.py": {"executed_lines": [], "summary": {"covered_lines": 0, "num_statements": 7, "percent_covered": 0.0, "percent_covered_display": "0", "missing_lines": 7, "excluded_lines": 0, "percent_statements_covered": 0.0, "percent_statements_covered_display": "0"}, "missing_lines": [3, 4, 5, 6, 15, 17, 19], "excluded_lines": [], "functions": {"": {"executed_lines": [], "summary": {"covered_lines": 0, "num_statements": 7, "percent_covered": 0.0, "percent_covered_display": "0", "missing_lines": 7, "excluded_lines": 0, "percent_statements_covered": 0.0, "percent_statements_covered_display": "0"}, "missing_lines": [3, 4, 5, 6, 15, 17, 19], "excluded_lines": [], "start_line": 1}}, "classes": {"": {"executed_lines": [], "summary": {"covered_lines": 0, "num_statements": 7, "percent_covered": 0.0, "percent_covered_display": "0", "missing_lines": 7, "excluded_lines": 0, "percent_statements_covered": 0.0, "percent_statements_covered_display": "0"}, "missing_lines": [3, 4, 5, 6, 15, 17, 19], "excluded_lines": [], "start_line": 1}}}, "custom_components\\electrolux\\catalog_refrigerator.py": {"executed_lines": [], "summary": {"covered_lines": 0, "num_statements": 8, "percent_covered": 0.0, "percent_covered_display": "0", "missing_lines": 8, "excluded_lines": 0, "percent_statements_covered": 0.0, "percent_statements_covered_display": "0"}, "missing_lines": [3, 4, 5, 6, 7, 8, 10, 12], "excluded_lines": [], "functions": {"": {"executed_lines": [], "summary": {"covered_lines": 0, "num_statements": 8, "percent_covered": 0.0, "percent_covered_display": "0", "missing_lines": 8, "excluded_lines": 0, "percent_statements_covered": 0.0, "percent_statements_covered_display": "0"}, "missing_lines": [3, 4, 5, 6, 7, 8, 10, 12], "excluded_lines": [], "start_line": 1}}, "classes": {"": {"executed_lines": [], "summary": {"covered_lines": 0, "num_statements": 8, "percent_covered": 0.0, "percent_covered_display": "0", "missing_lines": 8, "excluded_lines": 0, "percent_statements_covered": 0.0, "percent_statements_covered_display": "0"}, "missing_lines": [3, 4, 5, 6, 7, 8, 10, 12], "excluded_lines": [], "start_line": 1}}}, "custom_components\\electrolux\\catalog_steam_oven.py": {"executed_lines": [], "summary": {"covered_lines": 0, "num_statements": 9, "percent_covered": 0.0, "percent_covered_display": "0", "missing_lines": 9, "excluded_lines": 0, "percent_statements_covered": 0.0, "percent_statements_covered_display": "0"}, "missing_lines": [8, 9, 10, 11, 12, 13, 15, 16, 19], "excluded_lines": [], "functions": {"": {"executed_lines": [], "summary": {"covered_lines": 0, "num_statements": 9, "percent_covered": 0.0, "percent_covered_display": "0", "missing_lines": 9, "excluded_lines": 0, "percent_statements_covered": 0.0, "percent_statements_covered_display": "0"}, "missing_lines": [8, 9, 10, 11, 12, 13, 15, 16, 19], "excluded_lines": [], "start_line": 1}}, "classes": {"": {"executed_lines": [], "summary": {"covered_lines": 0, "num_statements": 9, "percent_covered": 0.0, "percent_covered_display": "0", "missing_lines": 9, "excluded_lines": 0, "percent_statements_covered": 0.0, "percent_statements_covered_display": "0"}, "missing_lines": [8, 9, 10, 11, 12, 13, 15, 16, 19], "excluded_lines": [], "start_line": 1}}}, "custom_components\\electrolux\\catalog_utils.py": {"executed_lines": [], "summary": {"covered_lines": 0, "num_statements": 12, "percent_covered": 0.0, "percent_covered_display": "0", "missing_lines": 12, "excluded_lines": 0, "percent_statements_covered": 0.0, "percent_statements_covered_display": "0"}, "missing_lines": [3, 5, 7, 13, 16, 24, 35, 43, 53, 59, 69, 75], "excluded_lines": [], "functions": {"create_diagnostic_string_entity": {"executed_lines": [], "summary": {"covered_lines": 0, "num_statements": 1, "percent_covered": 0.0, "percent_covered_display": "0", "missing_lines": 1, "excluded_lines": 0, "percent_statements_covered": 0.0, "percent_statements_covered_display": "0"}, "missing_lines": [24], "excluded_lines": [], "start_line": 16}, "create_diagnostic_number_entity": {"executed_lines": [], "summary": {"covered_lines": 0, "num_statements": 1, "percent_covered": 0.0, "percent_covered_display": "0", "missing_lines": 1, "excluded_lines": 0, "percent_statements_covered": 0.0, "percent_statements_covered_display": "0"}, "missing_lines": [43], "excluded_lines": [], "start_line": 35}, "create_config_entity": {"executed_lines": [], "summary": {"covered_lines": 0, "num_statements": 1, "percent_covered": 0.0, "percent_covered_display": "0", "missing_lines": 1, "excluded_lines": 0, "percent_statements_covered": 0.0, "percent_statements_covered_display": "0"}, "missing_lines": [59], "excluded_lines": [], "start_line": 53}, "create_hidden_entity": {"executed_lines": [], "summary": {"covered_lines": 0, "num_statements": 1, "percent_covered": 0.0, "percent_covered_display": "0", "missing_lines": 1, "excluded_lines": 0, "percent_statements_covered": 0.0, "percent_statements_covered_display": "0"}, "missing_lines": [75], "excluded_lines": [], "start_line": 69}, "": {"executed_lines": [], "summary": {"covered_lines": 0, "num_statements": 8, "percent_covered": 0.0, "percent_covered_display": "0", "missing_lines": 8, "excluded_lines": 0, "percent_statements_covered": 0.0, "percent_statements_covered_display": "0"}, "missing_lines": [3, 5, 7, 13, 16, 35, 53, 69], "excluded_lines": [], "start_line": 1}}, "classes": {"": {"executed_lines": [], "summary": {"covered_lines": 0, "num_statements": 12, "percent_covered": 0.0, "percent_covered_display": "0", "missing_lines": 12, "excluded_lines": 0, "percent_statements_covered": 0.0, "percent_statements_covered_display": "0"}, "missing_lines": [3, 5, 7, 13, 16, 24, 35, 43, 53, 59, 69, 75], "excluded_lines": [], "start_line": 1}}}, "custom_components\\electrolux\\catalog_washer.py": {"executed_lines": [], "summary": {"covered_lines": 0, "num_statements": 11, "percent_covered": 0.0, "percent_covered_display": "0", "missing_lines": 11, "excluded_lines": 0, "percent_statements_covered": 0.0, "percent_statements_covered_display": "0"}, "missing_lines": [3, 4, 5, 6, 7, 8, 9, 11, 20, 21, 23], "excluded_lines": [], "functions": {"": {"executed_lines": [], "summary": {"covered_lines": 0, "num_statements": 11, "percent_covered": 0.0, "percent_covered_display": "0", "missing_lines": 11, "excluded_lines": 0, "percent_statements_covered": 0.0, "percent_statements_covered_display": "0"}, "missing_lines": [3, 4, 5, 6, 7, 8, 9, 11, 20, 21, 23], "excluded_lines": [], "start_line": 1}}, "classes": {"": {"executed_lines": [], "summary": {"covered_lines": 0, "num_statements": 11, "percent_covered": 0.0, "percent_covered_display": "0", "missing_lines": 11, "excluded_lines": 0, "percent_statements_covered": 0.0, "percent_statements_covered_display": "0"}, "missing_lines": [3, 4, 5, 6, 7, 8, 9, 11, 20, 21, 23], "excluded_lines": [], "start_line": 1}}}, "custom_components\\electrolux\\catalog_washer_dryer.py": {"executed_lines": [], "summary": {"covered_lines": 0, "num_statements": 11, "percent_covered": 0.0, "percent_covered_display": "0", "missing_lines": 11, "excluded_lines": 0, "percent_statements_covered": 0.0, "percent_statements_covered_display": "0"}, "missing_lines": [3, 4, 5, 6, 7, 8, 9, 11, 19, 20, 22], "excluded_lines": [], "functions": {"": {"executed_lines": [], "summary": {"covered_lines": 0, "num_statements": 11, "percent_covered": 0.0, "percent_covered_display": "0", "missing_lines": 11, "excluded_lines": 0, "percent_statements_covered": 0.0, "percent_statements_covered_display": "0"}, "missing_lines": [3, 4, 5, 6, 7, 8, 9, 11, 19, 20, 22], "excluded_lines": [], "start_line": 1}}, "classes": {"": {"executed_lines": [], "summary": {"covered_lines": 0, "num_statements": 11, "percent_covered": 0.0, "percent_covered_display": "0", "missing_lines": 11, "excluded_lines": 0, "percent_statements_covered": 0.0, "percent_statements_covered_display": "0"}, "missing_lines": [3, 4, 5, 6, 7, 8, 9, 11, 19, 20, 22], "excluded_lines": [], "start_line": 1}}}, "custom_components\\electrolux\\climate.py": {"executed_lines": [3, 4, 6, 12, 13, 14, 15, 17, 18, 19, 21, 24, 30, 31, 32, 33, 35, 37, 38, 39, 41, 51, 52, 55, 71, 72, 77, 78, 81, 84, 102, 118, 122, 123, 124, 125, 126, 127, 130, 131, 133, 134, 136, 138, 139, 150, 151, 155, 161, 162, 170, 172, 173, 175, 176, 177, 178, 180, 181, 183, 184, 185, 186, 188, 189, 193, 194, 198, 199, 202, 203, 204, 207, 208, 209, 216, 220, 221, 223, 226, 227, 228, 229, 236, 237, 238, 240, 242, 243, 246, 247, 248, 249, 250, 255, 256, 257, 258, 262, 263, 265, 266, 267, 270, 271, 274, 275, 276, 277, 280, 281, 283, 284, 285, 288, 289, 292, 293, 294, 295, 298, 299, 301, 304, 305, 306, 307, 309, 310, 312, 315, 316, 317, 318, 320, 321, 331, 333, 334, 335, 337, 339, 341, 343, 344, 347, 350, 358, 359, 361, 363, 365, 367, 369, 383, 386, 389, 391, 394, 400, 402, 403, 408, 410, 411, 412], "summary": {"covered_lines": 166, "num_statements": 183, "percent_covered": 90.7103825136612, "percent_covered_display": "91", "missing_lines": 17, "excluded_lines": 0, "percent_statements_covered": 90.7103825136612, "percent_statements_covered_display": "91"}, "missing_lines": [53, 146, 147, 148, 191, 196, 218, 260, 268, 278, 286, 296, 323, 326, 327, 328, 329], "excluded_lines": [], "functions": {"async_setup_entry": {"executed_lines": [30, 31, 32, 33, 35, 37, 38, 39, 41, 51, 52, 55, 71, 72, 77, 78], "summary": {"covered_lines": 16, "num_statements": 17, "percent_covered": 94.11764705882354, "percent_covered_display": "94", "missing_lines": 1, "excluded_lines": 0, "percent_statements_covered": 94.11764705882354, "percent_statements_covered_display": "94"}, "missing_lines": [53], "excluded_lines": [], "start_line": 24}, "ElectroluxClimate.__init__": {"executed_lines": [102, 118, 122, 123, 124, 125, 126, 127, 130, 131], "summary": {"covered_lines": 10, "num_statements": 10, "percent_covered": 100.0, "percent_covered_display": "100", "missing_lines": 0, "excluded_lines": 0, "percent_statements_covered": 100.0, "percent_statements_covered_display": "100"}, "missing_lines": [], "excluded_lines": [], "start_line": 84}, "ElectroluxClimate.entity_domain": {"executed_lines": [136], "summary": {"covered_lines": 1, "num_statements": 1, "percent_covered": 100.0, "percent_covered_display": "100", "missing_lines": 0, "excluded_lines": 0, "percent_statements_covered": 100.0, "percent_statements_covered_display": "100"}, "missing_lines": [], "excluded_lines": [], "start_line": 134}, "ElectroluxClimate.available": {"executed_lines": [], "summary": {"covered_lines": 0, "num_statements": 3, "percent_covered": 0.0, "percent_covered_display": "0", "missing_lines": 3, "excluded_lines": 0, "percent_statements_covered": 0.0, "percent_statements_covered_display": "0"}, "missing_lines": [146, 147, 148], "excluded_lines": [], "start_line": 139}, "ElectroluxClimate.supported_features": {"executed_lines": [155], "summary": {"covered_lines": 1, "num_statements": 1, "percent_covered": 100.0, "percent_covered_display": "100", "missing_lines": 0, "excluded_lines": 0, "percent_statements_covered": 100.0, "percent_statements_covered_display": "100"}, "missing_lines": [], "excluded_lines": [], "start_line": 151}, "ElectroluxClimate.temperature_unit": {"executed_lines": [170], "summary": {"covered_lines": 1, "num_statements": 1, "percent_covered": 100.0, "percent_covered_display": "100", "missing_lines": 0, "excluded_lines": 0, "percent_statements_covered": 100.0, "percent_statements_covered_display": "100"}, "missing_lines": [], "excluded_lines": [], "start_line": 162}, "ElectroluxClimate.current_temperature": {"executed_lines": [175, 176, 177, 178], "summary": {"covered_lines": 4, "num_statements": 4, "percent_covered": 100.0, "percent_covered_display": "100", "missing_lines": 0, "excluded_lines": 0, "percent_statements_covered": 100.0, "percent_statements_covered_display": "100"}, "missing_lines": [], "excluded_lines": [], "start_line": 173}, "ElectroluxClimate.target_temperature": {"executed_lines": [183, 184, 185, 186], "summary": {"covered_lines": 4, "num_statements": 4, "percent_covered": 100.0, "percent_covered_display": "100", "missing_lines": 0, "excluded_lines": 0, "percent_statements_covered": 100.0, "percent_statements_covered_display": "100"}, "missing_lines": [], "excluded_lines": [], "start_line": 181}, "ElectroluxClimate.target_temperature_high": {"executed_lines": [], "summary": {"covered_lines": 0, "num_statements": 1, "percent_covered": 0.0, "percent_covered_display": "0", "missing_lines": 1, "excluded_lines": 0, "percent_statements_covered": 0.0, "percent_statements_covered_display": "0"}, "missing_lines": [191], "excluded_lines": [], "start_line": 189}, "ElectroluxClimate.target_temperature_low": {"executed_lines": [], "summary": {"covered_lines": 0, "num_statements": 1, "percent_covered": 0.0, "percent_covered_display": "0", "missing_lines": 1, "excluded_lines": 0, "percent_statements_covered": 0.0, "percent_statements_covered_display": "0"}, "missing_lines": [196], "excluded_lines": [], "start_line": 194}, "ElectroluxClimate.hvac_mode": {"executed_lines": [202, 203, 204, 207, 208, 209, 216], "summary": {"covered_lines": 7, "num_statements": 8, "percent_covered": 87.5, "percent_covered_display": "88", "missing_lines": 1, "excluded_lines": 0, "percent_statements_covered": 87.5, "percent_statements_covered_display": "88"}, "missing_lines": [218], "excluded_lines": [], "start_line": 199}, "ElectroluxClimate.hvac_modes": {"executed_lines": [223, 226, 227, 228, 229, 236, 237, 238, 240], "summary": {"covered_lines": 9, "num_statements": 9, "percent_covered": 100.0, "percent_covered_display": "100", "missing_lines": 0, "excluded_lines": 0, "percent_statements_covered": 100.0, "percent_statements_covered_display": "100"}, "missing_lines": [], "excluded_lines": [], "start_line": 221}, "ElectroluxClimate.hvac_action": {"executed_lines": [246, 247, 248, 249, 250, 255, 256, 257, 258], "summary": {"covered_lines": 9, "num_statements": 10, "percent_covered": 90.0, "percent_covered_display": "90", "missing_lines": 1, "excluded_lines": 0, "percent_statements_covered": 90.0, "percent_statements_covered_display": "90"}, "missing_lines": [260], "excluded_lines": [], "start_line": 243}, "ElectroluxClimate.fan_mode": {"executed_lines": [265, 266, 267], "summary": {"covered_lines": 3, "num_statements": 4, "percent_covered": 75.0, "percent_covered_display": "75", "missing_lines": 1, "excluded_lines": 0, "percent_statements_covered": 75.0, "percent_statements_covered_display": "75"}, "missing_lines": [268], "excluded_lines": [], "start_line": 263}, "ElectroluxClimate.fan_modes": {"executed_lines": [274, 275, 276, 277], "summary": {"covered_lines": 4, "num_statements": 5, "percent_covered": 80.0, "percent_covered_display": "80", "missing_lines": 1, "excluded_lines": 0, "percent_statements_covered": 80.0, "percent_statements_covered_display": "80"}, "missing_lines": [278], "excluded_lines": [], "start_line": 271}, "ElectroluxClimate.swing_mode": {"executed_lines": [283, 284, 285], "summary": {"covered_lines": 3, "num_statements": 4, "percent_covered": 75.0, "percent_covered_display": "75", "missing_lines": 1, "excluded_lines": 0, "percent_statements_covered": 75.0, "percent_statements_covered_display": "75"}, "missing_lines": [286], "excluded_lines": [], "start_line": 281}, "ElectroluxClimate.swing_modes": {"executed_lines": [292, 293, 294, 295], "summary": {"covered_lines": 4, "num_statements": 5, "percent_covered": 80.0, "percent_covered_display": "80", "missing_lines": 1, "excluded_lines": 0, "percent_statements_covered": 80.0, "percent_statements_covered_display": "80"}, "missing_lines": [296], "excluded_lines": [], "start_line": 289}, "ElectroluxClimate.min_temp": {"executed_lines": [301, 304, 305, 306, 307], "summary": {"covered_lines": 5, "num_statements": 5, "percent_covered": 100.0, "percent_covered_display": "100", "missing_lines": 0, "excluded_lines": 0, "percent_statements_covered": 100.0, "percent_statements_covered_display": "100"}, "missing_lines": [], "excluded_lines": [], "start_line": 299}, "ElectroluxClimate.max_temp": {"executed_lines": [312, 315, 316, 317, 318], "summary": {"covered_lines": 5, "num_statements": 5, "percent_covered": 100.0, "percent_covered_display": "100", "missing_lines": 0, "excluded_lines": 0, "percent_statements_covered": 100.0, "percent_statements_covered_display": "100"}, "missing_lines": [], "excluded_lines": [], "start_line": 310}, "ElectroluxClimate.target_temperature_step": {"executed_lines": [], "summary": {"covered_lines": 0, "num_statements": 5, "percent_covered": 0.0, "percent_covered_display": "0", "missing_lines": 5, "excluded_lines": 0, "percent_statements_covered": 0.0, "percent_statements_covered_display": "0"}, "missing_lines": [323, 326, 327, 328, 329], "excluded_lines": [], "start_line": 321}, "ElectroluxClimate.async_set_temperature": {"executed_lines": [333, 334, 335, 337], "summary": {"covered_lines": 4, "num_statements": 4, "percent_covered": 100.0, "percent_covered_display": "100", "missing_lines": 0, "excluded_lines": 0, "percent_statements_covered": 100.0, "percent_statements_covered_display": "100"}, "missing_lines": [], "excluded_lines": [], "start_line": 331}, "ElectroluxClimate.async_set_hvac_mode": {"executed_lines": [341, 343, 344, 347, 350, 358, 359], "summary": {"covered_lines": 7, "num_statements": 7, "percent_covered": 100.0, "percent_covered_display": "100", "missing_lines": 0, "excluded_lines": 0, "percent_statements_covered": 100.0, "percent_statements_covered_display": "100"}, "missing_lines": [], "excluded_lines": [], "start_line": 339}, "ElectroluxClimate.async_set_fan_mode": {"executed_lines": [363], "summary": {"covered_lines": 1, "num_statements": 1, "percent_covered": 100.0, "percent_covered_display": "100", "missing_lines": 0, "excluded_lines": 0, "percent_statements_covered": 100.0, "percent_statements_covered_display": "100"}, "missing_lines": [], "excluded_lines": [], "start_line": 361}, "ElectroluxClimate.async_set_swing_mode": {"executed_lines": [367], "summary": {"covered_lines": 1, "num_statements": 1, "percent_covered": 100.0, "percent_covered_display": "100", "missing_lines": 0, "excluded_lines": 0, "percent_statements_covered": 100.0, "percent_statements_covered_display": "100"}, "missing_lines": [], "excluded_lines": [], "start_line": 365}, "ElectroluxClimate._send_command": {"executed_lines": [383, 386, 389, 391, 394, 400, 402, 403, 408, 410, 411, 412], "summary": {"covered_lines": 12, "num_statements": 12, "percent_covered": 100.0, "percent_covered_display": "100", "missing_lines": 0, "excluded_lines": 0, "percent_statements_covered": 100.0, "percent_statements_covered_display": "100"}, "missing_lines": [], "excluded_lines": [], "start_line": 369}, "": {"executed_lines": [3, 4, 6, 12, 13, 14, 15, 17, 18, 19, 21, 24, 81, 84, 133, 134, 138, 139, 150, 151, 161, 162, 172, 173, 180, 181, 188, 189, 193, 194, 198, 199, 220, 221, 242, 243, 262, 263, 270, 271, 280, 281, 288, 289, 298, 299, 309, 310, 320, 321, 331, 339, 361, 365, 369], "summary": {"covered_lines": 55, "num_statements": 55, "percent_covered": 100.0, "percent_covered_display": "100", "missing_lines": 0, "excluded_lines": 0, "percent_statements_covered": 100.0, "percent_statements_covered_display": "100"}, "missing_lines": [], "excluded_lines": [], "start_line": 1}}, "classes": {"ElectroluxClimate": {"executed_lines": [102, 118, 122, 123, 124, 125, 126, 127, 130, 131, 136, 155, 170, 175, 176, 177, 178, 183, 184, 185, 186, 202, 203, 204, 207, 208, 209, 216, 223, 226, 227, 228, 229, 236, 237, 238, 240, 246, 247, 248, 249, 250, 255, 256, 257, 258, 265, 266, 267, 274, 275, 276, 277, 283, 284, 285, 292, 293, 294, 295, 301, 304, 305, 306, 307, 312, 315, 316, 317, 318, 333, 334, 335, 337, 341, 343, 344, 347, 350, 358, 359, 363, 367, 383, 386, 389, 391, 394, 400, 402, 403, 408, 410, 411, 412], "summary": {"covered_lines": 95, "num_statements": 111, "percent_covered": 85.58558558558559, "percent_covered_display": "86", "missing_lines": 16, "excluded_lines": 0, "percent_statements_covered": 85.58558558558559, "percent_statements_covered_display": "86"}, "missing_lines": [146, 147, 148, 191, 196, 218, 260, 268, 278, 286, 296, 323, 326, 327, 328, 329], "excluded_lines": [], "start_line": 81}, "": {"executed_lines": [3, 4, 6, 12, 13, 14, 15, 17, 18, 19, 21, 24, 30, 31, 32, 33, 35, 37, 38, 39, 41, 51, 52, 55, 71, 72, 77, 78, 81, 84, 133, 134, 138, 139, 150, 151, 161, 162, 172, 173, 180, 181, 188, 189, 193, 194, 198, 199, 220, 221, 242, 243, 262, 263, 270, 271, 280, 281, 288, 289, 298, 299, 309, 310, 320, 321, 331, 339, 361, 365, 369], "summary": {"covered_lines": 71, "num_statements": 72, "percent_covered": 98.61111111111111, "percent_covered_display": "99", "missing_lines": 1, "excluded_lines": 0, "percent_statements_covered": 98.61111111111111, "percent_statements_covered_display": "99"}, "missing_lines": [53], "excluded_lines": [], "start_line": 1}}}, "custom_components\\electrolux\\config_flow.py": {"executed_lines": [3, 4, 5, 7, 8, 9, 15, 16, 17, 18, 19, 20, 26, 27, 36, 38, 41, 45, 47, 48, 50, 55, 57, 62, 65, 66, 71, 72, 73, 74, 77, 79, 82, 84, 85, 86, 89, 94, 95, 97, 98, 102, 103, 104, 105, 106, 108, 111, 114, 116, 118, 120, 125, 130, 139, 140, 144, 146, 151, 153, 154, 155, 164, 166, 167, 168, 170, 174, 176, 177, 178, 179, 182, 184, 186, 190, 191, 192, 194, 196, 197, 198, 199, 201, 205, 211, 216, 217, 219, 221, 222, 229, 230, 231, 234, 235, 236, 237, 244, 249, 252, 253, 256, 257, 259, 263, 264, 265, 266, 267, 268, 269, 271, 276, 277, 278, 282, 284, 288, 289, 290, 291, 293, 294, 299, 300, 301, 306, 311, 312, 313, 314, 315, 316, 318, 319, 321, 322, 329, 330, 331, 335, 337, 358, 375, 377, 379, 381, 388, 392, 398, 399, 406, 407, 408, 409, 416, 419, 422, 424, 426, 428, 430, 433, 434, 435, 436, 439, 442, 446, 447, 449, 482, 486, 492, 493, 500, 501, 502, 503, 510, 512, 517, 521, 524, 527, 531, 532, 535, 536, 539, 540, 541, 542, 543, 544, 545, 546, 547, 548, 549, 550, 552, 555, 557, 561, 562, 563, 564, 566, 575, 584, 590, 593, 596, 598, 600, 602, 606, 608, 612, 614, 616, 617, 620, 621, 626, 627, 628, 631, 634, 641, 643, 644, 645, 646, 649, 650, 657, 660, 663, 665, 668, 670, 671, 674, 675, 676, 678, 679, 680, 686, 712, 721, 725, 731, 732, 739, 740, 741, 742, 749], "summary": {"covered_lines": 262, "num_statements": 293, "percent_covered": 89.419795221843, "percent_covered_display": "89", "missing_lines": 31, "excluded_lines": 0, "percent_statements_covered": 89.419795221843, "percent_statements_covered_display": "89"}, "missing_lines": [131, 132, 135, 156, 158, 159, 223, 226, 227, 238, 239, 240, 317, 333, 359, 410, 411, 415, 504, 505, 509, 622, 623, 635, 636, 651, 652, 653, 743, 744, 748], "excluded_lines": [], "functions": {"_validate_credentials": {"executed_lines": [45, 47, 48, 50, 55, 57, 62, 65, 66, 71, 72, 73, 74, 77, 79], "summary": {"covered_lines": 15, "num_statements": 15, "percent_covered": 100.0, "percent_covered_display": "100", "missing_lines": 0, "excluded_lines": 0, "percent_statements_covered": 100.0, "percent_statements_covered_display": "100"}, "missing_lines": [], "excluded_lines": [], "start_line": 41}, "_mask_token": {"executed_lines": [84, 85, 86], "summary": {"covered_lines": 3, "num_statements": 3, "percent_covered": 100.0, "percent_covered_display": "100", "missing_lines": 0, "excluded_lines": 0, "percent_statements_covered": 100.0, "percent_statements_covered_display": "100"}, "missing_lines": [], "excluded_lines": [], "start_line": 82}, "_extract_token_expiry": {"executed_lines": [94, 95, 97, 98, 102, 103, 104, 105, 106, 108], "summary": {"covered_lines": 10, "num_statements": 10, "percent_covered": 100.0, "percent_covered_display": "100", "missing_lines": 0, "excluded_lin
[...]
s_covered_display": "100"}, "missing_lines": [], "excluded_lines": [], "start_line": 28}, "ElectroluxText.__init__": {"executed_lines": [70], "summary": {"covered_lines": 1, "num_statements": 1, "percent_covered": 100.0, "percent_covered_display": "100", "missing_lines": 0, "excluded_lines": 0, "percent_statements_covered": 100.0, "percent_statements_covered_display": "100"}, "missing_lines": [], "excluded_lines": [], "start_line": 52}, "ElectroluxText.entity_domain": {"executed_lines": [90], "summary": {"covered_lines": 1, "num_statements": 1, "percent_covered": 100.0, "percent_covered_display": "100", "missing_lines": 0, "excluded_lines": 0, "percent_statements_covered": 100.0, "percent_statements_covered_display": "100"}, "missing_lines": [], "excluded_lines": [], "start_line": 88}, "ElectroluxText.native_max_len": {"executed_lines": [95], "summary": {"covered_lines": 1, "num_statements": 1, "percent_covered": 100.0, "percent_covered_display": "100", "missing_lines": 0, "excluded_lines": 0, "percent_statements_covered": 100.0, "percent_statements_covered_display": "100"}, "missing_lines": [], "excluded_lines": [], "start_line": 93}, "ElectroluxText.native_min_len": {"executed_lines": [100], "summary": {"covered_lines": 1, "num_statements": 1, "percent_covered": 100.0, "percent_covered_display": "100", "missing_lines": 0, "excluded_lines": 0, "percent_statements_covered": 100.0, "percent_statements_covered_display": "100"}, "missing_lines": [], "excluded_lines": [], "start_line": 98}, "ElectroluxText.native_pattern": {"executed_lines": [105], "summary": {"covered_lines": 1, "num_statements": 1, "percent_covered": 100.0, "percent_covered_display": "100", "missing_lines": 0, "excluded_lines": 0, "percent_statements_covered": 100.0, "percent_statements_covered_display": "100"}, "missing_lines": [], "excluded_lines": [], "start_line": 103}, "ElectroluxText.native_mode": {"executed_lines": [110, 111, 112], "summary": {"covered_lines": 3, "num_statements": 3, "percent_covered": 100.0, "percent_covered_display": "100", "missing_lines": 0, "excluded_lines": 0, "percent_statements_covered": 100.0, "percent_statements_covered_display": "100"}, "missing_lines": [], "excluded_lines": [], "start_line": 108}, "ElectroluxText.native_value": {"executed_lines": [117, 118, 119, 120, 121, 122, 124], "summary": {"covered_lines": 7, "num_statements": 8, "percent_covered": 87.5, "percent_covered_display": "88", "missing_lines": 1, "excluded_lines": 0, "percent_statements_covered": 87.5, "percent_statements_covered_display": "88"}, "missing_lines": [123], "excluded_lines": [], "start_line": 115}, "ElectroluxText.async_set_value": {"executed_lines": [129, 146, 149, 151, 152, 153, 168, 173, 174, 176, 177, 178, 181, 186, 188, 189], "summary": {"covered_lines": 16, "num_statements": 26, "percent_covered": 61.53846153846154, "percent_covered_display": "62", "missing_lines": 10, "excluded_lines": 0, "percent_statements_covered": 61.53846153846154, "percent_statements_covered_display": "62"}, "missing_lines": [130, 131, 137, 155, 160, 161, 170, 183, 184, 185], "excluded_lines": [], "start_line": 126}, "": {"executed_lines": [4, 5, 7, 8, 9, 10, 11, 12, 14, 15, 16, 17, 18, 24, 25, 28, 49, 52, 87, 88, 92, 93, 97, 98, 102, 103, 107, 108, 114, 115, 126], "summary": {"covered_lines": 31, "num_statements": 31, "percent_covered": 100.0, "percent_covered_display": "100", "missing_lines": 0, "excluded_lines": 0, "percent_statements_covered": 100.0, "percent_statements_covered_display": "100"}, "missing_lines": [], "excluded_lines": [], "start_line": 1}}, "classes": {"ElectroluxText": {"executed_lines": [70, 90, 95, 100, 105, 110, 111, 112, 117, 118, 119, 120, 121, 122, 124, 129, 146, 149, 151, 152, 153, 168, 173, 174, 176, 177, 178, 181, 186, 188, 189], "summary": {"covered_lines": 31, "num_statements": 42, "percent_covered": 73.80952380952381, "percent_covered_display": "74", "missing_lines": 11, "excluded_lines": 0, "percent_statements_covered": 73.80952380952381, "percent_statements_covered_display": "74"}, "missing_lines": [123, 130, 131, 137, 155, 160, 161, 170, 183, 184, 185], "excluded_lines": [], "start_line": 49}, "": {"executed_lines": [4, 5, 7, 8, 9, 10, 11, 12, 14, 15, 16, 17, 18, 24, 25, 28, 34, 35, 36, 37, 40, 45, 46, 49, 52, 87, 88, 92, 93, 97, 98, 102, 103, 107, 108, 114, 115, 126], "summary": {"covered_lines": 38, "num_statements": 38, "percent_covered": 100.0, "percent_covered_display": "100", "missing_lines": 0, "excluded_lines": 0, "percent_statements_covered": 100.0, "percent_statements_covered_display": "100"}, "missing_lines": [], "excluded_lines": [], "start_line": 1}}}, "custom_components\\electrolux\\token_manager.py": {"executed_lines": [3, 4, 5, 6, 8, 9, 12, 15, 18, 22, 24, 26, 29, 37, 45, 48, 51, 52, 53, 54, 55, 56, 57, 59, 69, 75, 76, 80, 81, 82, 85, 87, 91, 92, 95, 96, 98, 99, 103, 106, 107, 108, 109, 112, 113, 115, 117, 121, 122, 123, 126, 128, 132, 134, 138, 140, 151, 152, 153, 156, 157, 160, 164, 168, 169, 178, 179, 182, 184, 185, 187, 193, 195, 200, 204, 205, 208, 211, 216, 217, 220, 221, 223, 226, 231, 236, 241, 242, 250, 251, 252, 253, 256, 258, 259, 260, 263, 265, 269, 273, 274, 280, 281, 284, 289, 290, 293, 296, 297, 298, 299, 303, 305, 314, 315, 321], "summary": {"covered_lines": 116, "num_statements": 127, "percent_covered": 91.33858267716535, "percent_covered_display": "91", "missing_lines": 11, "excluded_lines": 0, "percent_statements_covered": 91.33858267716535, "percent_statements_covered_display": "91"}, "missing_lines": [70, 73, 118, 119, 120, 170, 171, 175, 188, 191, 286], "excluded_lines": [], "functions": {"ElectroluxTokenManager.__init__": {"executed_lines": [45, 48, 51, 52, 53, 54, 55, 56, 57], "summary": {"covered_lines": 9, "num_statements": 9, "percent_covered": 100.0, "percent_covered_display": "100", "missing_lines": 0, "excluded_lines": 0, "percent_statements_covered": 100.0, "percent_statements_covered_display": "100"}, "missing_lines": [], "excluded_lines": [], "start_line": 37}, "ElectroluxTokenManager.is_token_valid": {"executed_lines": [69, 75, 76, 80, 81, 82, 85, 87, 91, 92, 95, 96, 98, 99, 103, 106, 107, 108, 109, 112, 113, 115, 117, 121, 122, 123, 126], "summary": {"covered_lines": 27, "num_statements": 32, "percent_covered": 84.375, "percent_covered_display": "84", "missing_lines": 5, "excluded_lines": 0, "percent_statements_covered": 84.375, "percent_statements_covered_display": "84"}, "missing_lines": [70, 73, 118, 119, 120], "excluded_lines": [], "start_line": 59}, "ElectroluxTokenManager.set_token_update_callback_with_expiry": {"executed_lines": [132], "summary": {"covered_lines": 1, "num_statements": 1, "percent_covered": 100.0, "percent_covered_display": "100", "missing_lines": 0, "excluded_lines": 0, "percent_statements_covered": 100.0, "percent_statements_covered_display": "100"}, "missing_lines": [], "excluded_lines": [], "start_line": 128}, "ElectroluxTokenManager.set_auth_error_callback": {"executed_lines": [138], "summary": {"covered_lines": 1, "num_statements": 1, "percent_covered": 100.0, "percent_covered_display": "100", "missing_lines": 0, "excluded_lines": 0, "percent_statements_covered": 100.0, "percent_statements_covered_display": "100"}, "missing_lines": [], "excluded_lines": [], "start_line": 134}, "ElectroluxTokenManager.refresh_token": {"executed_lines": [151, 152, 153, 156, 157, 160, 164, 168, 169, 178, 179, 182, 184, 185, 187, 193, 195, 200, 204, 205, 208, 211, 216, 217, 220, 221, 223, 226, 231, 236, 241, 242, 250, 251, 252, 253, 256, 258, 259, 260, 263, 265, 269, 273, 274, 280, 281, 284, 289, 290, 293, 296, 297, 298, 299, 303], "summary": {"covered_lines": 56, "num_statements": 62, "percent_covered": 90.3225806451613, "percent_covered_display": "90", "missing_lines": 6, "excluded_lines": 0, "percent_statements_covered": 90.3225806451613, "percent_statements_covered_display": "90"}, "missing_lines": [170, 171, 175, 188, 191, 286], "excluded_lines": [], "start_line": 140}, "ElectroluxTokenManager.update_with_expiry": {"executed_lines": [314, 315, 321], "summary": {"covered_lines": 3, "num_statements": 3, "percent_covered": 100.0, "percent_covered_display": "100", "missing_lines": 0, "excluded_lines": 0, "percent_statements_covered": 100.0, "percent_statements_covered_display": "100"}, "missing_lines": [], "excluded_lines": [], "start_line": 305}, "": {"executed_lines": [3, 4, 5, 6, 8, 9, 12, 15, 18, 22, 24, 26, 29, 37, 59, 128, 134, 140, 305], "summary": {"covered_lines": 19, "num_statements": 19, "percent_covered": 100.0, "percent_covered_display": "100", "missing_lines": 0, "excluded_lines": 0, "percent_statements_covered": 100.0, "percent_statements_covered_display": "100"}, "missing_lines": [], "excluded_lines": [], "start_line": 1}}, "classes": {"ElectroluxTokenManager": {"executed_lines": [45, 48, 51, 52, 53, 54, 55, 56, 57, 69, 75, 76, 80, 81, 82, 85, 87, 91, 92, 95, 96, 98, 99, 103, 106, 107, 108, 109, 112, 113, 115, 117, 121, 122, 123, 126, 132, 138, 151, 152, 153, 156, 157, 160, 164, 168, 169, 178, 179, 182, 184, 185, 187, 193, 195, 200, 204, 205, 208, 211, 216, 217, 220, 221, 223, 226, 231, 236, 241, 242, 250, 251, 252, 253, 256, 258, 259, 260, 263, 265, 269, 273, 274, 280, 281, 284, 289, 290, 293, 296, 297, 298, 299, 303, 314, 315, 321], "summary": {"covered_lines": 97, "num_statements": 108, "percent_covered": 89.81481481481481, "percent_covered_display": "90", "missing_lines": 11, "excluded_lines": 0, "percent_statements_covered": 89.81481481481481, "percent_statements_covered_display": "90"}, "missing_lines": [70, 73, 118, 119, 120, 170, 171, 175, 188, 191, 286], "excluded_lines": [], "start_line": 29}, "": {"executed_lines": [3, 4, 5, 6, 8, 9, 12, 15, 18, 22, 24, 26, 29, 37, 59, 128, 134, 140, 305], "summary": {"covered_lines": 19, "num_statements": 19, "percent_covered": 100.0, "percent_covered_display": "100", "missing_lines": 0, "excluded_lines": 0, "percent_statements_covered": 100.0, "percent_statements_covered_display": "100"}, "missing_lines": [], "excluded_lines": [], "start_line": 1}}}, "custom_components\\electrolux\\util.py": {"executed_lines": [3, 4, 5, 6, 7, 9, 10, 11, 13, 14, 23, 33, 35, 38, 40, 42, 44, 45, 47, 50, 60, 64, 73, 74, 75, 76, 79, 84, 93, 95, 97, 99, 102, 104, 106, 108, 111, 118, 125, 149, 151, 152, 153, 154, 156, 158, 163, 165, 166, 168, 202, 236, 238, 239, 240, 241, 242, 243, 244, 245, 248, 345, 368, 369, 380, 385, 388, 389, 390, 392, 393, 396, 400, 413, 415, 419, 421, 423, 424, 436, 437, 443, 446, 530, 531, 547, 613, 616, 617, 624, 631, 642, 649, 656, 679, 721, 728, 731, 746, 747, 749, 750, 755, 758, 774, 776, 777, 778, 781, 783, 785, 786, 788, 789, 793, 795, 796, 799, 800, 803, 804, 805, 806, 809, 811, 812, 814, 817, 818, 819, 820, 822, 830, 832, 834, 836, 838, 839, 841, 843, 844, 845, 850, 851, 854, 855, 856, 857, 859, 866], "summary": {"covered_lines": 150, "num_statements": 299, "percent_covered": 50.16722408026756, "percent_covered_display": "50", "missing_lines": 149, "excluded_lines": 0, "percent_statements_covered": 50.16722408026756, "percent_statements_covered_display": "50"}, "missing_lines": [41, 43, 65, 70, 96, 98, 105, 107, 113, 114, 115, 120, 121, 122, 256, 258, 259, 260, 261, 262, 263, 265, 266, 269, 270, 272, 273, 275, 286, 288, 299, 301, 311, 313, 324, 326, 337, 339, 340, 342, 394, 395, 397, 401, 402, 403, 404, 405, 406, 407, 408, 409, 410, 411, 414, 416, 425, 427, 428, 429, 430, 431, 433, 438, 439, 440, 441, 447, 455, 470, 471, 474, 475, 476, 477, 478, 479, 486, 489, 490, 492, 493, 494, 499, 500, 502, 506, 510, 512, 514, 516, 517, 519, 527, 532, 539, 548, 555, 556, 559, 561, 562, 563, 564, 565, 572, 574, 575, 577, 578, 579, 584, 585, 587, 591, 595, 597, 598, 600, 601, 603, 610, 666, 673, 690, 691, 692, 693, 694, 696, 700, 701, 703, 705, 706, 707, 709, 711, 718, 752, 791, 824, 825, 828, 847, 869, 873, 874, 875], "excluded_lines": [], "functions": {"should_send_notification": {"executed_lines": [40, 42, 44, 45, 47], "summary": {"covered_lines": 5, "num_statements": 7, "percent_covered": 71.42857142857143, "percent_covered_display": "71", "missing_lines": 2, "excluded_lines": 0, "percent_statements_covered": 71.42857142857143, "percent_statements_covered_display": "71"}, "missing_lines": [41, 43], "excluded_lines": [], "start_line": 38}, "create_notification": {"executed_lines": [60, 64, 73, 74, 75, 76, 79, 84], "summary": {"covered_lines": 8, "num_statements": 10, "percent_covered": 80.0, "percent_covered_display": "80", "missing_lines": 2, "excluded_lines": 0, "percent_statements_covered": 80.0, "percent_statements_covered_display": "80"}, "missing_lines": [65, 70], "excluded_lines": [], "start_line": 50}, "time_seconds_to_minutes": {"executed_lines": [95, 97, 99], "summary": {"covered_lines": 3, "num_statements": 5, "percent_covered": 60.0, "percent_covered_display": "60", "missing_lines": 2, "excluded_lines": 0, "percent_statements_covered": 60.0, "percent_statements_covered_display": "60"}, "missing_lines": [96, 98], "excluded_lines": [], "start_line": 93}, "time_minutes_to_seconds": {"executed_lines": [104, 106, 108], "summary": {"covered_lines": 3, "num_statements": 5, "percent_covered": 60.0, "percent_covered_display": "60", "missing_lines": 2, "excluded_lines": 0, "percent_statements_covered": 60.0, "percent_statements_covered_display": "60"}, "missing_lines": [105, 107], "excluded_lines": [], "start_line": 102}, "celsius_to_fahrenheit": {"executed_lines": [], "summary": {"covered_lines": 0, "num_statements": 3, "percent_covered": 0.0, "percent_covered_display": "0", "missing_lines": 3, "excluded_lines": 0, "percent_statements_covered": 0.0, "percent_statements_covered_display": "0"}, "missing_lines": [113, 114, 115], "excluded_lines": [], "start_line": 111}, "fahrenheit_to_celsius": {"executed_lines": [], "summary": {"covered_lines": 0, "num_statements": 3, "percent_covered": 0.0, "percent_covered_display": "0", "missing_lines": 3, "excluded_lines": 0, "percent_statements_covered": 0.0, "percent_statements_covered_display": "0"}, "missing_lines": [120, 121, 122], "excluded_lines": [], "start_line": 118}, "execute_command_with_error_handling": {"executed_lines": [149, 151, 152, 153, 154, 156, 158], "summary": {"covered_lines": 7, "num_statements": 7, "percent_covered": 100.0, "percent_covered_display": "100", "missing_lines": 0, "excluded_lines": 0, "percent_statements_covered": 100.0, "percent_statements_covered_display": "100"}, "missing_lines": [], "excluded_lines": [], "start_line": 125}, "string_to_boolean": {"executed_lines": [165, 166, 168, 202, 236, 238, 239, 240, 241, 242, 243, 244, 245], "summary": {"covered_lines": 13, "num_statements": 13, "percent_covered": 100.0, "percent_covered_display": "100", "missing_lines": 0, "excluded_lines": 0, "percent_statements_covered": 100.0, "percent_statements_covered_display": "100"}, "missing_lines": [], "excluded_lines": [], "start_line": 163}, "_parse_error_detail_for_user_message": {"executed_lines": [], "summary": {"covered_lines": 0, "num_statements": 26, "percent_covered": 0.0, "percent_covered_display": "0", "missing_lines": 26, "excluded_lines": 0, "percent_statements_covered": 0.0, "percent_statements_covered_display": "0"}, "missing_lines": [256, 258, 259, 260, 261, 262, 263, 265, 266, 269, 270, 272, 273, 275, 286, 288, 299, 301, 311, 313, 324, 326, 337, 339, 340, 342], "excluded_lines": [], "start_line": 248}, "map_command_error_to_home_assistant_error": {"executed_lines": [368, 369, 380, 385, 388, 389, 390, 392, 393, 396, 400, 413, 415, 419, 421, 423, 424, 436, 437, 443, 446, 530, 531, 547, 613, 616, 617, 624, 631, 642, 649, 656, 679, 721, 728], "summary": {"covered_lines": 35, "num_statements": 134, "percent_covered": 26.119402985074625, "percent_covered_display": "26", "missing_lines": 99, "excluded_lines": 0, "percent_statements_covered": 26.119402985074625, "percent_statements_covered_display": "26"}, "missing_lines": [394, 395, 397, 401, 402, 403, 404, 405, 406, 407, 408, 409, 410, 411, 414, 416, 425, 427, 428, 429, 430, 431, 433, 438, 439, 440, 441, 447, 455, 470, 471, 474, 475, 476, 477, 478, 479, 486, 489, 490, 492, 493, 494, 499, 500, 502, 506, 510, 512, 514, 516, 517, 519, 527, 532, 539, 548, 555, 556, 559, 561, 562, 563, 564, 565, 572, 574, 575, 577, 578, 579, 584, 585, 587, 591, 595, 597, 598, 600, 601, 603, 610, 666, 673, 690, 691, 692, 693, 694, 696, 700, 701, 703, 705, 706, 707, 709, 711, 718], "excluded_lines": [], "start_line": 345}, "get_capability": {"executed_lines": [746, 747, 749, 750, 755], "summary": {"covered_lines": 5, "num_statements": 6, "percent_covered": 83.33333333333333, "percent_covered_display": "83", "missing_lines": 1, "excluded_lines": 0, "percent_statements_covered": 83.33333333333333, "percent_statements_covered_display": "83"}, "missing_lines": [752], "excluded_lines": [], "start_line": 731}, "format_command_for_appliance": {"executed_lines": [774, 776, 777, 778, 781, 783, 785, 786, 788, 789, 793, 795, 796, 799, 800, 803, 804, 805, 806, 809, 811, 812, 814, 817, 818, 819, 820, 822, 830, 832, 834, 836, 838, 839, 841, 843, 844, 845, 850, 851, 854, 855, 856, 857, 859, 866], "summary": {"covered_lines": 46, "num_statements": 55, "percent_covered": 83.63636363636364, "percent_covered_display": "84", "missing_lines": 9, "excluded_lines": 0, "percent_statements_covered": 83.63636363636364, "percent_statements_covered_display": "84"}, "missing_lines": [791, 824, 825, 828, 847, 869, 873, 874, 875], "excluded_lines": [], "start_line": 758}, "": {"executed_lines": [3, 4, 5, 6, 7, 9, 10, 11, 13, 14, 23, 33, 35, 38, 50, 93, 102, 111, 118, 125, 163, 248, 345, 731, 758], "summary": {"covered_lines": 25, "num_statements": 25, "percent_covered": 100.0, "percent_covered_display": "100", "missing_lines": 0, "excluded_lines": 0, "percent_statements_covered": 100.0, "percent_statements_covered_display": "100"}, "missing_lines": [], "excluded_lines": [], "start_line": 1}}, "classes": {"": {"executed_lines": [3, 4, 5, 6, 7, 9, 10, 11, 13, 14, 23, 33, 35, 38, 40, 42, 44, 45, 47, 50, 60, 64, 73, 74, 75, 76, 79, 84, 93, 95, 97, 99, 102, 104, 106, 108, 111, 118, 125, 149, 151, 152, 153, 154, 156, 158, 163, 165, 166, 168, 202, 236, 238, 239, 240, 241, 242, 243, 244, 245, 248, 345, 368, 369, 380, 385, 388, 389, 390, 392, 393, 396, 400, 413, 415, 419, 421, 423, 424, 436, 437, 443, 446, 530, 531, 547, 613, 616, 617, 624, 631, 642, 649, 656, 679, 721, 728, 731, 746, 747, 749, 750, 755, 758, 774, 776, 777, 778, 781, 783, 785, 786, 788, 789, 793, 795, 796, 799, 800, 803, 804, 805, 806, 809, 811, 812, 814, 817, 818, 819, 820, 822, 830, 832, 834, 836, 838, 839, 841, 843, 844, 845, 850, 851, 854, 855, 856, 857, 859, 866], "summary": {"covered_lines": 150, "num_statements": 299, "percent_covered": 50.16722408026756, "percent_covered_display": "50", "missing_lines": 149, "excluded_lines": 0, "percent_statements_covered": 50.16722408026756, "percent_statements_covered_display": "50"}, "missing_lines": [41, 43, 65, 70, 96, 98, 105, 107, 113, 114, 115, 120, 121, 122, 256, 258, 259, 260, 261, 262, 263, 265, 266, 269, 270, 272, 273, 275, 286, 288, 299, 301, 311, 313, 324, 326, 337, 339, 340, 342, 394, 395, 397, 401, 402, 403, 404, 405, 406, 407, 408, 409, 410, 411, 414, 416, 425, 427, 428, 429, 430, 431, 433, 438, 439, 440, 441, 447, 455, 470, 471, 474, 475, 476, 477, 478, 479, 486, 489, 490, 492, 493, 494, 499, 500, 502, 506, 510, 512, 514, 516, 517, 519, 527, 532, 539, 548, 555, 556, 559, 561, 562, 563, 564, 565, 572, 574, 575, 577, 578, 579, 584, 585, 587, 591, 595, 597, 598, 600, 601, 603, 610, 666, 673, 690, 691, 692, 693, 694, 696, 700, 701, 703, 705, 706, 707, 709, 711, 718, 752, 791, 824, 825, 828, 847, 869, 873, 874, 875], "excluded_lines": [], "start_line": 1}}}}, "totals": {"covered_lines": 2944, "num_statements": 4608, "percent_covered": 63.888888888888886, "percent_covered_display": "64", "missing_lines": 1664, "excluded_lines": 2, "percent_statements_covered": 63.888888888888886, "percent_statements_covered_display": "64"}}