{"meta": {"format": 3, "version": "7.13.4", "timestamp": "2026-03-07T18:05:31.086666", "branch_coverage": false, "show_contexts": false}, "files": {"custom_components/electrolux/__init__.py": {"executed_lines": [4, 5, 7, 8, 12, 13, 14, 16, 17, 21, 22, 27, 28, 30, 39, 40, 42, 44, 47, 49, 50, 51, 54, 56, 57, 61, 63, 66, 68, 71, 74, 75, 77, 78, 79, 80, 82, 88, 89, 91, 92, 93, 97, 99, 100, 101, 103, 109, 110, 113, 114, 115, 121, 122, 123, 124, 125, 128, 129, 133, 139, 142, 144, 147, 149, 152, 155, 156, 157, 160, 165, 166, 167, 171, 172, 174, 180, 181, 184, 186, 187, 188, 194, 195, 196, 200, 204, 205, 208, 210, 214, 220, 224, 230, 231, 234, 235, 236, 237, 238, 239, 241, 242, 244, 245, 246, 250, 251, 254, 256, 257, 261, 263, 264, 265, 266, 269, 270, 272, 275, 277, 278, 280, 281, 284, 291, 293, 296, 298, 300, 301, 304, 307, 308, 311, 314, 315, 318, 319, 322, 324, 327, 329, 330, 331], "summary": {"covered_lines": 145, "num_statements": 147, "percent_covered": 98.63945578231292, "percent_covered_display": "99", "missing_lines": 2, "excluded_lines": 0, "percent_statements_covered": 98.63945578231292, "percent_statements_covered_display": "99"}, "missing_lines": [9, 10], "excluded_lines": [], "functions": {"_mask_token": {"executed_lines": [49, 50, 51], "summary": {"covered_lines": 3, "num_statements": 3, "percent_covered": 100.0, "percent_covered_display": "100", "missing_lines": 0, "excluded_lines": 0, "percent_statements_covered": 100.0, "percent_statements_covered_display": "100"}, "missing_lines": [], "excluded_lines": [], "start_line": 47}, "_validate_config": {"executed_lines": [56, 57], "summary": {"covered_lines": 2, "num_statements": 2, "percent_covered": 100.0, "percent_covered_display": "100", "missing_lines": 0, "excluded_lines": 0, "percent_statements_covered": 100.0, "percent_statements_covered_display": "100"}, "missing_lines": [], "excluded_lines": [], "start_line": 54}, "async_setup": {"executed_lines": [63], "summary": {"covered_lines": 1, "num_statements": 1, "percent_covered": 100.0, "percent_covered_display": "100", "missing_lines": 0, "excluded_lines": 0, "percent_statements_covered": 100.0, "percent_statements_covered_display": "100"}, "missing_lines": [], "excluded_lines": [], "start_line": 61}, "async_setup_entry": {"executed_lines": [68, 71, 74, 75, 77, 78, 79, 80, 82, 88, 89, 91, 92, 93, 97, 99, 100, 101, 103, 109, 110, 113, 114, 115, 121, 122, 123, 124, 125, 128, 129, 133, 139, 142, 144, 147, 149, 152, 155, 156, 157, 160, 165, 166, 167, 171, 172, 174, 180, 181, 184, 186, 187, 188, 194, 195, 196, 200, 204, 250, 251, 254, 256, 257, 261, 272, 275, 277, 278, 280, 281], "summary": {"covered_lines": 71, "num_statements": 71, "percent_covered": 100.0, "percent_covered_display": "100", "missing_lines": 0, "excluded_lines": 0, "percent_statements_covered": 100.0, "percent_statements_covered_display": "100"}, "missing_lines": [], "excluded_lines": [], "start_line": 66}, "async_setup_entry.start_background_tasks": {"executed_lines": [205, 208, 210, 214, 220, 224, 230, 241, 242, 244, 245, 246], "summary": {"covered_lines": 12, "num_statements": 12, "percent_covered": 100.0, "percent_covered_display": "100", "missing_lines": 0, "excluded_lines": 0, "percent_statements_covered": 100.0, "percent_statements_covered_display": "100"}, "missing_lines": [], "excluded_lines": [], "start_line": 204}, "async_setup_entry.start_background_tasks.cleanup_tasks": {"executed_lines": [231, 234, 235, 236, 237, 238, 239], "summary": {"covered_lines": 7, "num_statements": 7, "percent_covered": 100.0, "percent_covered_display": "100", "missing_lines": 0, "excluded_lines": 0, "percent_statements_covered": 100.0, "percent_statements_covered_display": "100"}, "missing_lines": [], "excluded_lines": [], "start_line": 230}, "async_setup_entry._close_coordinator": {"executed_lines": [263, 264, 265, 266, 269, 270], "summary": {"covered_lines": 6, "num_statements": 6, "percent_covered": 100.0, "percent_covered_display": "100", "missing_lines": 0, "excluded_lines": 0, "percent_statements_covered": 100.0, "percent_statements_covered_display": "100"}, "missing_lines": [], "excluded_lines": [], "start_line": 261}, "update_listener": {"executed_lines": [291, 293, 296, 298, 300, 301, 304, 307, 308], "summary": {"covered_lines": 9, "num_statements": 9, "percent_covered": 100.0, "percent_covered_display": "100", "missing_lines": 0, "excluded_lines": 0, "percent_statements_covered": 100.0, "percent_statements_covered_display": "100"}, "missing_lines": [], "excluded_lines": [], "start_line": 284}, "async_unload_entry": {"executed_lines": [314, 315, 318, 319, 322, 324], "summary": {"covered_lines": 6, "num_statements": 6, "percent_covered": 100.0, "percent_covered_display": "100", "missing_lines": 0, "excluded_lines": 0, "percent_statements_covered": 100.0, "percent_statements_covered_display": "100"}, "missing_lines": [], "excluded_lines": [], "start_line": 311}, "async_reload_entry": {"executed_lines": [329, 330, 331], "summary": {"covered_lines": 3, "num_statements": 3, "percent_covered": 100.0, "percent_covered_display": "100", "missing_lines": 0, "excluded_lines": 0, "percent_statements_covered": 100.0, "percent_statements_covered_display": "100"}, "missing_lines": [], "excluded_lines": [], "start_line": 327}, "": {"executed_lines": [4, 5, 7, 8, 12, 13, 14, 16, 17, 21, 22, 27, 28, 30, 39, 40, 42, 44, 47, 54, 61, 66, 284, 311, 327], "summary": {"covered_lines": 25, "num_statements": 27, "percent_covered": 92.5925925925926, "percent_covered_display": "93", "missing_lines": 2, "excluded_lines": 0, "percent_statements_covered": 92.5925925925926, "percent_statements_covered_display": "93"}, "missing_lines": [9, 10], "excluded_lines": [], "start_line": 1}}, "classes": {"": {"executed_lines": [4, 5, 7, 8, 12, 13, 14, 16, 17, 21, 22, 27, 28, 30, 39, 40, 42, 44, 47, 49, 50, 51, 54, 56, 57, 61, 63, 66, 68, 71, 74, 75, 77, 78, 79, 80, 82, 88, 89, 91, 92, 93, 97, 99, 100, 101, 103, 109, 110, 113, 114, 115, 121, 122, 123, 124, 125, 128, 129, 133, 139, 142, 144, 147, 149, 152, 155, 156, 157, 160, 165, 166, 167, 171, 172, 174, 180, 181, 184, 186, 187, 188, 194, 195, 196, 200, 204, 205, 208, 210, 214, 220, 224, 230, 231, 234, 235, 236, 237, 238, 239, 241, 242, 244, 245, 246, 250, 251, 254, 256, 257, 261, 263, 264, 265, 266, 269, 270, 272, 275, 277, 278, 280, 281, 284, 291, 293, 296, 298, 300, 301, 304, 307, 308, 311, 314, 315, 318, 319, 322, 324, 327, 329, 330, 331], "summary": {"covered_lines": 145, "num_statements": 147, "percent_covered": 98.63945578231292, "percent_covered_display": "99", "missing_lines": 2, "excluded_lines": 0, "percent_statements_covered": 98.63945578231292, "percent_statements_covered_display": "99"}, "missing_lines": [9, 10], "excluded_lines": [], "start_line": 1}}}, "custom_components/electrolux/api.py": {"executed_lines": [3, 5, 6, 7, 9, 10, 11, 13, 24, 26, 29, 32, 33, 34, 35, 36, 37, 40, 44, 45, 46, 47, 49, 50, 53, 56, 57, 58, 59, 60, 62, 71, 72, 73, 74, 75, 77, 78, 82, 86, 93, 95, 96, 97, 98, 99, 100, 101, 102, 103, 104, 105, 107, 108, 109, 110, 112, 120, 121, 122, 125, 126, 128, 129, 130, 131, 133, 134, 136, 141, 142, 144, 146, 151, 153, 159, 161, 166, 167, 169, 170, 172, 173, 175, 176, 178, 179, 180, 182, 184, 186, 187, 188, 190, 191, 192, 193, 194, 195, 197, 201, 202, 203, 205, 206, 207, 208, 209, 210, 212, 214, 217, 218, 219, 222, 223, 224, 226, 229, 230, 234, 242, 243, 249, 250, 251, 252, 253, 257, 259, 260, 261, 262, 265, 266, 268, 269, 270, 272, 273, 278, 279, 280, 282, 288, 289, 291, 297, 299, 301, 302, 303, 309, 310, 311, 312, 313, 315, 316, 317, 319, 321, 322, 323, 325, 326, 327, 332, 336], "summary": {"covered_lines": 169, "num_statements": 190, "percent_covered": 88.94736842105263, "percent_covered_display": "89", "missing_lines": 21, "excluded_lines": 0, "percent_statements_covered": 88.94736842105263, "percent_statements_covered_display": "89"}, "missing_lines": [80, 84, 88, 89, 90, 91, 123, 177, 211, 231, 239, 263, 264, 267, 271, 277, 281, 290, 314, 333, 334], "excluded_lines": [], "functions": {"deep_merge_dicts": {"executed_lines": [44, 45, 46, 47, 49, 50], "summary": {"covered_lines": 6, "num_statements": 6, "percent_covered": 100.0, "percent_covered_display": "100", "missing_lines": 0, "excluded_lines": 0, "percent_statements_covered": 100.0, "percent_statements_covered_display": "100"}, "missing_lines": [], "excluded_lines": [], "start_line": 40}, "ElectroluxLibraryEntity.__init__": {"executed_lines": [71, 72, 73, 74, 75], "summary": {"covered_lines": 5, "num_statements": 5, "percent_covered": 100.0, "percent_covered_display": "100", "missing_lines": 0, "excluded_lines": 0, "percent_statements_covered": 100.0, "percent_statements_covered_display": "100"}, "missing_lines": [], "excluded_lines": [], "start_line": 62}, "ElectroluxLibraryEntity.reported_state": {"executed_lines": [], "summary": {"covered_lines": 0, "num_statements": 1, "percent_covered": 0.0, "percent_covered_display": "0", "missing_lines": 1, "excluded_lines": 0, "percent_statements_covered": 0.0, "percent_statements_covered_display": "0"}, "missing_lines": [80], "excluded_lines": [], "start_line": 78}, "ElectroluxLibraryEntity.get_name": {"executed_lines": [], "summary": {"covered_lines": 0, "num_statements": 1, "percent_covered": 0.0, "percent_covered_display": "0", "missing_lines": 1, "excluded_lines": 0, "percent_statements_covered": 0.0, "percent_statements_covered_display": "0"}, "missing_lines": [84], "excluded_lines": [], "start_line": 82}, "ElectroluxLibraryEntity.get_value": {"executed_lines": [], "summary": {"covered_lines": 0, "num_statements": 4, "percent_covered": 0.0, "percent_covered_display": "0", "missing_lines": 4, "excluded_lines": 0, "percent_statements_covered": 0.0, "percent_statements_covered_display": "0"}, "missing_lines": [88, 89, 90, 91], "excluded_lines": [], "start_line": 86}, "ElectroluxLibraryEntity.get_sensor_name": {"executed_lines": [95, 96, 97, 98, 99, 100, 101, 102, 103, 104, 105, 107, 108, 109, 110, 112, 120, 121, 122, 125, 126, 128, 129, 130, 131, 133, 134], "summary": {"covered_lines": 27, "num_statements": 28, "percent_covered": 96.42857142857143, "percent_covered_display": "96", "missing_lines": 1, "excluded_lines": 0, "percent_statements_covered": 96.42857142857143, "percent_statements_covered_display": "96"}, "missing_lines": [123], "excluded_lines": [], "start_line": 93}, "ElectroluxLibraryEntity.get_entity_name": {"executed_lines": [141, 142, 144], "summary": {"covered_lines": 3, "num_statements": 3, "percent_covered": 100.0, "percent_covered_display": "100", "missing_lines": 0, "excluded_lines": 0, "percent_statements_covered": 100.0, "percent_statements_covered_display": "100"}, "missing_lines": [], "excluded_lines": [], "start_line": 136}, "ElectroluxLibraryEntity.get_entity_attr": {"executed_lines": [151], "summary": {"covered_lines": 1, "num_statements": 1, "percent_covered": 100.0, "percent_covered_display": "100", "missing_lines": 0, "excluded_lines": 0, "percent_statements_covered": 100.0, "percent_statements_covered_display": "100"}, "missing_lines": [], "excluded_lines": [], "start_line": 146}, "ElectroluxLibraryEntity.get_category": {"executed_lines": [159], "summary": {"covered_lines": 1, "num_statements": 1, "percent_covered": 100.0, "percent_covered_display": "100", "missing_lines": 0, "excluded_lines": 0, "percent_statements_covered": 100.0, "percent_statements_covered_display": "100"}, "missing_lines": [], "excluded_lines": [], "start_line": 153}, "ElectroluxLibraryEntity.get_capability": {"executed_lines": [166, 167, 169, 170, 172, 173, 175, 176, 178, 179, 180, 182], "summary": {"covered_lines": 12, "num_statements": 13, "percent_covered": 92.3076923076923, "percent_covered_display": "92", "missing_lines": 1, "excluded_lines": 0, "percent_statements_covered": 92.3076923076923, "percent_statements_covered_display": "92"}, "missing_lines": [177], "excluded_lines": [], "start_line": 161}, "ElectroluxLibraryEntity.get_entity_unit": {"executed_lines": [186, 187, 188, 190, 191, 192, 193, 194, 195], "summary": {"covered_lines": 9, "num_statements": 9, "percent_covered": 100.0, "percent_covered_display": "100", "missing_lines": 0, "excluded_lines": 0, "percent_statements_covered": 100.0, "percent_statements_covered_display": "100"}, "missing_lines": [], "excluded_lines": [], "start_line": 184}, "ElectroluxLibraryEntity.get_entity_device_class": {"executed_lines": [201, 202, 203, 205, 206, 207, 208, 209, 210, 212], "summary": {"covered_lines": 10, "num_statements": 11, "percent_covered": 90.9090909090909, "percent_covered_display": "91", "missing_lines": 1, "excluded_lines": 0, "percent_statements_covered": 90.9090909090909, "percent_statements_covered_display": "91"}, "missing_lines": [211], "excluded_lines": [], "start_line": 197}, "ElectroluxLibraryEntity.get_entity_type": {"executed_lines": [217, 218, 219, 222, 223, 224, 226, 229, 230, 234, 242, 243, 249, 250, 251, 252, 253, 257, 259, 260, 261, 262, 265, 266, 268, 269, 270, 272, 273, 278, 279, 280, 282, 288, 289, 291, 297], "summary": {"covered_lines": 37, "num_statements": 46, "percent_covered": 80.43478260869566, "percent_covered_display": "80", "missing_lines": 9, "excluded_lines": 0, "percent_statements_covered": 80.43478260869566, "percent_statements_covered_display": "80"}, "missing_lines": [231, 239, 263, 264, 267, 271, 277, 281, 290], "excluded_lines": [], "start_line": 214}, "ElectroluxLibraryEntity.sources_list": {"executed_lines": [301, 302, 303, 309, 319, 321, 322, 323, 325, 326, 327, 332, 336], "summary": {"covered_lines": 13, "num_statements": 15, "percent_covered": 86.66666666666667, "percent_covered_display": "87", "missing_lines": 2, "excluded_lines": 0, "percent_statements_covered": 86.66666666666667, "percent_statements_covered_display": "87"}, "missing_lines": [333, 334], "excluded_lines": [], "start_line": 299}, "ElectroluxLibraryEntity.sources_list.keep_source": {"executed_lines": [310, 311, 312, 313, 315, 316, 317], "summary": {"covered_lines": 7, "num_statements": 8, "percent_covered": 87.5, "percent_covered_display": "88", "missing_lines": 1, "excluded_lines": 0, "percent_statements_covered": 87.5, "percent_statements_covered_display": "88"}, "missing_lines": [314], "excluded_lines": [], "start_line": 309}, "": {"executed_lines": [3, 5, 6, 7, 9, 10, 11, 13, 24, 26, 29, 32, 33, 34, 35, 36, 37, 40, 53, 56, 57, 58, 59, 60, 62, 77, 78, 82, 86, 93, 136, 146, 153, 161, 184, 197, 214, 299], "summary": {"covered_lines": 38, "num_statements": 38, "percent_covered": 100.0, "percent_covered_display": "100", "missing_lines": 0, "excluded_lines": 0, "percent_statements_covered": 100.0, "percent_statements_covered_display": "100"}, "missing_lines": [], "excluded_lines": [], "start_line": 1}}, "classes": {"UserInput": {"executed_lines": [], "summary": {"covered_lines": 0, "num_statements": 0, "percent_covered": 100.0, "percent_covered_display": "100", "missing_lines": 0, "excluded_lines": 0, "percent_statements_covered": 100.0, "percent_statements_covered_display": "100"}, "missing_lines": [], "excluded_lines": [], "start_line": 29}, "ElectroluxLibraryEntity": {"executed_lines": [71, 72, 73, 74, 75, 95, 96, 97, 98, 99, 100, 101, 102, 103, 104, 105, 107, 108, 109, 110, 112, 120, 121, 122, 125, 126, 128, 129, 130, 131, 133, 134, 141, 142, 144, 151, 159, 166, 167, 169, 170, 172, 173, 175, 176, 178, 179, 180, 182, 186, 187, 188, 190, 191, 192, 193, 194, 195, 201, 202, 203, 205, 206, 207, 208, 209, 210, 212, 217, 218, 219, 222, 223, 224, 226, 229, 230, 234, 242, 243, 249, 250, 251, 252, 253, 257, 259, 260, 261, 262, 265, 266, 268, 269, 270, 272, 273, 278, 279, 280, 282, 288, 289, 291, 297, 301, 302, 303, 309, 310, 311, 312, 313, 315, 316, 317, 319, 321, 322, 323, 325, 326, 327, 332, 336], "summary": {"covered_lines": 125, "num_statements": 146, "percent_covered": 85.61643835616438, "percent_covered_display": "86", "missing_lines": 21, "excluded_lines": 0, "percent_statements_covered": 85.61643835616438, "percent_statements_covered_display": "86"}, "missing_lines": [80, 84, 88, 89, 90, 91, 123, 177, 211, 231, 239, 263, 264, 267, 271, 277, 281, 290, 314, 333, 334], "excluded_lines": [], "start_line": 53}, "": {"executed_lines": [3, 5, 6, 7, 9, 10, 11, 13, 24, 26, 29, 32, 33, 34, 35, 36, 37, 40, 44, 45, 46, 47, 49, 50, 53, 56, 57, 58, 59, 60, 62, 77, 78, 82, 86, 93, 136, 146, 153, 161, 184, 197, 214, 299], "summary": {"covered_lines": 44, "num_statements": 44, "percent_covered": 100.0, "percent_covered_display": "100", "missing_lines": 0, "excluded_lines": 0, "percent_statements_covered": 100.0, "percent_statements_covered_display": "100"}, "missing_lines": [], "excluded_lines": [], "start_line": 1}}}, "custom_components/electrolux/api_client.py": {"executed_lines": [3, 4, 5, 7, 10, 11, 12, 13, 15, 16, 17, 19, 22, 26, 29, 53, 54, 56, 57, 59, 60, 61, 62, 63, 64, 65, 72, 73, 75, 80, 82, 83, 86, 87, 92, 113, 114, 116, 117, 118, 125, 127, 128, 129, 133, 134, 137, 148, 149, 154, 158, 159, 164, 165, 170, 173, 174, 175, 176, 178, 179, 180, 181, 184, 190, 194, 195, 197, 200, 201, 202, 203, 206, 209, 219, 220, 221, 222, 223, 227, 228, 229, 230, 231, 234, 235, 236, 237, 238, 241, 242, 243, 245, 247, 249, 251, 253, 255, 256, 257, 259, 262, 265, 266, 269, 272, 274, 278, 280, 282, 283, 287, 289, 290, 292, 293, 294, 295, 296, 300, 301, 305, 306, 309, 319, 320, 321, 323, 325, 326, 327, 328, 329, 330, 331, 332, 334, 345, 346, 349, 353, 355, 357, 359, 361, 362, 364, 365, 366, 368, 369, 370, 372, 373, 375, 386, 387, 388, 390, 392, 393, 394, 395, 402, 403, 405, 406, 407, 409, 410, 413, 421, 422, 423, 424, 427, 429, 432, 433, 436, 438, 445, 446, 447, 448, 450, 453, 458, 465, 468, 474, 481, 482, 483, 485, 487, 490, 491, 493, 496, 497, 498, 499, 502, 503, 507, 510, 511, 512, 516, 517, 523, 524, 525, 533, 534, 537, 547, 553, 558, 560, 568, 570, 571, 576, 577, 578, 579, 583, 585, 588, 589, 593, 596, 598, 601, 602, 605, 606, 608, 610, 613, 616, 617, 618, 619], "summary": {"covered_lines": 246, "num_statements": 255, "percent_covered": 96.47058823529412, "percent_covered_display": "96", "missing_lines": 9, "excluded_lines": 0, "percent_statements_covered": 96.47058823529412, "percent_statements_covered_display": "96"}, "missing_lines": [89, 469, 472, 564, 565, 566, 580, 590, 591], "excluded_lines": [], "functions": {"get_electrolux_session": {"executed_lines": [26], "summary": {"covered_lines": 1, "num_statements": 1, "percent_covered": 100.0, "percent_covered_display": "100", "missing_lines": 0, "excluded_lines": 0, "percent_statements_covered": 100.0, "percent_statements_covered_display": "100"}, "missing_lines": [], "excluded_lines": [], "start_line": 22}, "retry_with_backoff": {"executed_lines": [53, 54, 56, 57, 59, 60, 61, 62, 63, 64, 65, 72, 73, 75, 80, 82, 83, 86, 87], "summary": {"covered_lines": 19, "num_statements": 20, "percent_covered": 95.0, "percent_covered_display": "95", "missing_lines": 1, "excluded_lines": 0, "percent_statements_covered": 95.0, "percent_statements_covered_display": "95"}, "missing_lines": [89], "excluded_lines": [], "start_line": 29}, "safe_api_call": {"executed_lines": [113, 114, 116, 117, 118, 125, 127, 128, 129, 133, 134, 137, 148, 149, 154, 158, 159, 164, 165], "summary": {"covered_lines": 19, "num_statements": 19, "percent_covered": 100.0, "percent_covered_display": "100", "missing_lines": 0, "excluded_lines": 0, "percent_statements_covered": 100.0, "percent_statements_covered_display": "100"}, "missing_lines": [], "excluded_lines": [], "start_line": 92}, "_TokenRefreshHandler.__init__": {"executed_lines": [174, 175, 176], "summary": {"covered_lines": 3, "num_statements": 3, "percent_covered": 100.0, "percent_covered_display": "100", "missing_lines": 0, "excluded_lines": 0, "percent_statements_covered": 100.0, "percent_statements_covered_display": "100"}, "missing_lines": [], "excluded_lines": [], "start_line": 173}, "_TokenRefreshHandler.emit": {"executed_lines": [179, 180, 181, 184, 190, 194, 195, 197, 200, 201, 202, 203], "summary": {"covered_lines": 12, "num_statements": 12, "percent_covered": 100.0, "percent_covered_display": "100", "missing_lines": 0, "excluded_lines": 0, "percent_statements_covered": 100.0, "percent_statements_covered_display": "100"}, "missing_lines": [], "excluded_lines": [], "start_line": 178}, "ElectroluxApiClient.__init__": {"executed_lines": [219, 220, 221, 222, 223, 227, 228, 229, 230, 231, 234, 235, 236, 237, 238, 241, 242, 243], "summary": {"covered_lines": 18, "num_statements": 18, "percent_covered": 100.0, "percent_covered_display": "100", "missing_lines": 0, "excluded_lines": 0, "percent_statements_covered": 100.0, "percent_statements_covered_display": "100"}, "missing_lines": [], "excluded_lines": [], "start_line": 209}, "ElectroluxApiClient.set_token_update_callback": {"executed_lines": [247], "summary": {"covered_lines": 1, "num_statements": 1, "percent_covered": 100.0, "percent_covered_display": "100", "missing_lines": 0, "excluded_lines": 0, "percent_statements_covered": 100.0, "percent_statements_covered_display": "100"}, "missing_lines": [], "excluded_lines": [], "start_line": 245}, "ElectroluxApiClient.set_token_update_callback_with_expiry": {"executed_lines": [251], "summary": {"covered_lines": 1, "num_statements": 1, "percent_covered": 100.0, "percent_covered_display": "100", "missing_lines": 0, "excluded_lines": 0, "percent_statements_covered": 100.0, "percent_statements_covered_display": "100"}, "missing_lines": [], "excluded_lines": [], "start_line": 249}, "ElectroluxApiClient._trigger_reauth": {"executed_lines": [255, 256, 257, 259, 262, 265, 266, 269, 272, 274], "summary": {"covered_lines": 10, "num_statements": 10, "percent_covered": 100.0, "percent_covered_display": "100", "missing_lines": 0, "excluded_lines": 0, "percent_statements_covered": 100.0, "percent_statements_covered_display": "100"}, "missing_lines": [], "excluded_lines": [], "start_line": 253}, "ElectroluxApiClient._report_token_refresh_error": {"executed_lines": [280, 282, 283, 287, 289, 290, 292, 293, 294, 295, 296, 300, 301, 305, 306, 309, 319, 320, 321], "summary": {"covered_lines": 19, "num_statements": 19, "percent_covered": 100.0, "percent_covered_display": "100", "missing_lines": 0, "excluded_lines": 0, "percent_statements_covered": 100.0, "percent_statements_covered_display": "100"}, "missing_lines": [], "excluded_lines": [], "start_line": 278}, "ElectroluxApiClient._handle_api_call": {"executed_lines": [325, 326, 327, 328, 329, 330, 331, 332, 334, 345, 346, 349, 353, 355], "summary": {"covered_lines": 14, "num_statements": 14, "percent_covered": 100.0, "percent_covered_display": "100", "missing_lines": 0, "excluded_lines": 0, "percent_statements_covered": 100.0, "percent_statements_covered_display": "100"}, "missing_lines": [], "excluded_lines": [], "start_line": 323}, "ElectroluxApiClient.get_appliances_list": {"executed_lines": [359, 361, 362, 364, 365, 366, 368, 369, 370, 372, 373, 375, 386, 387, 388], "summary": {"covered_lines": 15, "num_statements": 15, "percent_covered": 100.0, "percent_covered_display": "100", "missing_lines": 0, "excluded_lines": 0, "percent_statements_covered": 100.0, "percent_statements_covered_display": "100"}, "missing_lines": [], "excluded_lines": [], "start_line": 357}, "ElectroluxApiClient.get_appliances_info": {"executed_lines": [392, 393, 394, 395, 402, 403, 405, 406, 407, 409, 410, 413, 421, 422, 423, 424, 427], "summary": {"covered_lines": 17, "num_statements": 17, "percent_covered": 100.0, "percent_covered_display": "100", "missing_lines": 0, "excluded_lines": 0, "percent_statements_covered": 100.0, "percent_statements_covered_display": "100"}, "missing_lines": [], "excluded_lines": [], "start_line": 390}, "ElectroluxApiClient.get_appliance_state": {"executed_lines": [432, 438, 445, 446, 447, 448, 450, 453, 458], "summary": {"covered_lines": 9, "num_statements": 9, "percent_covered": 100.0, "percent_covered_display": "100", "missing_lines": 0, "excluded_lines": 0, "percent_statements_covered": 100.0, "percent_statements_covered_display": "100"}, "missing_lines": [], "excluded_lines": [], "start_line": 429}, "ElectroluxApiClient.get_appliance_state._get_state": {"executed_lines": [433, 436], "summary": {"covered_lines": 2, "num_statements": 2, "percent_covered": 100.0, "percent_covered_display": "100", "missing_lines": 0, "excluded_lines": 0, "percent_statements_covered": 100.0, "percent_statements_covered_display": "100"}, "missing_lines": [], "excluded_lines": [], "start_line": 432}, "ElectroluxApiClient.get_appliance_capabilities": {"executed_lines": [468, 474, 481, 482, 483, 485], "summary": {"covered_lines": 6, "num_statements": 6, "percent_covered": 100.0, "percent_covered_display": "100", "missing_lines": 0, "excluded_lines": 0, "percent_statements_covered": 100.0, "percent_statements_covered_display": "100"}, "missing_lines": [], "excluded_lines": [], "start_line": 465}, "ElectroluxApiClient.get_appliance_capabilities._get_capabilities": {"executed_lines": [], "summary": {"covered_lines": 0, "num_statements": 2, "percent_covered": 0.0, "percent_covered_display": "0", "missing_lines": 2, "excluded_lines": 0, "percent_statements_covered": 0.0, "percent_statements_covered_display": "0"}, "missing_lines": [469, 472], "excluded_lines": [], "start_line": 468}, "ElectroluxApiClient.watch_for_appliance_state_updates": {"executed_lines": [490, 491, 493, 496, 497, 498, 499, 502, 503, 507, 510, 558, 560], "summary": {"covered_lines": 13, "num_statements": 16, "percent_covered": 81.25, "percent_covered_display": "81", "missing_lines": 3, "excluded_lines": 0, "percent_statements_covered": 81.25, "percent_statements_covered_display": "81"}, "missing_lines": [564, 565, 566], "excluded_lines": [], "start_line": 487}, "ElectroluxApiClient.watch_for_appliance_state_updates._handle_sse_failure": {"executed_lines": [511, 512, 516, 517, 523, 524, 525, 533, 534, 537, 547, 553], "summary": {"covered_lines": 12, "num_statements": 12, "percent_covered": 100.0, "percent_covered_display": "100", "missing_lines": 0, "excluded_lines": 0, "percent_statements_covered": 100.0, "percent_statements_covered_display": "100"}, "missing_lines": [], "excluded_lines": [], "start_line": 510}, "ElectroluxApiClient.disconnect_websocket": {"executed_lines": [570, 571, 576, 577, 578, 579, 583, 585, 588, 589], "summary": {"covered_lines": 10, "num_statements": 13, "percent_covered": 76.92307692307692, "percent_covered_display": "77", "missing_lines": 3, "excluded_lines": 0, "percent_statements_covered": 76.92307692307692, "percent_statements_covered_display": "77"}, "missing_lines": [580, 590, 591], "excluded_lines": [], "start_line": 568}, "ElectroluxApiClient.get_user_metadata": {"executed_lines": [596], "summary": {"covered_lines": 1, "num_statements": 1, "percent_covered": 100.0, "percent_covered_display": "100", "missing_lines": 0, "excluded_lines": 0, "percent_statements_covered": 100.0, "percent_statements_covered_display": "100"}, "missing_lines": [], "excluded_lines": [], "start_line": 593}, "ElectroluxApiClient.execute_appliance_command": {"executed_lines": [601, 602, 605, 606, 608], "summary": {"covered_lines": 5, "num_statements": 5, "percent_covered": 100.0, "percent_covered_display": "100", "missing_lines": 0, "excluded_lines": 0, "percent_statements_covered": 100.0, "percent_statements_covered_display": "100"}, "missing_lines": [], "excluded_lines": [], "start_line": 598}, "ElectroluxApiClient.close": {"executed_lines": [613, 616, 617, 618, 619], "summary": {"covered_lines": 5, "num_statements": 5, "percent_covered": 100.0, "percent_covered_display": "100", "missing_lines": 0, "excluded_lines": 0, "percent_statements_covered": 100.0, "percent_statements_covered_display": "100"}, "missing_lines": [], "excluded_lines": [], "start_line": 610}, "": {"executed_lines": [3, 4, 5, 7, 10, 11, 12, 13, 15, 16, 17, 19, 22, 29, 92, 170, 173, 178, 206, 209, 245, 249, 253, 278, 323, 357, 390, 429, 465, 487, 568, 593, 598, 610], "summary": {"covered_lines": 34, "num_statements": 34, "percent_covered": 100.0, "percent_covered_display": "100", "missing_lines": 0, "excluded_lines": 0, "percent_statements_covered": 100.0, "percent_statements_covered_display": "100"}, "missing_lines": [], "excluded_lines": [], "start_line": 1}}, "classes": {"_TokenRefreshHandler": {"executed_lines": [174, 175, 176, 179, 180, 181, 184, 190, 194, 195, 197, 200, 201, 202, 203], "summary": {"covered_lines": 15, "num_statements": 15, "percent_covered": 100.0, "percent_covered_display": "100", "missing_lines": 0, "excluded_lines": 0, "percent_statements_covered": 100.0, "percent_statements_covered_display": "100"}, "missing_lines": [], "excluded_lines": [], "start_line": 170}, "ElectroluxApiClient": {"executed_lines": [219, 220, 221, 222, 223, 227, 228, 229, 230, 231, 234, 235, 236, 237, 238, 241, 242, 243, 247, 251, 255, 256, 257, 259, 262, 265, 266, 269, 272, 274, 280, 282, 283, 287, 289, 290, 292, 293, 294, 295, 296, 300, 301, 305, 306, 309, 319, 320, 321, 325, 326, 327, 328, 329, 330, 331, 332, 334, 345, 346, 349, 353, 355, 359, 361, 362, 364, 365, 366, 368, 369, 370, 372, 373, 375, 386, 387, 388, 392, 393, 394, 395, 402, 403, 405, 406, 407, 409, 410, 413, 421, 422, 423, 424, 427, 432, 433, 436, 438, 445, 446, 447, 448, 450, 453, 458, 468, 474, 481, 482, 483, 485, 490, 491, 493, 496, 497, 498, 499, 502, 503, 507, 510, 511, 512, 516, 517, 523, 524, 525, 533, 534, 537, 547, 553, 558, 560, 570, 571, 576, 577, 578, 579, 583, 585, 588, 589, 596, 601, 602, 605, 606, 608, 613, 616, 617, 618, 619], "summary": {"covered_lines": 158, "num_statements": 166, "percent_covered": 95.18072289156626, "percent_covered_display": "95", "missing_lines": 8, "excluded_lines": 0, "percent_statements_covered": 95.18072289156626, "percent_statements_covered_display": "95"}, "missing_lines": [469, 472, 564, 565, 566, 580, 590, 591], "excluded_lines": [], "start_line": 206}, "": {"executed_lines": [3, 4, 5, 7, 10, 11, 12, 13, 15, 16, 17, 19, 22, 26, 29, 53, 54, 56, 57, 59, 60, 61, 62, 63, 64, 65, 72, 73, 75, 80, 82, 83, 86, 87, 92, 113, 114, 116, 117, 118, 125, 127, 128, 129, 133, 134, 137, 148, 149, 154, 158, 159, 164, 165, 170, 173, 178, 206, 209, 245, 249, 253, 278, 323, 357, 390, 429, 465, 487, 568, 593, 598, 610], "summary": {"covered_lines": 73, "num_statements": 74, "percent_covered": 98.64864864864865, "percent_covered_display": "99", "missing_lines": 1, "excluded_lines": 0, "percent_statements_covered": 98.64864864864865, "percent_statements_covered_display": "99"}, "missing_lines": [89], "excluded_lines": [], "start_line": 1}}}, "custom_components/electrolux/binary_sensor.py": {"executed_lines": [3, 5, 6, 7, 8, 10, 11, 12, 14, 15, 18, 35, 38, 47, 48, 49, 52, 62, 63, 64, 67, 70, 79, 85, 86, 87, 88, 93, 98, 99, 102, 105, 106, 109, 110, 111, 113, 114, 115, 117, 118, 120, 122, 123, 125, 126, 127, 129, 130, 133, 134, 136, 141, 142, 146, 147, 148, 150, 152, 154, 155, 157, 158, 159, 162, 163, 165, 169, 170, 171, 172, 173, 176, 177, 179], "summary": {"covered_lines": 75, "num_statements": 75, "percent_covered": 100.0, "percent_covered_display": "100", "missing_lines": 0, "excluded_lines": 0, "percent_statements_covered": 100.0, "percent_statements_covered_display": "100"}, "missing_lines": [], "excluded_lines": [], "functions": {"infer_boolean_from_enum": {"executed_lines": [35, 38, 47, 48, 49, 52, 62, 63, 64, 67], "summary": {"covered_lines": 10, "num_statements": 10, "percent_covered": 100.0, "percent_covered_display": "100", "missing_lines": 0, "excluded_lines": 0, "percent_statements_covered": 100.0, "percent_statements_covered_display": "100"}, "missing_lines": [], "excluded_lines": [], "start_line": 18}, "async_setup_entry": {"executed_lines": [85, 86, 87, 88, 93, 98, 99], "summary": {"covered_lines": 7, "num_statements": 7, "percent_covered": 100.0, "percent_covered_display": "100", "missing_lines": 0, "excluded_lines": 0, "percent_statements_covered": 100.0, "percent_statements_covered_display": "100"}, "missing_lines": [], "excluded_lines": [], "start_line": 79}, "ElectroluxBinarySensor.name": {"executed_lines": [109, 110, 111, 113, 114, 115], "summary": {"covered_lines": 6, "num_statements": 6, "percent_covered": 100.0, "percent_covered_display": "100", "missing_lines": 0, "excluded_lines": 0, "percent_statements_covered": 100.0, "percent_statements_covered_display": "100"}, "missing_lines": [], "excluded_lines": [], "start_line": 106}, "ElectroluxBinarySensor.entity_domain": {"executed_lines": [120], "summary": {"covered_lines": 1, "num_statements": 1, "percent_covered": 100.0, "percent_covered_display": "100", "missing_lines": 0, "excluded_lines": 0, "percent_statements_covered": 100.0, "percent_statements_covered_display": "100"}, "missing_lines": [], "excluded_lines": [], "start_line": 118}, "ElectroluxBinarySensor.invert": {"executed_lines": [125, 126, 127], "summary": {"covered_lines": 3, "num_statements": 3, "percent_covered": 100.0, "percent_covered_display": "100", "missing_lines": 0, "excluded_lines": 0, "percent_statements_covered": 100.0, "percent_statements_covered_display": "100"}, "missing_lines": [], "excluded_lines": [], "start_line": 123}, "ElectroluxBinarySensor.is_on": {"executed_lines": [133, 134, 136, 141, 142, 146, 147, 148, 150, 152, 154, 155, 157, 158, 159, 162, 163, 165, 169, 170, 171, 172, 173, 176, 177, 179], "summary": {"covered_lines": 26, "num_statements": 26, "percent_covered": 100.0, "percent_covered_display": "100", "missing_lines": 0, "excluded_lines": 0, "percent_statements_covered": 100.0, "percent_statements_covered_display": "100"}, "missing_lines": [], "excluded_lines": [], "start_line": 130}, "": {"executed_lines": [3, 5, 6, 7, 8, 10, 11, 12, 14, 15, 18, 70, 79, 102, 105, 106, 117, 118, 122, 123, 129, 130], "summary": {"covered_lines": 22, "num_statements": 22, "percent_covered": 100.0, "percent_covered_display": "100", "missing_lines": 0, "excluded_lines": 0, "percent_statements_covered": 100.0, "percent_statements_covered_display": "100"}, "missing_lines": [], "excluded_lines": [], "start_line": 1}}, "classes": {"ElectroluxBinarySensor": {"executed_lines": [109, 110, 111, 113, 114, 115, 120, 125, 126, 127, 133, 134, 136, 141, 142, 146, 147, 148, 150, 152, 154, 155, 157, 158, 159, 162, 163, 165, 169, 170, 171, 172, 173, 176, 177, 179], "summary": {"covered_lines": 36, "num_statements": 36, "percent_covered": 100.0, "percent_covered_display": "100", "missing_lines": 0, "excluded_lines": 0, "percent_statements_covered": 100.0, "percent_statements_covered_display": "100"}, "missing_lines": [], "excluded_lines": [], "start_line": 102}, "": {"executed_lines": [3, 5, 6, 7, 8, 10, 11, 12, 14, 15, 18, 35, 38, 47, 48, 49, 52, 62, 63, 64, 67, 70, 79, 85, 86, 87, 88, 93, 98, 99, 102, 105, 106, 117, 118, 122, 123, 129, 130], "summary": {"covered_lines": 39, "num_statements": 39, "percent_covered": 100.0, "percent_covered_display": "100", "missing_lines": 0, "excluded_lines": 0, "percent_statements_covered": 100.0, "percent_statements_covered_display": "100"}, "missing_lines": [], "excluded_lines": [], "start_line": 1}}}, "custom_components/electrolux/button.py": {"executed_lines": [3, 4, 5, 7, 8, 9, 10, 11, 12, 14, 15, 16, 17, 18, 24, 25, 28, 34, 35, 36, 37, 40, 45, 46, 49, 52, 71, 87, 89, 90, 92, 94, 95, 97, 98, 99, 100, 101, 103, 104, 107, 108, 112, 113, 114, 115, 116, 118, 119, 121, 122, 124, 125, 127, 128, 129, 130, 131, 137, 138, 139, 140, 142, 143, 146, 147, 150, 151, 152, 153, 154, 156, 157, 159, 163, 166, 167, 168, 174, 183, 184, 186, 189, 190, 192, 193, 194, 196, 201, 202, 209, 211, 214, 215, 217, 218, 219, 222, 224, 225, 226, 227, 229, 230, 231, 233, 236, 237, 239, 246, 248, 249, 251, 252, 253, 254, 255, 258, 259, 271, 278, 279, 280, 283, 288, 290, 291, 292, 302, 308], "summary": {"covered_lines": 130, "num_statements": 130, "percent_covered": 100.0, "percent_covered_display": "100", "missing_lines": 0, "excluded_lines": 0, "percent_statements_covered": 100.0, "percent_statements_covered_display": "100"}, "missing_lines": [], "excluded_lines": [], "functions": {"async_setup_entry": {"executed_lines": [34, 35, 36, 37, 40, 45, 46], "summary": {"covered_lines": 7, "num_statements": 7, "percent_covered": 100.0, "percent_covered_display": "100", "missing_lines": 0, "excluded_lines": 0, "percent_statements_covered": 100.0, "percent_statements_covered_display": "100"}, "missing_lines": [], "excluded_lines": [], "start_line": 28}, "ElectroluxButton.__init__": {"executed_lines": [71, 87], "summary": {"covered_lines": 2, "num_statements": 2, "percent_covered": 100.0, "percent_covered_display": "100", "missing_lines": 0, "excluded_lines": 0, "percent_statements_covered": 100.0, "percent_statements_covered_display": "100"}, "missing_lines": [], "excluded_lines": [], "start_line": 52}, "ElectroluxButton.entity_domain": {"executed_lines": [92], "summary": {"covered_lines": 1, "num_statements": 1, "percent_covered": 100.0, "percent_covered_display": "100", "missing_lines": 0, "excluded_lines": 0, "percent_statements_covered": 100.0, "percent_statements_covered_display": "100"}, "missing_lines": [], "excluded_lines": [], "start_line": 90}, "ElectroluxButton.device_class": {"executed_lines": [97, 98, 99, 100, 101], "summary": {"covered_lines": 5, "num_statements": 5, "percent_covered": 100.0, "percent_covered_display": "100", "missing_lines": 0, "excluded_lines": 0, "percent_statements_covered": 100.0, "percent_statements_covered_display": "100"}, "missing_lines": [], "excluded_lines": [], "start_line": 95}, "ElectroluxButton.unique_id": {"executed_lines": [107, 108, 112, 113, 114, 115, 116, 118, 119], "summary": {"covered_lines": 9, "num_statements": 9, "percent_covered": 100.0, "percent_covered_display": "100", "missing_lines": 0, "excluded_lines": 0, "percent_statements_covered": 100.0, "percent_statements_covered_display": "100"}, "missing_lines": [], "excluded_lines": [], "start_line": 104}, "ElectroluxButton.name": {"executed_lines": [124, 125, 127, 128, 129, 130, 131, 137, 138, 139, 140], "summary": {"covered_lines": 11, "num_statements": 11, "percent_covered": 100.0, "percent_covered_display": "100", "missing_lines": 0, "excluded_lines": 0, "percent_statements_covered": 100.0, "percent_statements_covered_display": "100"}, "missing_lines": [], "excluded_lines": [], "start_line": 122}, "ElectroluxButton.available": {"executed_lines": [146, 147, 150, 151, 152, 153, 154], "summary": {"covered_lines": 7, "num_statements": 7, "percent_covered": 100.0, "percent_covered_display": "100", "missing_lines": 0, "excluded_lines": 0, "percent_statements_covered": 100.0, "percent_statements_covered_display": "100"}, "missing_lines": [], "excluded_lines": [], "start_line": 143}, "ElectroluxButton.icon": {"executed_lines": [159], "summary": {"covered_lines": 1, "num_statements": 1, "percent_covered": 100.0, "percent_covered_display": "100", "missing_lines": 0, "excluded_lines": 0, "percent_statements_covered": 100.0, "percent_statements_covered_display": "100"}, "missing_lines": [], "excluded_lines": [], "start_line": 157}, "ElectroluxButton.send_command": {"executed_lines": [166, 167, 168, 174, 183, 184, 186, 189, 190, 192, 193, 194, 196, 201, 202, 209, 211, 214, 215, 217, 218, 219, 222, 224, 225, 226, 227, 229, 230, 231], "summary": {"covered_lines": 30, "num_statements": 30, "percent_covered": 100.0, "percent_covered_display": "100", "missing_lines": 0, "excluded_lines": 0, "percent_statements_covered": 100.0, "percent_statements_covered_display": "100"}, "missing_lines": [], "excluded_lines": [], "start_line": 163}, "ElectroluxButton.async_press": {"executed_lines": [236, 237, 239], "summary": {"covered_lines": 3, "num_statements": 3, "percent_covered": 100.0, "percent_covered_display": "100", "missing_lines": 0, "excluded_lines": 0, "percent_statements_covered": 100.0, "percent_statements_covered_display": "100"}, "missing_lines": [], "excluded_lines": [], "start_line": 233}, "ElectroluxButton._perform_manual_sync": {"executed_lines": [248, 249, 251, 252, 253, 254, 255, 258, 271, 278, 279, 280, 283, 288, 290, 291, 292, 302, 308], "summary": {"covered_lines": 19, "num_statements": 19, "percent_covered": 100.0, "percent_covered_display": "100", "missing_lines": 0, "excluded_lines": 0, "percent_statements_covered": 100.0, "percent_statements_covered_display": "100"}, "missing_lines": [], "excluded_lines": [], "start_line": 246}, "ElectroluxButton._perform_manual_sync.fire_progress": {"executed_lines": [259], "summary": {"covered_lines": 1, "num_statements": 1, "percent_covered": 100.0, "percent_covered_display": "100", "missing_lines": 0, "excluded_lines": 0, "percent_statements_covered": 100.0, "percent_statements_covered_display": "100"}, "missing_lines": [], "excluded_lines": [], "start_line": 258}, "": {"executed_lines": [3, 4, 5, 7, 8, 9, 10, 11, 12, 14, 15, 16, 17, 18, 24, 25, 28, 49, 52, 89, 90, 94, 95, 103, 104, 121, 122, 142, 143, 156, 157, 163, 233, 246], "summary": {"covered_lines": 34, "num_statements": 34, "percent_covered": 100.0, "percent_covered_display": "100", "missing_lines": 0, "excluded_lines": 0, "percent_statements_covered": 100.0, "percent_statements_covered_display": "100"}, "missing_lines": [], "excluded_lines": [], "start_line": 1}}, "classes": {"ElectroluxButton": {"executed_lines": [71, 87, 92, 97, 98, 99, 100, 101, 107, 108, 112, 113, 114, 115, 116, 118, 119, 124, 125, 127, 128, 129, 130, 131, 137, 138, 139, 140, 146, 147, 150, 151, 152, 153, 154, 159, 166, 167, 168, 174, 183, 184, 186, 189, 190, 192, 193, 194, 196, 201, 202, 209, 211, 214, 215, 217, 218, 219, 222, 224, 225, 226, 227, 229, 230, 231, 236, 237, 239, 248, 249, 251, 252, 253, 254, 255, 258, 259, 271, 278, 279, 280, 283, 288, 290, 291, 292, 302, 308], "summary": {"covered_lines": 89, "num_statements": 89, "percent_covered": 100.0, "percent_covered_display": "100", "missing_lines": 0, "excluded_lines": 0, "percent_statements_covered": 100.0, "percent_statements_covered_display": "100"}, "missing_lines": [], "excluded_lines": [], "start_line": 49}, "": {"executed_lines": [3, 4, 5, 7, 8, 9, 10, 11, 12, 14, 15, 16, 17, 18, 24, 25, 28, 34, 35, 36, 37, 40, 45, 46, 49, 52, 89, 90, 94, 95, 103, 104, 121, 122, 142, 143, 156, 157, 163, 233, 246], "summary": {"covered_lines": 41, "num_statements": 41, "percent_covered": 100.0, "percent_covered_display": "100", "missing_lines": 0, "excluded_lines": 0, "percent_statements_covered": 100.0, "percent_statements_covered_display": "100"}, "missing_lines": [], "excluded_lines": [], "start_line": 1}}}, "custom_components/electrolux/catalog_core.py": {"executed_lines": [3, 5, 6, 7, 8, 10, 14, 15, 18, 19, 21, 23, 26, 27, 29, 31, 34, 35, 37, 39, 42, 43, 45, 47, 50, 51, 53, 55, 58, 59, 61, 63, 66, 67, 69, 71, 74, 75, 77, 79, 82, 83, 85, 87, 90, 91, 93, 95, 98, 99, 101, 103, 106, 107, 109, 111, 114, 115, 117, 119, 122, 123, 125, 127, 132, 133, 146, 147, 153, 154, 180, 181, 182, 224, 226, 229, 231, 234, 236, 240, 255, 256, 257, 259, 260, 261, 262, 265, 266, 285, 554, 555, 556], "summary": {"covered_lines": 93, "num_statements": 93, "percent_covered": 100.0, "percent_covered_display": "100", "missing_lines": 0, "excluded_lines": 0, "percent_statements_covered": 100.0, "percent_statements_covered_display": "100"}, "missing_lines": [], "excluded_lines": [], "functions": {"_get_catalog_air_conditioner": {"executed_lines": [21, 23], "summary": {"covered_lines": 2, "num_statements": 2, "percent_covered": 100.0, "percent_covered_display": "100", "missing_lines": 0, "excluded_lines": 0, "percent_statements_covered": 100.0, "percent_statements_covered_display": "100"}, "missing_lines": [], "excluded_lines": [], "start_line": 19}, "_get_catalog_dishwasher": {"executed_lines": [29, 31], "summary": {"covered_lines": 2, "num_statements": 2, "percent_covered": 100.0, "percent_covered_display": "100", "missing_lines": 0, "excluded_lines": 0, "percent_statements_covered": 100.0, "percent_statements_covered_display": "100"}, "missing_lines": [], "excluded_lines": [], "start_line": 27}, "_get_catalog_oven": {"executed_lines": [37, 39], "summary": {"covered_lines": 2, "num_statements": 2, "percent_covered": 100.0, "percent_covered_display": "100", "missing_lines": 0, "excluded_lines": 0, "percent_statements_covered": 100.0, "percent_statements_covered_display": "100"}, "missing_lines": [], "excluded_lines": [], "start_line": 35}, "_get_catalog_purifier": {"executed_lines": [45, 47], "summary": {"covered_lines": 2, "num_statements": 2, "percent_covered": 100.0, "percent_covered_display": "100", "missing_lines": 0, "excluded_lines": 0, "percent_statements_covered": 100.0, "percent_statements_covered_display": "100"}, "missing_lines": [], "excluded_lines": [], "start_line": 43}, "_get_catalog_refrigerator": {"executed_lines": [53, 55], "summary": {"covered_lines": 2, "num_statements": 2, "percent_covered": 100.0, "percent_covered_display": "100", "missing_lines": 0, "excluded_lines": 0, "percent_statements_covered": 100.0, "percent_statements_covered_display": "100"}, "missing_lines": [], "excluded_lines": [], "start_line": 51}, "_get_catalog_washer": {"executed_lines": [61, 63], "summary": {"covered_lines": 2, "num_statements": 2, "percent_covered": 100.0, "percent_covered_display": "100", "missing_lines": 0, "excluded_lines": 0, "percent_statements_covered": 100.0, "percent_statements_covered_display": "100"}, "missing_lines": [], "excluded_lines": [], "start_line": 59}, "_get_catalog_washer_dryer": {"executed_lines": [69, 71], "summary": {"covered_lines": 2, "num_statements": 2, "percent_covered": 100.0, "percent_covered_display": "100", "missing_lines": 0, "excluded_lines": 0, "percent_statements_covered": 100.0, "percent_statements_covered_display": "100"}, "missing_lines": [], "excluded_lines": [], "start_line": 67}, "_get_catalog_dryer": {"executed_lines": [77, 79], "summary": {"covered_lines": 2, "num_statements": 2, "percent_covered": 100.0, "percent_covered_display": "100", "missing_lines": 0, "excluded_lines": 0, "percent_statements_covered": 100.0, "percent_statements_covered_display": "100"}, "missing_lines": [], "excluded_lines": [], "start_line": 75}, "_get_catalog_structured_oven": {"executed_lines": [85, 87], "summary": {"covered_lines": 2, "num_statements": 2, "percent_covered": 100.0, "percent_covered_display": "100", "missing_lines": 0, "excluded_lines": 0, "percent_statements_covered": 100.0, "percent_statements_covered_display": "100"}, "missing_lines": [], "excluded_lines": [], "start_line": 83}, "_get_catalog_dam_ac": {"executed_lines": [93, 95], "summary": {"covered_lines": 2, "num_statements": 2, "percent_covered": 100.0, "percent_covered_display": "100", "missing_lines": 0, "excluded_lines": 0, "percent_statements_covered": 100.0, "percent_statements_covered_display": "100"}, "missing_lines": [], "excluded_lines": [], "start_line": 91}, "_get_catalog_dehumidifier": {"executed_lines": [101, 103], "summary": {"covered_lines": 2, "num_statements": 2, "percent_covered": 100.0, "percent_covered_display": "100", "missing_lines": 0, "excluded_lines": 0, "percent_statements_covered": 100.0, "percent_statements_covered_display": "100"}, "missing_lines": [], "excluded_lines": [], "start_line": 99}, "_get_catalog_rvc": {"executed_lines": [109, 111], "summary": {"covered_lines": 2, "num_statements": 2, "percent_covered": 100.0, "percent_covered_display": "100", "missing_lines": 0, "excluded_lines": 0, "percent_statements_covered": 100.0, "percent_statements_covered_display": "100"}, "missing_lines": [], "excluded_lines": [], "start_line": 107}, "_get_catalog_hob": {"executed_lines": [117, 119], "summary": {"covered_lines": 2, "num_statements": 2, "percent_covered": 100.0, "percent_covered_display": "100", "missing_lines": 0, "excluded_lines": 0, "percent_statements_covered": 100.0, "percent_statements_covered_display": "100"}, "missing_lines": [], "excluded_lines": [], "start_line": 115}, "_get_catalog_hood": {"executed_lines": [125, 127], "summary": {"covered_lines": 2, "num_statements": 2, "percent_covered": 100.0, "percent_covered_display": "100", "missing_lines": 0, "excluded_lines": 0, "percent_statements_covered": 100.0, "percent_statements_covered_display": "100"}, "missing_lines": [], "excluded_lines": [], "start_line": 123}, "_get_catalog_model": {"executed_lines": [146, 147], "summary": {"covered_lines": 2, "num_statements": 2, "percent_covered": 100.0, "percent_covered_display": "100", "missing_lines": 0, "excluded_lines": 0, "percent_statements_covered": 100.0, "percent_statements_covered_display": "100"}, "missing_lines": [], "excluded_lines": [], "start_line": 133}, "_get_catalog_by_type": {"executed_lines": [180, 181, 182], "summary": {"covered_lines": 3, "num_statements": 3, "percent_covered": 100.0, "percent_covered_display": "100", "missing_lines": 0, "excluded_lines": 0, "percent_statements_covered": 100.0, "percent_statements_covered_display": "100"}, "missing_lines": [], "excluded_lines": [], "start_line": 154}, "_get_catalog_model_lazy": {"executed_lines": [226], "summary": {"covered_lines": 1, "num_statements": 1, "percent_covered": 100.0, "percent_covered_display": "100", "missing_lines": 0, "excluded_lines": 0, "percent_statements_covered": 100.0, "percent_statements_covered_display": "100"}, "missing_lines": [], "excluded_lines": [], "start_line": 224}, "_get_catalog_by_type_lazy": {"executed_lines": [231], "summary": {"covered_lines": 1, "num_statements": 1, "percent_covered": 100.0, "percent_covered_display": "100", "missing_lines": 0, "excluded_lines": 0, "percent_statements_covered": 100.0, "percent_statements_covered_display": "100"}, "missing_lines": [], "excluded_lines": [], "start_line": 229}, "_get_catalog_base_lazy": {"executed_lines": [236], "summary": {"covered_lines": 1, "num_statements": 1, "percent_covered": 100.0, "percent_covered_display": "100", "missing_lines": 0, "excluded_lines": 0, "percent_statements_covered": 100.0, "percent_statements_covered_display": "100"}, "missing_lines": [], "excluded_lines": [], "start_line": 234}, "_LazyCatalog.__init__": {"executed_lines": [256, 257], "summary": {"covered_lines": 2, "num_statements": 2, "percent_covered": 100.0, "percent_covered_display": "100", "missing_lines": 0, "excluded_lines": 0, "percent_statements_covered": 100.0, "percent_statements_covered_display": "100"}, "missing_lines": [], "excluded_lines": [], "start_line": 255}, "_LazyCatalog.__call__": {"executed_lines": [260, 261, 262], "summary": {"covered_lines": 3, "num_statements": 3, "percent_covered": 100.0, "percent_covered_display": "100", "missing_lines": 0, "excluded_lines": 0, "percent_statements_covered": 100.0, "percent_statements_covered_display": "100"}, "missing_lines": [], "excluded_lines": [], "start_line": 259}, "_get_catalog_base": {"executed_lines": [285], "summary": {"covered_lines": 1, "num_statements": 1, "percent_covered": 100.0, "percent_covered_display": "100", "missing_lines": 0, "excluded_lines": 0, "percent_statements_covered": 100.0, "percent_statements_covered_display": "100"}, "missing_lines": [], "excluded_lines": [], "start_line": 266}, "": {"executed_lines": [3, 5, 6, 7, 8, 10, 14, 15, 18, 19, 26, 27, 34, 35, 42, 43, 50, 51, 58, 59, 66, 67, 74, 75, 82, 83, 90, 91, 98, 99, 106, 107, 114, 115, 122, 123, 132, 133, 153, 154, 224, 229, 234, 240, 255, 259, 265, 266, 554, 555, 556], "summary": {"covered_lines": 51, "num_statements": 51, "percent_covered": 100.0, "percent_covered_display": "100", "missing_lines": 0, "excluded_lines": 0, "percent_statements_covered": 100.0, "percent_statements_covered_display": "100"}, "missing_lines": [], "excluded_lines": [], "start_line": 1}}, "classes": {"_LazyCatalog": {"executed_lines": [256, 257, 260, 261, 262], "summary": {"covered_lines": 5, "num_statements": 5, "percent_covered": 100.0, "percent_covered_display": "100", "missing_lines": 0, "excluded_lines": 0, "percent_statements_covered": 100.0, "percent_statements_covered_display": "100"}, "missing_lines": [], "excluded_lines": [], "start_line": 240}, "": {"executed_lines": [3, 5, 6, 7, 8, 10, 14, 15, 18, 19, 21, 23, 26, 27, 29, 31, 34, 35, 37, 39, 42, 43, 45, 47, 50, 51, 53, 55, 58, 59, 61, 63, 66, 67, 69, 71, 74, 75, 77, 79, 82, 83, 85, 87, 90, 91, 93, 95, 98, 99, 101, 103, 106, 107, 109, 111, 114, 115, 117, 119, 122, 123, 125, 127, 132, 133, 146, 147, 153, 154, 180, 181, 182, 224, 226, 229, 231, 234, 236, 240, 255, 259, 265, 266, 285, 554, 555, 556], "summary": {"covered_lines": 88, "num_statements": 88, "percent_covered": 100.0, "percent_covered_display": "100", "missing_lines": 0, "excluded_lines": 0, "percent_statements_covered": 100.0, "percent_statements_covered_display": "100"}, "missing_lines": [], "excluded_lines": [], "start_line": 1}}}, "custom_components/electrolux/catalog_utils.py": {"executed_lines": [3, 5, 7, 13, 16, 24, 35, 43, 53, 59, 69, 75], "summary": {"covered_lines": 12, "num_statements": 12, "percent_covered": 100.0, "percent_covered_display": "100", "missing_lines": 0, "excluded_lines": 0, "percent_statements_covered": 100.0, "percent_statements_covered_display": "100"}, "missing_lines": [], "excluded_lines": [], "functions": {"create_diagnostic_string_entity": {"executed_lines": [24], "summary": {"covered_lines": 1, "num_statements": 1, "percent_covered": 100.0, "percent_covered_display": "100", "missing_lines": 0, "excluded_lines": 0, "percent_statements_covered": 100.0, "percent_statements_covered_display": "100"}, "missing_lines": [], "excluded_lines": [], "start_line": 16}, "create_diagnostic_number_entity": {"executed_lines": [43], "summary": {"covered_lines": 1, "num_statements": 1, "percent_covered": 100.0, "percent_covered_display": "100", "missing_lines": 0, "excluded_lines": 0, "percent_statements_covered": 100.0, "percent_statements_covered_display": "100"}, "missing_lines": [], "excluded_lines": [], "start_line": 35}, "create_config_entity": {"executed_lines": [59], "summary": {"covered_lines": 1, "num_statements": 1, "percent_covered": 100.0, "percent_covered_display": "100", "missing_lines": 0, "excluded_lines": 0, "percent_statements_covered": 100.0, "percent_statements_covered_display": "100"}, "missing_lines": [], "excluded_lines": [], "start_line": 53}, "create_hidden_entity": {"executed_lines": [75], "summary": {"covered_lines": 1, "num_statements": 1, "percent_covered": 100.0, "percent_covered_display": "100", "missing_lines": 0, "excluded_lines": 0, "percent_statements_covered": 100.0, "percent_statements_covered_display": "100"}, "missing_lines": [], "excluded_lines": [], "start_line": 69}, "": {"executed_lines": [3, 5, 7, 13, 16, 35, 53, 69], "summary": {"covered_lines": 8, "num_statements": 8, "percent_covered": 100.0, "percent_covered_display": "100", "missing_lines": 0, "excluded_lines": 0, "percent_statements_covered": 100.0, "percent_statements_covered_display": "100"}, "missing_lines": [], "excluded_lines": [], "start_line": 1}}, "classes": {"": {"executed_lines": [3, 5, 7, 13, 16, 24, 35, 43, 53, 59, 69, 75], "summary": {"covered_lines": 12, "num_statements": 12, "percent_covered": 100.0, "percent_covered_display": "100", "missing_lines": 0, "excluded_lines": 0, "percent_statements_covered": 100.0, "percent_statements_covered_display": "100"}, "missing_lines": [], "excluded_lines": [], "start_line": 1}}}, "custom_components/electrolux/catalogs/__init__.py": {"executed_lines": [], "summary": {"covered_lines": 0, "num_statements": 0, "percent_covered": 100.0, "percent_covered_display": "100", "missing_lines": 0, "excluded_lines": 0, "percent_statements_covered": 100.0, "percent_statements_covered_display": "100"}, "missing_lines": [], "excluded_lines": [], "functions": {"": {"executed_lines": [], "summary": {"covered_lines": 0, "num_statements": 0, "percent_covered": 100.0, "percent_covered_display": "100", "missing_lines": 0, "excluded_lines": 0, "percent_statements_covered": 100.0, "percent_statements_covered_display": "100"}, "missing_lines": [], "excluded_lines": [], "start_line": 1}}, "classes": {"": {"executed_lines": [], "summary": {"covered_lines": 0, "num_statements": 0, "percent_covered": 100.0, "percent_covered_display": "100", "missing_lines": 0, "excluded_lines": 0, "percent_statements_covered": 100.0, "percent_statements_covered_display": "100"}, "missing_lines": [], "excluded_lines": [], "start_line": 1}}}, "custom_components/electrolux/catalogs/catalog_ac.py": {"executed_lines": [3, 4, 5, 6, 7, 9, 11], "summary": {"covered_lines": 7, "num_statements": 7, "percent_covered": 100.0, "percent_covered_display": "100", "missing_lines": 0, "excluded_lines": 0, "percent_statements_covered": 100.0, "percent_statements_covered_display": "100"}, "missing_lines": [], "excluded_lines": [], "functions": {"": {"executed_lines": [3, 4, 5, 6, 7, 9, 11], "summary": {"covered_lines": 7, "num_statements": 7, "percent_covered": 100.0, "percent_covered_display": "100", "missing_lines": 0, "excluded_lines": 0, "percent_statements_covered": 100.0, "percent_statements_covered_display": "100"}, "missing_lines": [], "excluded_lines": [], "start_line": 1}}, "classes": {"": {"executed_lines": [3, 4, 5, 6, 7, 9, 11], "summary": {"covered_lines": 7, "num_statements": 7, "percent_covered": 100.0, "percent_covered_display": "100", "missing_lines": 0, "excluded_lines": 0, "percent_statements_covered": 100.0, "percent_statements_covered_display": "100"}, "missing_lines": [], "excluded_lines": [], "start_line": 1}}}, "custom_components/electrolux/catalogs/catalog_ap.py": {"executed_lines": [3, 4, 5, 6, 7, 18, 20], "summary": {"covered_lines": 7, "num_statements": 7, "percent_covered": 100.0, "percent_covered_display": "100", "missing_lines": 0, "excluded_lines": 0, "percent_statements_covered": 100.0, "percent_statements_covered_display": "100"}, "missing_lines": [], "excluded_lines": [], "functions": {"": {"executed_lines": [3, 4, 5, 6, 7, 18, 20], "summary": {"covered_lines": 7, "num_statements": 7, "percent_covered": 100.0, "percent_covered_display": "100", "missing_lines": 0, "excluded_lines": 0, "percent_statements_covered": 100.0, "percent_statements_covered_display": "100"}, "missing_lines": [], "excluded_lines": [], "start_line": 1}}, "classes": {"": {"executed_lines": [3, 4, 5, 6, 7, 18, 20], "summary": {"covered_lines": 7, "num_statements": 7, "percent_covered": 100.0, "percent_covered_display": "100", "missing_lines": 0, "excluded_lines": 0, "percent_statements_covered": 100.0, "percent_statements_covered_display": "100"}, "missing_lines": [], "excluded_lines": [], "start_line": 1}}}, "custom_components/electrolux/catalogs/catalog_cr.py": {"executed_lines": [3, 4, 5, 6, 7, 9, 11], "summary": {"covered_lines": 7, "num_statements": 7, "percent_covered": 100.0, "percent_covered_display": "100", "missing_lines": 0, "excluded_lines": 0, "percent_statements_covered": 100.0, "percent_statements_covered_display": "100"}, "missing_lines": [], "excluded_lines": [], "functions": {"": {"executed_lines": [3, 4, 5, 6, 7, 9, 11], "summary": {"covered_lines": 7, "num_statements": 7, "percent_covered": 100.0, "percent_covered_display": "100", "missing_lines": 0, "excluded_lines": 0, "percent_statements_covered": 100.0, "percent_statements_covered_display": "100"}, "missing_lines": [], "excluded_lines": [], "start_line": 1}}, "classes": {"": {"executed_lines": [3, 4, 5, 6, 7, 9, 11], "summary": {"covered_lines": 7, "num_statements": 7, "percent_covered": 100.0, "percent_covered_display": "100", "missing_lines": 0, "excluded_lines": 0, "percent_statements_covered": 100.0, "percent_statements_covered_display": "100"}, "missing_lines": [], "excluded_lines": [], "start_line": 1}}}, "custom_components/electrolux/catalogs/catalog_dam_ac.py": {"executed_lines": [16, 17, 19, 21], "summary": {"covered_lines": 4, "num_statements": 4, "percent_covered": 100.0, "percent_covered_display": "100", "missing_lines": 0, "excluded_lines": 0, "percent_statements_covered": 100.0, "percent_statements_covered_display": "100"}, "missing_lines": [], "excluded_lines": [], "functions": {"": {"executed_lines": [16, 17, 19, 21], "summary": {"covered_lines": 4, "num_statements": 4, "percent_covered": 100.0, "percent_covered_display": "100", "missing_lines": 0, "excluded_lines": 0, "percent_statements_covered": 100.0, "percent_statements_covered_display": "100"}, "missing_lines": [], "excluded_lines": [], "start_line": 1}}, "classes": {"": {"executed_lines": [16, 17, 19, 21], "summary": {"covered_lines": 4, "num_statements": 4, "percent_covered": 100.0, "percent_covered_display": "100", "missing_lines": 0, "excluded_lines": 0, "percent_statements_covered": 100.0, "percent_statements_covered_display": "100"}, "missing_lines": [], "excluded_lines": [], "start_line": 1}}}, "custom_components/electrolux/catalogs/catalog_dh.py": {"executed_lines": [3, 4, 5, 7, 9], "summary": {"covered_lines": 5, "num_statements": 5, "percent_covered": 100.0, "percent_covered_display": "100", "missing_lines": 0, "excluded_lines": 0, "percent_statements_covered": 100.0, "percent_statements_covered_display": "100"}, "missing_lines": [], "excluded_lines": [], "functions": {"": {"executed_lines": [3, 4, 5, 7, 9], "summary": {"covered_lines": 5, "num_statements": 5, "percent_covered": 100.0, "percent_covered_display": "100", "missing_lines": 0, "excluded_lines": 0, "percent_statements_covered": 100.0, "percent_statements_covered_display": "100"}, "missing_lines": [], "excluded_lines": [], "start_line": 1}}, "classes": {"": {"executed_lines": [3, 4, 5, 7, 9], "summary": {"covered_lines": 5, "num_statements": 5, "percent_covered": 100.0, "percent_covered_display": "100", "missing_lines": 0, "excluded_lines": 0, "percent_statements_covered": 100.0, "percent_statements_covered_display": "100"}, "missing_lines": [], "excluded_lines": [], "start_line": 1}}}, "custom_components/electrolux/catalogs/catalog_dw.py": {"executed_lines": [3, 4, 5, 6, 8, 9, 11], "summary": {"covered_lines": 7, "num_statements": 7, "percent_covered": 100.0, "percent_covered_display": "100", "missing_lines": 0, "excluded_lines": 0, "percent_statements_covered": 100.0, "percent_statements_covered_display": "100"}, "missing_lines": [], "excluded_lines": [], "functions": {"": {"executed_lines": [3, 4, 5, 6, 8, 9, 11], "summary": {"covered_lines": 7, "num_statements": 7, "percent_covered": 100.0, "percent_covered_display": "100", "missing_lines": 0, "excluded_lines": 0, "percent_statements_covered": 100.0, "percent_statements_covered_display": "100"}, "missing_lines": [], "excluded_lines": [], "start_line": 1}}, "classes": {"": {"executed_lines": [3, 4, 5, 6, 8, 9, 11], "summary": {"covered_lines": 7, "num_statements": 7, "percent_covered": 100.0, "percent_covered_display": "100", "missing_lines": 0, "excluded_lines": 0, "percent_statements_covered": 100.0, "percent_statements_covered_display": "100"}, "missing_lines": [], "excluded_lines": [], "start_line": 1}}}, "custom_components/electrolux/catalogs/catalog_hb.py": {"executed_lines": [9, 10, 12, 14], "summary": {"covered_lines": 4, "num_statements": 4, "percent_covered": 100.0, "percent_covered_display": "100", "missing_lines": 0, "excluded_lines": 0, "percent_statements_covered": 100.0, "percent_statements_covered_display": "100"}, "missing_lines": [], "excluded_lines": [], "functions": {"": {"executed_lines": [9, 10, 12, 14], "summary": {"covered_lines": 4, "num_statements": 4, "percent_covered": 100.0, "percent_covered_display": "100", "missing_lines": 0, "excluded_lines": 0, "percent_statements_covered": 100.0, "percent_statements_covered_display": "100"}, "missing_lines": [], "excluded_lines": [], "start_line": 1}}, "classes": {"": {"executed_lines": [9, 10, 12, 14], "summary": {"covered_lines": 4, "num_statements": 4, "percent_covered": 100.0, "percent_covered_display": "100", "missing_lines": 0, "excluded_lines": 0, "percent_statements_covered": 100.0, "percent_statements_covered_display": "100"}, "missing_lines": [], "excluded_lines": [], "start_line": 1}}}, "custom_components/electrolux/catalogs/catalog_hd.py": {"executed_lines": [3, 4, 5, 6, 12, 14], "summary": {"covered_lines": 6, "num_statements": 6, "percent_covered": 100.0, "percent_covered_display": "100", "missing_lines": 0, "excluded_lines": 0, "percent_statements_covered": 100.0, "percent_statements_covered_display": "100"}, "missing_lines": [], "excluded_lines": [], "functions": {"": {"executed_lines": [3, 4, 5, 6, 12, 14], "summary": {"covered_lines": 6, "num_statements": 6, "percent_covered": 100.0, "percent_covered_display": "100", "missing_lines": 0, "excluded_lines": 0, "percent_statements_covered": 100.0, "percent_statements_covered_display": "100"}, "missing_lines": [], "excluded_lines": [], "start_line": 1}}, "classes": {"": {"executed_lines": [3, 4, 5, 6, 12, 14], "summary": {"covered_lines": 6, "num_statements": 6, "percent_covered": 100.0, "percent_covered_display": "100", "missing_lines": 0, "excluded_lines": 0, "percent_statements_covered": 100.0, "percent_statements_covered_display": "100"}, "missing_lines": [], "excluded_lines": [], "start_line": 1}}}, "custom_components/electrolux/catalogs/catalog_ov.py": {"executed_lines": [3, 4, 5, 6, 7, 9, 10, 12], "summary": {"covered_lines": 8, "num_statements": 8, "percent_covered": 100.0, "percent_covered_display": "100", "missing_lines": 0, "excluded_lines": 0, "percent_statements_covered": 100.0, "percent_statements_covered_display": "100"}, "missing_lines": [], "excluded_lines": [], "functions": {"": {"executed_lines": [3, 4, 5, 6, 7, 9, 10, 12], "summary": {"covered_lines": 8, "num_statements": 8, "percent_covered": 100.0, "percent_covered_display": "100", "missing_lines": 0, "excluded_lines": 0, "percent_statements_covered": 100.0, "percent_statements_covered_display": "100"}, "missing_lines": [], "excluded_lines": [], "start_line": 1}}, "classes": {"": {"executed_lines": [3, 4, 5, 6, 7, 9, 10, 12], "summary": {"covered_lines": 8, "num_statements": 8, "percent_covered": 100.0, "percent_covered_display": "100", "missing_lines": 0, "excluded_lines": 0, "percent_statements_covered": 100.0, "percent_statements_covered_display": "100"}, "missing_lines": [], "excluded_lines": [], "start_line": 1}}}, "custom_components/electrolux/catalogs/catalog_rvc.py": {"executed_lines": [12, 13, 15, 19, 36], "summary": {"covered_lines": 5, "num_statements": 5, "percent_covered": 100.0, "percent_covered_display": "100", "missing_lines": 0, "excluded_lines": 0, "percent_statements_covered": 100.0, "percent_statements_covered_display": "100"}, "missing_lines": [], "excluded_lines": [], "functions": {"": {"executed_lines": [12, 13, 15, 19, 36], "summary": {"covered_lines": 5, "num_statements": 5, "percent_covered": 100.0, "percent_covered_display": "100", "missing_lines": 0, "excluded_lines": 0, "percent_statements_covered": 100.0, "percent_statements_covered_display": "100"}, "missing_lines": [], "excluded_lines": [], "start_line": 1}}, "classes": {"": {"executed_lines": [12, 13, 15, 19, 36], "summary": {"covered_lines": 5, "num_statements": 5, "percent_covered": 100.0, "percent_covered_display": "100", "missing_lines": 0, "excluded_lines": 0, "percent_statements_covered": 100.0, "percent_statements_covered_display": "100"}, "missing_lines": [], "excluded_lines": [], "start_line": 1}}}, "custom_components/electrolux/catalogs/catalog_so.py": {"executed_lines": [8, 9, 10, 11, 12, 14, 15, 18], "summary": {"covered_lines": 8, "num_statements": 8, "percent_covered": 100.0, "percent_covered_display": "100", "missing_lines": 0, "excluded_lines": 0, "percent_statements_covered": 100.0, "percent_statements_covered_display": "100"}, "missing_lines": [], "excluded_lines": [], "functions": {"": {"executed_lines": [8, 9, 10, 11, 12, 14, 15, 18], "summary": {"covered_lines": 8, "num_statements": 8, "percent_covered": 100.0, "percent_covered_display": "100", "missing_lines": 0, "excluded_lines": 0, "percent_statements_covered": 100.0, "percent_statements_covered_display": "100"}, "missing_lines": [], "excluded_lines": [], "start_line": 1}}, "classes": {"": {"executed_lines": [8, 9, 10, 11, 12, 14, 15, 18], "summary": {"covered_lines": 8, "num_statements": 8, "percent_covered": 100.0, "percent_covered_display": "100", "missing_lines": 0, "excluded_lines": 0, "percent_statements_covered": 100.0, "percent_statements_covered_display": "100"}, "missing_lines": [], "excluded_lines": [], "start_line": 1}}}, "custom_components/electrolux/catalogs/catalog_td.py": {"executed_lines": [3, 4, 5, 6, 7, 8, 10, 11, 13], "summary": {"covered_lines": 9, "num_statements": 9, "percent_covered": 100.0, "percent_covered_display": "100", "missing_lines": 0, "excluded_lines": 0, "percent_statements_covered": 100.0, "percent_statements_covered_display": "100"}, "missing_lines": [], "excluded_lines": [], "functions": {"": {"executed_lines": [3, 4, 5, 6, 7, 8, 10, 11, 13], "summary": {"covered_lines": 9, "num_statements": 9, "percent_covered": 100.0, "percent_covered_display": "100", "missing_lines": 0, "excluded_lines": 0, "percent_statements_covered": 100.0, "percent_statements_covered_display": "100"}, "missing_lines": [], "excluded_lines": [], "start_line": 1}}, "classes": {"": {"executed_lines": [3, 4, 5, 6, 7, 8, 10, 11, 13], "summary": {"covered_lines": 9, "num_statements": 9, "percent_covered": 100.0, "percent_covered_display": "100", "missing_lines": 0, "excluded_lines": 0, "percent_statements_covered": 100.0, "percent_statements_covered_display": "100"}, "missing_lines": [], "excluded_lines": [], "start_line": 1}}}, "custom_components/electrolux/catalogs/catalog_wd.py": {"executed_lines": [3, 4, 5, 6, 7, 8, 10, 18, 19, 21], "summary": {"covered_lines": 10, "num_statements": 10, "percent_covered": 100.0, "percent_covered_display": "100", "missing_lines": 0, "excluded_lines": 0, "percent_statements_covered": 100.0, "percent_statements_covered_display": "100"}, "missing_lines": [], "excluded_lines": [], "functions": {"": {"executed_lines": [3, 4, 5, 6, 7, 8, 10, 18, 19, 21], "summary": {"covered_lines": 10, "num_statements": 10, "percent_covered": 100.0, "percent_covered_display": "100", "missing_lines": 0, "excluded_lines": 0, "percent_statements_covered": 100.0, "percent_statements_covered_display": "100"}, "missing_lines": [], "excluded_lines": [], "start_line": 1}}, "classes": {"": {"executed_lines": [3, 4, 5, 6, 7, 8, 10, 18, 19, 21], "summary": {"covered_lines": 10, "num_statements": 10, "percent_covered": 100.0, "percent_covered_display": "100", "missing_lines": 0, "excluded_lines": 0, "percent_statements_covered": 100.0, "percent_statements_covered_display": "100"}, "missing_lines": [], "excluded_lines": [], "start_line": 1}}}, "custom_components/electrolux/catalogs/catalog_wm.py": {"executed_lines": [3, 4, 5, 6, 7, 8, 10, 19, 20, 22], "summary": {"covered_lines": 10, "num_statements": 10, "percent_covered": 100.0, "percent_covered_display": "100", "missing_lines": 0, "excluded_lines": 0, "percent_statements_covered": 100.0, "percent_statements_covered_display": "100"}, "missing_lines": [], "excluded_lines": [], "functions": {"": {"executed_lines": [3, 4, 5, 6, 7, 8, 10, 19, 20, 22], "summary": {"covered_lines": 10, "num_statements": 10, "percent_covered": 100.0, "percent_covered_display": "100", "missing_lines": 0, "excluded_lines": 0, "percent_statements_covered": 100.0, "percent_statements_covered_display": "100"}, "missing_lines": [], "excluded_lines": [], "start_line": 1}}, "classes": {"": {"executed_lines": [3, 4, 5, 6, 7, 8, 10, 19, 20, 22], "summary": {"covered_lines": 10, "num_statements": 10, "percent_covered": 100.0, "percent_covered_display": "100", "missing_lines": 0, "excluded_lines": 0, "percent_statements_covered": 100.0, "percent_statements_covered_display": "100"}, "missing_lines": [], "excluded_lines": [], "start_line": 1}}}, "custom_components/electrolux/climate.py": {"executed_lines": [3, 4, 6, 7, 12, 13, 14, 15, 17, 18, 19, 21, 24, 30, 31, 32, 33, 35, 37, 38, 39, 41, 51, 52, 53, 55, 71, 72, 77, 78, 81, 84, 102, 118, 122, 123, 124, 125, 126, 127, 130, 131, 133, 134, 136, 138, 139, 146, 147, 148, 150, 151, 155, 161, 162, 170, 172, 173, 175, 176, 177, 178, 180, 181, 183, 184, 185, 186, 188, 189, 191, 193, 194, 196, 198, 199, 202, 203, 204, 207, 208, 209, 216, 218, 220, 221, 223, 226, 227, 228, 229, 236, 237, 238, 240, 242, 243, 246, 247, 248, 249, 250, 255, 256, 257, 258, 260, 262, 263, 265, 266, 267, 268, 270, 271, 274, 275, 276, 277, 278, 280, 281, 283, 284, 285, 286, 288, 289, 292, 293, 294, 295, 296, 298, 299, 301, 304, 305, 306, 307, 309, 310, 312, 315, 316, 317, 318, 320, 321, 323, 326, 327, 328, 329, 331, 333, 334, 335, 337, 339, 341, 343, 344, 347, 350, 358, 359, 361, 363, 365, 367, 369, 383, 386, 389, 392, 395, 398, 404, 406, 407, 412, 414, 415, 416], "summary": {"covered_lines": 185, "num_statements": 186, "percent_covered": 99.46236559139786, "percent_covered_display": "99", "missing_lines": 1, "excluded_lines": 0, "percent_statements_covered": 99.46236559139786, "percent_statements_covered_display": "99"}, "missing_lines": [393], "excluded_lines": [], "functions": {"async_setup_entry": {"executed_lines": [30, 31, 32, 33, 35, 37, 38, 39, 41, 51, 52, 53, 55, 71, 72, 77, 78], "summary": {"covered_lines": 17, "num_statements": 17, "percent_covered": 100.0, "percent_covered_display": "100", "missing_lines": 0, "excluded_lines": 0, "percent_statements_covered": 100.0, "percent_statements_covered_display": "100"}, "missing_lines": [], "excluded_lines": [], "start_line": 24}, "ElectroluxClimate.__init__": {"executed_lines": [102, 118, 122, 123, 124, 125, 126, 127, 130, 131], "summary": {"covered_lines": 10, "num_statements": 10, "percent_covered": 100.0, "percent_covered_display": "100", "missing_lines": 0, "excluded_lines": 0, "percent_statements_covered": 100.0, "percent_statements_covered_display": "100"}, "missing_lines": [], "excluded_lines": [], "start_line": 84}, "ElectroluxClimate.entity_domain": {"executed_lines": [136], "summary": {"covered_lines": 1, "num_statements": 1, "percent_covered": 100.0, "percent_covered_display": "100", "missing_lines": 0, "excluded_lines": 0, "percent_statements_covered": 100.0, "percent_statements_covered_display": "100"}, "missing_lines": [], "excluded_lines": [], "start_line": 134}, "ElectroluxClimate.available": {"executed_lines": [146, 147, 148], "summary": {"covered_lines": 3, "num_statements": 3, "percent_covered": 100.0, "percent_covered_display": "100", "missing_lines": 0, "excluded_lines": 0, "percent_statements_covered": 100.0, "percent_statements_covered_display": "100"}, "missing_lines": [], "excluded_lines": [], "start_line": 139}, "ElectroluxClimate.supported_features": {"executed_lines": [155], "summary": {"covered_lines": 1, "num_statements": 1, "percent_covered": 100.0, "percent_covered_display": "100", "missing_lines": 0, "excluded_lines": 0, "percent_statements_covered": 100.0, "percent_statements_covered_display": "100"}, "missing_lines": [], "excluded_lines": [], "start_line": 151}, "ElectroluxClimate.temperature_unit": {"executed_lines": [170], "summary": {"covered_lines": 1, "num_statements": 1, "percent_covered": 100.0, "percent_covered_display": "100", "missing_lines": 0, "excluded_lines": 0, "percent_statements_covered": 100.0, "percent_statements_covered_display": "100"}, "missing_lines": [], "excluded_lines": [], "start_line": 162}, "ElectroluxClimate.current_temperature": {"executed_lines": [175, 176, 177, 178], "summary": {"covered_lines": 4, "num_statements": 4, "percent_covered": 100.0, "percent_covered_display": "100", "missing_lines": 0, "excluded_lines": 0, "percent_statements_covered": 100.0, "percent_statements_covered_display": "100"}, "missing_lines": [], "excluded_lines": [], "start_line": 173}, "ElectroluxClimate.target_temperature": {"executed_lines": [183, 184, 185, 186], "summary": {"covered_lines": 4, "num_statements": 4, "percent_covered": 100.0, "percent_covered_display": "100", "missing_lines": 0, "excluded_lines": 0, "percent_statements_covered": 100.0, "percent_statements_covered_display": "100"}, "missing_lines": [], "excluded_lines": [], "start_line": 181}, "ElectroluxClimate.target_temperature_high": {"executed_lines": [191], "summary": {"covered_lines": 1, "num_statements": 1, "percent_covered": 100.0, "percent_covered_display": "100", "missing_lines": 0, "excluded_lines": 0, "percent_statements_covered": 100.0, "percent_statements_covered_display": "100"}, "missing_lines": [], "excluded_lines": [], "start_line": 189}, "ElectroluxClimate.target_temperature_low": {"executed_lines": [196], "summary": {"covered_lines": 1, "num_statements": 1, "percent_covered": 100.0, "percent_covered_display": "100", "missing_lines": 0, "excluded_lines": 0, "percent_statements_covered": 100.0, "percent_statements_covered_display": "100"}, "missing_lines": [], "excluded_lines": [], "start_line": 194}, "ElectroluxClimate.hvac_mode": {"executed_lines": [202, 203, 204, 207, 208, 209, 216, 218], "summary": {"covered_lines": 8, "num_statements": 8, "percent_covered": 100.0, "percent_covered_display": "100", "missing_lines": 0, "excluded_lines": 0, "percent_statements_covered": 100.0, "percent_statements_covered_display": "100"}, "missing_lines": [], "excluded_lines": [], "start_line": 199}, "ElectroluxClimate.hvac_modes": {"executed_lines": [223, 226, 227, 228, 229, 236, 237, 238, 240], "summary": {"covered_lines": 9, "num_statements": 9, "percent_covered": 100.0, "percent_covered_display": "100", "missing_lines": 0, "excluded_lines": 0, "percent_statements_covered": 100.0, "percent_statements_covered_display": "100"}, "missing_lines": [], "excluded_lines": [], "start_line": 221}, "ElectroluxClimate.hvac_action": {"executed_lines": [246, 247, 248, 249, 250, 255, 256, 257, 258, 260], "summary": {"covered_lines": 10, "num_statements": 10, "percent_covered": 100.0, "percent_covered_display": "100", "missing_lines": 0, "excluded_lines": 0, "percent_statements_covered": 100.0, "percent_statements_covered_display": "100"}, "missing_lines": [], "excluded_lines": [], "start_line": 243}, "ElectroluxClimate.fan_mode": {"executed_lines": [265, 266, 267, 268], "summary": {"covered_lines": 4, "num_statements": 4, "percent_covered": 100.0, "percent_covered_display": "100", "missing_lines": 0, "excluded_lines": 0, "percent_statements_covered": 100.0, "percent_statements_covered_display": "100"}, "missing_lines": [], "excluded_lines": [], "start_line": 263}, "ElectroluxClimate.fan_modes": {"executed_lines": [274, 275, 276, 277, 278], "summary": {"covered_lines": 5, "num_statements": 5, "percent_covered": 100.0, "percent_covered_display": "100", "missing_lines": 0, "excluded_lines": 0, "percent_statements_covered": 100.0, "percent_statements_covered_display": "100"}, "missing_lines": [], "excluded_lines": [], "start_line": 271}, "ElectroluxClimate.swing_mode": {"executed_lines": [283, 284, 285, 286], "summary": {"covered_lines": 4, "num_statements": 4, "percent_covered": 100.0, "percent_covered_display": "100", "missing_lines": 0, "excluded_lines": 0, "percent_statements_covered": 100.0, "percent_statements_covered_display": "100"}, "missing_lines": [], "excluded_lines": [], "start_line": 281}, "ElectroluxClimate.swing_modes": {"executed_lines": [292, 293, 294, 295, 296], "summary": {"covered_lines": 5, "num_statements": 5, "percent_covered": 100.0, "percent_covered_display": "100", "missing_lines": 0, "excluded_lines": 0, "percent_statements_covered": 100.0, "percent_statements_covered_display": "100"}, "missing_lines": [], "excluded_lines": [], "start_line": 289}, "ElectroluxClimate.min_temp": {"executed_lines": [301, 304, 305, 306, 307], "summary": {"covered_lines": 5, "num_statements": 5, "percent_covered": 100.0, "percent_covered_display": "100", "missing_lines": 0, "excluded_lines": 0, "percent_statements_covered": 100.0, "percent_statements_covered_display": "100"}, "missing_lines": [], "excluded_lines": [], "start_line": 299}, "ElectroluxClimate.max_temp": {"executed_lines": [312, 315, 316, 317, 318], "summary": {"covered_lines"
[...]
ectroluxText.__init__": {"executed_lines": [70], "summary": {"covered_lines": 1, "num_statements": 1, "percent_covered": 100.0, "percent_covered_display": "100", "missing_lines": 0, "excluded_lines": 0, "percent_statements_covered": 100.0, "percent_statements_covered_display": "100"}, "missing_lines": [], "excluded_lines": [], "start_line": 52}, "ElectroluxText.entity_domain": {"executed_lines": [90], "summary": {"covered_lines": 1, "num_statements": 1, "percent_covered": 100.0, "percent_covered_display": "100", "missing_lines": 0, "excluded_lines": 0, "percent_statements_covered": 100.0, "percent_statements_covered_display": "100"}, "missing_lines": [], "excluded_lines": [], "start_line": 88}, "ElectroluxText.native_max_len": {"executed_lines": [95], "summary": {"covered_lines": 1, "num_statements": 1, "percent_covered": 100.0, "percent_covered_display": "100", "missing_lines": 0, "excluded_lines": 0, "percent_statements_covered": 100.0, "percent_statements_covered_display": "100"}, "missing_lines": [], "excluded_lines": [], "start_line": 93}, "ElectroluxText.native_min_len": {"executed_lines": [100], "summary": {"covered_lines": 1, "num_statements": 1, "percent_covered": 100.0, "percent_covered_display": "100", "missing_lines": 0, "excluded_lines": 0, "percent_statements_covered": 100.0, "percent_statements_covered_display": "100"}, "missing_lines": [], "excluded_lines": [], "start_line": 98}, "ElectroluxText.native_pattern": {"executed_lines": [105], "summary": {"covered_lines": 1, "num_statements": 1, "percent_covered": 100.0, "percent_covered_display": "100", "missing_lines": 0, "excluded_lines": 0, "percent_statements_covered": 100.0, "percent_statements_covered_display": "100"}, "missing_lines": [], "excluded_lines": [], "start_line": 103}, "ElectroluxText.native_mode": {"executed_lines": [110, 111, 112], "summary": {"covered_lines": 3, "num_statements": 3, "percent_covered": 100.0, "percent_covered_display": "100", "missing_lines": 0, "excluded_lines": 0, "percent_statements_covered": 100.0, "percent_statements_covered_display": "100"}, "missing_lines": [], "excluded_lines": [], "start_line": 108}, "ElectroluxText.native_value": {"executed_lines": [117, 118, 119, 120, 121, 122, 123, 124], "summary": {"covered_lines": 8, "num_statements": 8, "percent_covered": 100.0, "percent_covered_display": "100", "missing_lines": 0, "excluded_lines": 0, "percent_statements_covered": 100.0, "percent_statements_covered_display": "100"}, "missing_lines": [], "excluded_lines": [], "start_line": 115}, "ElectroluxText.async_set_value": {"executed_lines": [129, 130, 131, 137, 146, 149, 152, 153, 155, 156, 157, 159, 164, 165, 172, 174, 177, 178, 180, 181, 182, 185, 187, 188, 189, 190, 192, 193], "summary": {"covered_lines": 28, "num_statements": 28, "percent_covered": 100.0, "percent_covered_display": "100", "missing_lines": 0, "excluded_lines": 0, "percent_statements_covered": 100.0, "percent_statements_covered_display": "100"}, "missing_lines": [], "excluded_lines": [], "start_line": 126}, "": {"executed_lines": [4, 5, 7, 8, 9, 10, 11, 12, 14, 15, 16, 17, 18, 24, 25, 28, 49, 52, 87, 88, 92, 93, 97, 98, 102, 103, 107, 108, 114, 115, 126], "summary": {"covered_lines": 31, "num_statements": 31, "percent_covered": 100.0, "percent_covered_display": "100", "missing_lines": 0, "excluded_lines": 0, "percent_statements_covered": 100.0, "percent_statements_covered_display": "100"}, "missing_lines": [], "excluded_lines": [], "start_line": 1}}, "classes": {"ElectroluxText": {"executed_lines": [70, 90, 95, 100, 105, 110, 111, 112, 117, 118, 119, 120, 121, 122, 123, 124, 129, 130, 131, 137, 146, 149, 152, 153, 155, 156, 157, 159, 164, 165, 172, 174, 177, 178, 180, 181, 182, 185, 187, 188, 189, 190, 192, 193], "summary": {"covered_lines": 44, "num_statements": 44, "percent_covered": 100.0, "percent_covered_display": "100", "missing_lines": 0, "excluded_lines": 0, "percent_statements_covered": 100.0, "percent_statements_covered_display": "100"}, "missing_lines": [], "excluded_lines": [], "start_line": 49}, "": {"executed_lines": [4, 5, 7, 8, 9, 10, 11, 12, 14, 15, 16, 17, 18, 24, 25, 28, 34, 35, 36, 37, 40, 45, 46, 49, 52, 87, 88, 92, 93, 97, 98, 102, 103, 107, 108, 114, 115, 126], "summary": {"covered_lines": 38, "num_statements": 38, "percent_covered": 100.0, "percent_covered_display": "100", "missing_lines": 0, "excluded_lines": 0, "percent_statements_covered": 100.0, "percent_statements_covered_display": "100"}, "missing_lines": [], "excluded_lines": [], "start_line": 1}}}, "custom_components/electrolux/token_manager.py": {"executed_lines": [3, 4, 5, 6, 8, 9, 12, 15, 18, 22, 24, 26, 29, 37, 45, 48, 51, 52, 53, 54, 55, 56, 57, 58, 60, 70, 71, 74, 76, 77, 81, 82, 83, 86, 88, 92, 93, 96, 97, 99, 100, 104, 107, 108, 109, 110, 113, 114, 116, 118, 119, 120, 121, 122, 123, 124, 127, 129, 133, 135, 139, 141, 152, 153, 154, 158, 166, 167, 170, 174, 178, 179, 180, 181, 185, 188, 189, 192, 194, 195, 197, 198, 201, 203, 205, 210, 214, 215, 218, 221, 226, 227, 230, 231, 233, 236, 241, 246, 251, 252, 260, 261, 262, 263, 266, 269, 271, 272, 273, 276, 278, 282, 286, 287, 293, 294, 296, 297, 301, 303, 306, 309, 312, 313, 314, 315, 319, 321, 330, 331, 336, 340], "summary": {"covered_lines": 132, "num_statements": 134, "percent_covered": 98.50746268656717, "percent_covered_display": "99", "missing_lines": 2, "excluded_lines": 0, "percent_statements_covered": 98.50746268656717, "percent_statements_covered_display": "99"}, "missing_lines": [159, 163], "excluded_lines": [], "functions": {"ElectroluxTokenManager.__init__": {"executed_lines": [45, 48, 51, 52, 53, 54, 55, 56, 57, 58], "summary": {"covered_lines": 10, "num_statements": 10, "percent_covered": 100.0, "percent_covered_display": "100", "missing_lines": 0, "excluded_lines": 0, "percent_statements_covered": 100.0, "percent_statements_covered_display": "100"}, "missing_lines": [], "excluded_lines": [], "start_line": 37}, "ElectroluxTokenManager.is_token_valid": {"executed_lines": [70, 71, 74, 76, 77, 81, 82, 83, 86, 88, 92, 93, 96, 97, 99, 100, 104, 107, 108, 109, 110, 113, 114, 116, 118, 119, 120, 121, 122, 123, 124, 127], "summary": {"covered_lines": 32, "num_statements": 32, "percent_covered": 100.0, "percent_covered_display": "100", "missing_lines": 0, "excluded_lines": 0, "percent_statements_covered": 100.0, "percent_statements_covered_display": "100"}, "missing_lines": [], "excluded_lines": [], "start_line": 60}, "ElectroluxTokenManager.set_token_update_callback_with_expiry": {"executed_lines": [133], "summary": {"covered_lines": 1, "num_statements": 1, "percent_covered": 100.0, "percent_covered_display": "100", "missing_lines": 0, "excluded_lines": 0, "percent_statements_covered": 100.0, "percent_statements_covered_display": "100"}, "missing_lines": [], "excluded_lines": [], "start_line": 129}, "ElectroluxTokenManager.set_auth_error_callback": {"executed_lines": [139], "summary": {"covered_lines": 1, "num_statements": 1, "percent_covered": 100.0, "percent_covered_display": "100", "missing_lines": 0, "excluded_lines": 0, "percent_statements_covered": 100.0, "percent_statements_covered_display": "100"}, "missing_lines": [], "excluded_lines": [], "start_line": 135}, "ElectroluxTokenManager.refresh_token": {"executed_lines": [152, 153, 154, 158, 166, 167, 170, 174, 178, 179, 180, 181, 185, 188, 189, 192, 194, 195, 197, 198, 201, 203, 205, 210, 214, 215, 218, 221, 226, 227, 230, 231, 233, 236, 241, 246, 251, 252, 260, 261, 262, 263, 266, 269, 271, 272, 273, 276, 278, 282, 286, 287, 293, 294, 296, 297, 301, 303, 306, 309, 312, 313, 314, 315, 319], "summary": {"covered_lines": 65, "num_statements": 67, "percent_covered": 97.01492537313433, "percent_covered_display": "97", "missing_lines": 2, "excluded_lines": 0, "percent_statements_covered": 97.01492537313433, "percent_statements_covered_display": "97"}, "missing_lines": [159, 163], "excluded_lines": [], "start_line": 141}, "ElectroluxTokenManager.update_with_expiry": {"executed_lines": [330, 331, 336, 340], "summary": {"covered_lines": 4, "num_statements": 4, "percent_covered": 100.0, "percent_covered_display": "100", "missing_lines": 0, "excluded_lines": 0, "percent_statements_covered": 100.0, "percent_statements_covered_display": "100"}, "missing_lines": [], "excluded_lines": [], "start_line": 321}, "": {"executed_lines": [3, 4, 5, 6, 8, 9, 12, 15, 18, 22, 24, 26, 29, 37, 60, 129, 135, 141, 321], "summary": {"covered_lines": 19, "num_statements": 19, "percent_covered": 100.0, "percent_covered_display": "100", "missing_lines": 0, "excluded_lines": 0, "percent_statements_covered": 100.0, "percent_statements_covered_display": "100"}, "missing_lines": [], "excluded_lines": [], "start_line": 1}}, "classes": {"ElectroluxTokenManager": {"executed_lines": [45, 48, 51, 52, 53, 54, 55, 56, 57, 58, 70, 71, 74, 76, 77, 81, 82, 83, 86, 88, 92, 93, 96, 97, 99, 100, 104, 107, 108, 109, 110, 113, 114, 116, 118, 119, 120, 121, 122, 123, 124, 127, 133, 139, 152, 153, 154, 158, 166, 167, 170, 174, 178, 179, 180, 181, 185, 188, 189, 192, 194, 195, 197, 198, 201, 203, 205, 210, 214, 215, 218, 221, 226, 227, 230, 231, 233, 236, 241, 246, 251, 252, 260, 261, 262, 263, 266, 269, 271, 272, 273, 276, 278, 282, 286, 287, 293, 294, 296, 297, 301, 303, 306, 309, 312, 313, 314, 315, 319, 330, 331, 336, 340], "summary": {"covered_lines": 113, "num_statements": 115, "percent_covered": 98.26086956521739, "percent_covered_display": "98", "missing_lines": 2, "excluded_lines": 0, "percent_statements_covered": 98.26086956521739, "percent_statements_covered_display": "98"}, "missing_lines": [159, 163], "excluded_lines": [], "start_line": 29}, "": {"executed_lines": [3, 4, 5, 6, 8, 9, 12, 15, 18, 22, 24, 26, 29, 37, 60, 129, 135, 141, 321], "summary": {"covered_lines": 19, "num_statements": 19, "percent_covered": 100.0, "percent_covered_display": "100", "missing_lines": 0, "excluded_lines": 0, "percent_statements_covered": 100.0, "percent_statements_covered_display": "100"}, "missing_lines": [], "excluded_lines": [], "start_line": 1}}}, "custom_components/electrolux/util.py": {"executed_lines": [3, 4, 5, 6, 7, 9, 10, 11, 13, 14, 23, 33, 35, 38, 40, 41, 42, 43, 44, 45, 47, 50, 60, 64, 65, 70, 73, 74, 75, 76, 79, 84, 93, 95, 96, 97, 98, 99, 102, 104, 105, 106, 107, 108, 111, 113, 114, 115, 118, 120, 121, 122, 125, 149, 151, 152, 153, 154, 156, 158, 163, 165, 166, 168, 202, 236, 238, 239, 240, 241, 242, 243, 244, 245, 248, 256, 258, 259, 260, 261, 262, 263, 265, 266, 269, 270, 272, 273, 275, 286, 288, 299, 301, 311, 313, 324, 326, 337, 339, 340, 342, 345, 368, 369, 380, 385, 388, 389, 390, 392, 393, 394, 395, 396, 397, 400, 401, 402, 403, 404, 405, 406, 407, 408, 409, 410, 411, 413, 414, 415, 416, 419, 420, 422, 423, 424, 426, 427, 428, 429, 430, 432, 435, 436, 437, 438, 439, 440, 442, 445, 446, 454, 469, 470, 473, 474, 475, 476, 477, 478, 485, 488, 489, 491, 492, 493, 498, 499, 501, 505, 509, 511, 513, 515, 516, 518, 526, 529, 530, 531, 538, 546, 547, 554, 555, 558, 560, 561, 562, 563, 564, 571, 573, 574, 576, 577, 578, 583, 584, 586, 590, 594, 596, 597, 599, 600, 602, 609, 612, 615, 616, 623, 630, 641, 648, 655, 665, 672, 678, 689, 690, 691, 692, 693, 695, 699, 700, 702, 704, 705, 706, 708, 710, 717, 720, 727, 730, 745, 746, 748, 749, 751, 754, 757, 773, 775, 776, 777, 780, 782, 784, 785, 787, 788, 790, 792, 800, 801, 804, 805, 808, 809, 810, 811, 814, 816, 817, 819, 822, 823, 824, 825, 831, 832, 834, 836, 837, 840, 842, 844, 846, 848, 850, 851, 853, 855, 856, 857, 862, 863, 866, 867, 868, 869, 871, 878, 881, 885, 886, 887], "summary": {"covered_lines": 300, "num_statements": 301, "percent_covered": 99.66777408637874, "percent_covered_display": "99", "missing_lines": 1, "excluded_lines": 0, "percent_statements_covered": 99.66777408637874, "percent_statements_covered_display": "99"}, "missing_lines": [859], "excluded_lines": [], "functions": {"should_send_notification": {"executed_lines": [40, 41, 42, 43, 44, 45, 47], "summary": {"covered_lines": 7, "num_statements": 7, "percent_covered": 100.0, "percent_covered_display": "100", "missing_lines": 0, "excluded_lines": 0, "percent_statements_covered": 100.0, "percent_statements_covered_display": "100"}, "missing_lines": [], "excluded_lines": [], "start_line": 38}, "create_notification": {"executed_lines": [60, 64, 65, 70, 73, 74, 75, 76, 79, 84], "summary": {"covered_lines": 10, "num_statements": 10, "percent_covered": 100.0, "percent_covered_display": "100", "missing_lines": 0, "excluded_lines": 0, "percent_statements_covered": 100.0, "percent_statements_covered_display": "100"}, "missing_lines": [], "excluded_lines": [], "start_line": 50}, "time_seconds_to_minutes": {"executed_lines": [95, 96, 97, 98, 99], "summary": {"covered_lines": 5, "num_statements": 5, "percent_covered": 100.0, "percent_covered_display": "100", "missing_lines": 0, "excluded_lines": 0, "percent_statements_covered": 100.0, "percent_statements_covered_display": "100"}, "missing_lines": [], "excluded_lines": [], "start_line": 93}, "time_minutes_to_seconds": {"executed_lines": [104, 105, 106, 107, 108], "summary": {"covered_lines": 5, "num_statements": 5, "percent_covered": 100.0, "percent_covered_display": "100", "missing_lines": 0, "excluded_lines": 0, "percent_statements_covered": 100.0, "percent_statements_covered_display": "100"}, "missing_lines": [], "excluded_lines": [], "start_line": 102}, "celsius_to_fahrenheit": {"executed_lines": [113, 114, 115], "summary": {"covered_lines": 3, "num_statements": 3, "percent_covered": 100.0, "percent_covered_display": "100", "missing_lines": 0, "excluded_lines": 0, "percent_statements_covered": 100.0, "percent_statements_covered_display": "100"}, "missing_lines": [], "excluded_lines": [], "start_line": 111}, "fahrenheit_to_celsius": {"executed_lines": [120, 121, 122], "summary": {"covered_lines": 3, "num_statements": 3, "percent_covered": 100.0, "percent_covered_display": "100", "missing_lines": 0, "excluded_lines": 0, "percent_statements_covered": 100.0, "percent_statements_covered_display": "100"}, "missing_lines": [], "excluded_lines": [], "start_line": 118}, "execute_command_with_error_handling": {"executed_lines": [149, 151, 152, 153, 154, 156, 158], "summary": {"covered_lines": 7, "num_statements": 7, "percent_covered": 100.0, "percent_covered_display": "100", "missing_lines": 0, "excluded_lines": 0, "percent_statements_covered": 100.0, "percent_statements_covered_display": "100"}, "missing_lines": [], "excluded_lines": [], "start_line": 125}, "string_to_boolean": {"executed_lines": [165, 166, 168, 202, 236, 238, 239, 240, 241, 242, 243, 244, 245], "summary": {"covered_lines": 13, "num_statements": 13, "percent_covered": 100.0, "percent_covered_display": "100", "missing_lines": 0, "excluded_lines": 0, "percent_statements_covered": 100.0, "percent_statements_covered_display": "100"}, "missing_lines": [], "excluded_lines": [], "start_line": 163}, "_parse_error_detail_for_user_message": {"executed_lines": [256, 258, 259, 260, 261, 262, 263, 265, 266, 269, 270, 272, 273, 275, 286, 288, 299, 301, 311, 313, 324, 326, 337, 339, 340, 342], "summary": {"covered_lines": 26, "num_statements": 26, "percent_covered": 100.0, "percent_covered_display": "100", "missing_lines": 0, "excluded_lines": 0, "percent_statements_covered": 100.0, "percent_statements_covered_display": "100"}, "missing_lines": [], "excluded_lines": [], "start_line": 248}, "map_command_error_to_home_assistant_error": {"executed_lines": [368, 369, 380, 385, 388, 389, 390, 392, 393, 394, 395, 396, 397, 400, 401, 402, 403, 404, 405, 406, 407, 408, 409, 410, 411, 413, 414, 415, 416, 419, 420, 422, 423, 424, 426, 427, 428, 429, 430, 432, 435, 436, 437, 438, 439, 440, 442, 445, 446, 454, 469, 470, 473, 474, 475, 476, 477, 478, 485, 488, 489, 491, 492, 493, 498, 499, 501, 505, 509, 511, 513, 515, 516, 518, 526, 529, 530, 531, 538, 546, 547, 554, 555, 558, 560, 561, 562, 563, 564, 571, 573, 574, 576, 577, 578, 583, 584, 586, 590, 594, 596, 597, 599, 600, 602, 609, 612, 615, 616, 623, 630, 641, 648, 655, 665, 672, 678, 689, 690, 691, 692, 693, 695, 699, 700, 702, 704, 705, 706, 708, 710, 717, 720, 727], "summary": {"covered_lines": 134, "num_statements": 134, "percent_covered": 100.0, "percent_covered_display": "100", "missing_lines": 0, "excluded_lines": 0, "percent_statements_covered": 100.0, "percent_statements_covered_display": "100"}, "missing_lines": [], "excluded_lines": [], "start_line": 345}, "get_capability": {"executed_lines": [745, 746, 748, 749, 751, 754], "summary": {"covered_lines": 6, "num_statements": 6, "percent_covered": 100.0, "percent_covered_display": "100", "missing_lines": 0, "excluded_lines": 0, "percent_statements_covered": 100.0, "percent_statements_covered_display": "100"}, "missing_lines": [], "excluded_lines": [], "start_line": 730}, "format_command_for_appliance": {"executed_lines": [773, 775, 776, 777, 780, 782, 784, 785, 787, 788, 790, 792, 800, 801, 804, 805, 808, 809, 810, 811, 814, 816, 817, 819, 822, 823, 824, 825, 831, 832, 834, 836, 837, 840, 842, 844, 846, 848, 850, 851, 853, 855, 856, 857, 862, 863, 866, 867, 868, 869, 871, 878, 881, 885, 886, 887], "summary": {"covered_lines": 56, "num_statements": 57, "percent_covered": 98.24561403508773, "percent_covered_display": "98", "missing_lines": 1, "excluded_lines": 0, "percent_statements_covered": 98.24561403508773, "percent_statements_covered_display": "98"}, "missing_lines": [859], "excluded_lines": [], "start_line": 757}, "": {"executed_lines": [3, 4, 5, 6, 7, 9, 10, 11, 13, 14, 23, 33, 35, 38, 50, 93, 102, 111, 118, 125, 163, 248, 345, 730, 757], "summary": {"covered_lines": 25, "num_statements": 25, "percent_covered": 100.0, "percent_covered_display": "100", "missing_lines": 0, "excluded_lines": 0, "percent_statements_covered": 100.0, "percent_statements_covered_display": "100"}, "missing_lines": [], "excluded_lines": [], "start_line": 1}}, "classes": {"": {"executed_lines": [3, 4, 5, 6, 7, 9, 10, 11, 13, 14, 23, 33, 35, 38, 40, 41, 42, 43, 44, 45, 47, 50, 60, 64, 65, 70, 73, 74, 75, 76, 79, 84, 93, 95, 96, 97, 98, 99, 102, 104, 105, 106, 107, 108, 111, 113, 114, 115, 118, 120, 121, 122, 125, 149, 151, 152, 153, 154, 156, 158, 163, 165, 166, 168, 202, 236, 238, 239, 240, 241, 242, 243, 244, 245, 248, 256, 258, 259, 260, 261, 262, 263, 265, 266, 269, 270, 272, 273, 275, 286, 288, 299, 301, 311, 313, 324, 326, 337, 339, 340, 342, 345, 368, 369, 380, 385, 388, 389, 390, 392, 393, 394, 395, 396, 397, 400, 401, 402, 403, 404, 405, 406, 407, 408, 409, 410, 411, 413, 414, 415, 416, 419, 420, 422, 423, 424, 426, 427, 428, 429, 430, 432, 435, 436, 437, 438, 439, 440, 442, 445, 446, 454, 469, 470, 473, 474, 475, 476, 477, 478, 485, 488, 489, 491, 492, 493, 498, 499, 501, 505, 509, 511, 513, 515, 516, 518, 526, 529, 530, 531, 538, 546, 547, 554, 555, 558, 560, 561, 562, 563, 564, 571, 573, 574, 576, 577, 578, 583, 584, 586, 590, 594, 596, 597, 599, 600, 602, 609, 612, 615, 616, 623, 630, 641, 648, 655, 665, 672, 678, 689, 690, 691, 692, 693, 695, 699, 700, 702, 704, 705, 706, 708, 710, 717, 720, 727, 730, 745, 746, 748, 749, 751, 754, 757, 773, 775, 776, 777, 780, 782, 784, 785, 787, 788, 790, 792, 800, 801, 804, 805, 808, 809, 810, 811, 814, 816, 817, 819, 822, 823, 824, 825, 831, 832, 834, 836, 837, 840, 842, 844, 846, 848, 850, 851, 853, 855, 856, 857, 862, 863, 866, 867, 868, 869, 871, 878, 881, 885, 886, 887], "summary": {"covered_lines": 300, "num_statements": 301, "percent_covered": 99.66777408637874, "percent_covered_display": "99", "missing_lines": 1, "excluded_lines": 0, "percent_statements_covered": 99.66777408637874, "percent_statements_covered_display": "99"}, "missing_lines": [859], "excluded_lines": [], "start_line": 1}}}}, "totals": {"covered_lines": 4619, "num_statements": 4679, "percent_covered": 98.71767471681983, "percent_covered_display": "99", "missing_lines": 60, "excluded_lines": 3, "percent_statements_covered": 98.71767471681983, "percent_statements_covered_display": "99"}}